ARM GAS  /tmp/cc6jLI3e.s 			page 1


   1              		.cpu cortex-m3
   2              		.eabi_attribute 20, 1
   3              		.eabi_attribute 21, 1
   4              		.eabi_attribute 23, 3
   5              		.eabi_attribute 24, 1
   6              		.eabi_attribute 25, 1
   7              		.eabi_attribute 26, 1
   8              		.eabi_attribute 30, 1
   9              		.eabi_attribute 34, 1
  10              		.eabi_attribute 18, 4
  11              		.file	"stm32f1xx_hal_gpio.c"
  12              		.text
  13              	.Ltext0:
  14              		.cfi_sections	.debug_frame
  15              		.section	.text.HAL_GPIO_Init,"ax",%progbits
  16              		.align	1
  17              		.global	HAL_GPIO_Init
  18              		.syntax unified
  19              		.thumb
  20              		.thumb_func
  21              		.fpu softvfp
  23              	HAL_GPIO_Init:
  24              	.LFB65:
  25              		.file 1 "Drivers/STM32F1xx_HAL_Driver/Src/stm32f1xx_hal_gpio.c"
   1:Drivers/STM32F1xx_HAL_Driver/Src/stm32f1xx_hal_gpio.c **** /**
   2:Drivers/STM32F1xx_HAL_Driver/Src/stm32f1xx_hal_gpio.c ****   ******************************************************************************
   3:Drivers/STM32F1xx_HAL_Driver/Src/stm32f1xx_hal_gpio.c ****   * @file    stm32f1xx_hal_gpio.c
   4:Drivers/STM32F1xx_HAL_Driver/Src/stm32f1xx_hal_gpio.c ****   * @author  MCD Application Team
   5:Drivers/STM32F1xx_HAL_Driver/Src/stm32f1xx_hal_gpio.c ****   * @brief   GPIO HAL module driver.
   6:Drivers/STM32F1xx_HAL_Driver/Src/stm32f1xx_hal_gpio.c ****   *          This file provides firmware functions to manage the following
   7:Drivers/STM32F1xx_HAL_Driver/Src/stm32f1xx_hal_gpio.c ****   *          functionalities of the General Purpose Input/Output (GPIO) peripheral:
   8:Drivers/STM32F1xx_HAL_Driver/Src/stm32f1xx_hal_gpio.c ****   *           + Initialization and de-initialization functions
   9:Drivers/STM32F1xx_HAL_Driver/Src/stm32f1xx_hal_gpio.c ****   *           + IO operation functions
  10:Drivers/STM32F1xx_HAL_Driver/Src/stm32f1xx_hal_gpio.c ****   *
  11:Drivers/STM32F1xx_HAL_Driver/Src/stm32f1xx_hal_gpio.c ****   @verbatim
  12:Drivers/STM32F1xx_HAL_Driver/Src/stm32f1xx_hal_gpio.c ****   ==============================================================================
  13:Drivers/STM32F1xx_HAL_Driver/Src/stm32f1xx_hal_gpio.c ****                     ##### GPIO Peripheral features #####
  14:Drivers/STM32F1xx_HAL_Driver/Src/stm32f1xx_hal_gpio.c ****   ==============================================================================
  15:Drivers/STM32F1xx_HAL_Driver/Src/stm32f1xx_hal_gpio.c ****   [..]
  16:Drivers/STM32F1xx_HAL_Driver/Src/stm32f1xx_hal_gpio.c ****   Subject to the specific hardware characteristics of each I/O port listed in the datasheet, each
  17:Drivers/STM32F1xx_HAL_Driver/Src/stm32f1xx_hal_gpio.c ****   port bit of the General Purpose IO (GPIO) Ports, can be individually configured by software
  18:Drivers/STM32F1xx_HAL_Driver/Src/stm32f1xx_hal_gpio.c ****   in several modes:
  19:Drivers/STM32F1xx_HAL_Driver/Src/stm32f1xx_hal_gpio.c ****   (+) Input mode
  20:Drivers/STM32F1xx_HAL_Driver/Src/stm32f1xx_hal_gpio.c ****   (+) Analog mode
  21:Drivers/STM32F1xx_HAL_Driver/Src/stm32f1xx_hal_gpio.c ****   (+) Output mode
  22:Drivers/STM32F1xx_HAL_Driver/Src/stm32f1xx_hal_gpio.c ****   (+) Alternate function mode
  23:Drivers/STM32F1xx_HAL_Driver/Src/stm32f1xx_hal_gpio.c ****   (+) External interrupt/event lines
  24:Drivers/STM32F1xx_HAL_Driver/Src/stm32f1xx_hal_gpio.c **** 
  25:Drivers/STM32F1xx_HAL_Driver/Src/stm32f1xx_hal_gpio.c ****   [..]
  26:Drivers/STM32F1xx_HAL_Driver/Src/stm32f1xx_hal_gpio.c ****   During and just after reset, the alternate functions and external interrupt
  27:Drivers/STM32F1xx_HAL_Driver/Src/stm32f1xx_hal_gpio.c ****   lines are not active and the I/O ports are configured in input floating mode.
  28:Drivers/STM32F1xx_HAL_Driver/Src/stm32f1xx_hal_gpio.c **** 
  29:Drivers/STM32F1xx_HAL_Driver/Src/stm32f1xx_hal_gpio.c ****   [..]
  30:Drivers/STM32F1xx_HAL_Driver/Src/stm32f1xx_hal_gpio.c ****   All GPIO pins have weak internal pull-up and pull-down resistors, which can be
  31:Drivers/STM32F1xx_HAL_Driver/Src/stm32f1xx_hal_gpio.c ****   activated or not.
  32:Drivers/STM32F1xx_HAL_Driver/Src/stm32f1xx_hal_gpio.c **** 
  33:Drivers/STM32F1xx_HAL_Driver/Src/stm32f1xx_hal_gpio.c ****   [..]
ARM GAS  /tmp/cc6jLI3e.s 			page 2


  34:Drivers/STM32F1xx_HAL_Driver/Src/stm32f1xx_hal_gpio.c ****   In Output or Alternate mode, each IO can be configured on open-drain or push-pull
  35:Drivers/STM32F1xx_HAL_Driver/Src/stm32f1xx_hal_gpio.c ****   type and the IO speed can be selected depending on the VDD value.
  36:Drivers/STM32F1xx_HAL_Driver/Src/stm32f1xx_hal_gpio.c **** 
  37:Drivers/STM32F1xx_HAL_Driver/Src/stm32f1xx_hal_gpio.c ****   [..]
  38:Drivers/STM32F1xx_HAL_Driver/Src/stm32f1xx_hal_gpio.c ****   All ports have external interrupt/event capability. To use external interrupt
  39:Drivers/STM32F1xx_HAL_Driver/Src/stm32f1xx_hal_gpio.c ****   lines, the port must be configured in input mode. All available GPIO pins are
  40:Drivers/STM32F1xx_HAL_Driver/Src/stm32f1xx_hal_gpio.c ****   connected to the 16 external interrupt/event lines from EXTI0 to EXTI15.
  41:Drivers/STM32F1xx_HAL_Driver/Src/stm32f1xx_hal_gpio.c **** 
  42:Drivers/STM32F1xx_HAL_Driver/Src/stm32f1xx_hal_gpio.c ****   [..]
  43:Drivers/STM32F1xx_HAL_Driver/Src/stm32f1xx_hal_gpio.c ****   The external interrupt/event controller consists of up to 20 edge detectors in connectivity
  44:Drivers/STM32F1xx_HAL_Driver/Src/stm32f1xx_hal_gpio.c ****   line devices, or 19 edge detectors in other devices for generating event/interrupt requests.
  45:Drivers/STM32F1xx_HAL_Driver/Src/stm32f1xx_hal_gpio.c ****   Each input line can be independently configured to select the type (event or interrupt) and
  46:Drivers/STM32F1xx_HAL_Driver/Src/stm32f1xx_hal_gpio.c ****   the corresponding trigger event (rising or falling or both). Each line can also masked
  47:Drivers/STM32F1xx_HAL_Driver/Src/stm32f1xx_hal_gpio.c ****   independently. A pending register maintains the status line of the interrupt requests
  48:Drivers/STM32F1xx_HAL_Driver/Src/stm32f1xx_hal_gpio.c **** 
  49:Drivers/STM32F1xx_HAL_Driver/Src/stm32f1xx_hal_gpio.c ****                      ##### How to use this driver #####
  50:Drivers/STM32F1xx_HAL_Driver/Src/stm32f1xx_hal_gpio.c ****   ==============================================================================
  51:Drivers/STM32F1xx_HAL_Driver/Src/stm32f1xx_hal_gpio.c ****  [..]
  52:Drivers/STM32F1xx_HAL_Driver/Src/stm32f1xx_hal_gpio.c ****    (#) Enable the GPIO APB2 clock using the following function : __HAL_RCC_GPIOx_CLK_ENABLE().
  53:Drivers/STM32F1xx_HAL_Driver/Src/stm32f1xx_hal_gpio.c **** 
  54:Drivers/STM32F1xx_HAL_Driver/Src/stm32f1xx_hal_gpio.c ****    (#) Configure the GPIO pin(s) using HAL_GPIO_Init().
  55:Drivers/STM32F1xx_HAL_Driver/Src/stm32f1xx_hal_gpio.c ****        (++) Configure the IO mode using "Mode" member from GPIO_InitTypeDef structure
  56:Drivers/STM32F1xx_HAL_Driver/Src/stm32f1xx_hal_gpio.c ****        (++) Activate Pull-up, Pull-down resistor using "Pull" member from GPIO_InitTypeDef
  57:Drivers/STM32F1xx_HAL_Driver/Src/stm32f1xx_hal_gpio.c ****             structure.
  58:Drivers/STM32F1xx_HAL_Driver/Src/stm32f1xx_hal_gpio.c ****        (++) In case of Output or alternate function mode selection: the speed is
  59:Drivers/STM32F1xx_HAL_Driver/Src/stm32f1xx_hal_gpio.c ****             configured through "Speed" member from GPIO_InitTypeDef structure
  60:Drivers/STM32F1xx_HAL_Driver/Src/stm32f1xx_hal_gpio.c ****        (++) Analog mode is required when a pin is to be used as ADC channel
  61:Drivers/STM32F1xx_HAL_Driver/Src/stm32f1xx_hal_gpio.c ****             or DAC output.
  62:Drivers/STM32F1xx_HAL_Driver/Src/stm32f1xx_hal_gpio.c ****        (++) In case of external interrupt/event selection the "Mode" member from
  63:Drivers/STM32F1xx_HAL_Driver/Src/stm32f1xx_hal_gpio.c ****             GPIO_InitTypeDef structure select the type (interrupt or event) and
  64:Drivers/STM32F1xx_HAL_Driver/Src/stm32f1xx_hal_gpio.c ****             the corresponding trigger event (rising or falling or both).
  65:Drivers/STM32F1xx_HAL_Driver/Src/stm32f1xx_hal_gpio.c **** 
  66:Drivers/STM32F1xx_HAL_Driver/Src/stm32f1xx_hal_gpio.c ****    (#) In case of external interrupt/event mode selection, configure NVIC IRQ priority
  67:Drivers/STM32F1xx_HAL_Driver/Src/stm32f1xx_hal_gpio.c ****        mapped to the EXTI line using HAL_NVIC_SetPriority() and enable it using
  68:Drivers/STM32F1xx_HAL_Driver/Src/stm32f1xx_hal_gpio.c ****        HAL_NVIC_EnableIRQ().
  69:Drivers/STM32F1xx_HAL_Driver/Src/stm32f1xx_hal_gpio.c **** 
  70:Drivers/STM32F1xx_HAL_Driver/Src/stm32f1xx_hal_gpio.c ****    (#) To get the level of a pin configured in input mode use HAL_GPIO_ReadPin().
  71:Drivers/STM32F1xx_HAL_Driver/Src/stm32f1xx_hal_gpio.c **** 
  72:Drivers/STM32F1xx_HAL_Driver/Src/stm32f1xx_hal_gpio.c ****    (#) To set/reset the level of a pin configured in output mode use
  73:Drivers/STM32F1xx_HAL_Driver/Src/stm32f1xx_hal_gpio.c ****        HAL_GPIO_WritePin()/HAL_GPIO_TogglePin().
  74:Drivers/STM32F1xx_HAL_Driver/Src/stm32f1xx_hal_gpio.c **** 
  75:Drivers/STM32F1xx_HAL_Driver/Src/stm32f1xx_hal_gpio.c ****    (#) To lock pin configuration until next reset use HAL_GPIO_LockPin().
  76:Drivers/STM32F1xx_HAL_Driver/Src/stm32f1xx_hal_gpio.c **** 
  77:Drivers/STM32F1xx_HAL_Driver/Src/stm32f1xx_hal_gpio.c ****    (#) During and just after reset, the alternate functions are not
  78:Drivers/STM32F1xx_HAL_Driver/Src/stm32f1xx_hal_gpio.c ****        active and the GPIO pins are configured in input floating mode (except JTAG
  79:Drivers/STM32F1xx_HAL_Driver/Src/stm32f1xx_hal_gpio.c ****        pins).
  80:Drivers/STM32F1xx_HAL_Driver/Src/stm32f1xx_hal_gpio.c **** 
  81:Drivers/STM32F1xx_HAL_Driver/Src/stm32f1xx_hal_gpio.c ****    (#) The LSE oscillator pins OSC32_IN and OSC32_OUT can be used as general purpose
  82:Drivers/STM32F1xx_HAL_Driver/Src/stm32f1xx_hal_gpio.c ****        (PC14 and PC15, respectively) when the LSE oscillator is off. The LSE has
  83:Drivers/STM32F1xx_HAL_Driver/Src/stm32f1xx_hal_gpio.c ****        priority over the GPIO function.
  84:Drivers/STM32F1xx_HAL_Driver/Src/stm32f1xx_hal_gpio.c **** 
  85:Drivers/STM32F1xx_HAL_Driver/Src/stm32f1xx_hal_gpio.c ****    (#) The HSE oscillator pins OSC_IN/OSC_OUT can be used as
  86:Drivers/STM32F1xx_HAL_Driver/Src/stm32f1xx_hal_gpio.c ****        general purpose PD0 and PD1, respectively, when the HSE oscillator is off.
  87:Drivers/STM32F1xx_HAL_Driver/Src/stm32f1xx_hal_gpio.c ****        The HSE has priority over the GPIO function.
  88:Drivers/STM32F1xx_HAL_Driver/Src/stm32f1xx_hal_gpio.c **** 
  89:Drivers/STM32F1xx_HAL_Driver/Src/stm32f1xx_hal_gpio.c ****   @endverbatim
  90:Drivers/STM32F1xx_HAL_Driver/Src/stm32f1xx_hal_gpio.c ****   ******************************************************************************
ARM GAS  /tmp/cc6jLI3e.s 			page 3


  91:Drivers/STM32F1xx_HAL_Driver/Src/stm32f1xx_hal_gpio.c ****   * @attention
  92:Drivers/STM32F1xx_HAL_Driver/Src/stm32f1xx_hal_gpio.c ****   *
  93:Drivers/STM32F1xx_HAL_Driver/Src/stm32f1xx_hal_gpio.c ****   * <h2><center>&copy; Copyright (c) 2016 STMicroelectronics.
  94:Drivers/STM32F1xx_HAL_Driver/Src/stm32f1xx_hal_gpio.c ****   * All rights reserved.</center></h2>
  95:Drivers/STM32F1xx_HAL_Driver/Src/stm32f1xx_hal_gpio.c ****   *
  96:Drivers/STM32F1xx_HAL_Driver/Src/stm32f1xx_hal_gpio.c ****   * This software component is licensed by ST under BSD 3-Clause license,
  97:Drivers/STM32F1xx_HAL_Driver/Src/stm32f1xx_hal_gpio.c ****   * the "License"; You may not use this file except in compliance with the
  98:Drivers/STM32F1xx_HAL_Driver/Src/stm32f1xx_hal_gpio.c ****   * License. You may obtain a copy of the License at:
  99:Drivers/STM32F1xx_HAL_Driver/Src/stm32f1xx_hal_gpio.c ****   *                        opensource.org/licenses/BSD-3-Clause
 100:Drivers/STM32F1xx_HAL_Driver/Src/stm32f1xx_hal_gpio.c ****   *
 101:Drivers/STM32F1xx_HAL_Driver/Src/stm32f1xx_hal_gpio.c ****   ******************************************************************************
 102:Drivers/STM32F1xx_HAL_Driver/Src/stm32f1xx_hal_gpio.c ****   */
 103:Drivers/STM32F1xx_HAL_Driver/Src/stm32f1xx_hal_gpio.c **** 
 104:Drivers/STM32F1xx_HAL_Driver/Src/stm32f1xx_hal_gpio.c **** /* Includes ------------------------------------------------------------------*/
 105:Drivers/STM32F1xx_HAL_Driver/Src/stm32f1xx_hal_gpio.c **** #include "stm32f1xx_hal.h"
 106:Drivers/STM32F1xx_HAL_Driver/Src/stm32f1xx_hal_gpio.c **** 
 107:Drivers/STM32F1xx_HAL_Driver/Src/stm32f1xx_hal_gpio.c **** /** @addtogroup STM32F1xx_HAL_Driver
 108:Drivers/STM32F1xx_HAL_Driver/Src/stm32f1xx_hal_gpio.c ****   * @{
 109:Drivers/STM32F1xx_HAL_Driver/Src/stm32f1xx_hal_gpio.c ****   */
 110:Drivers/STM32F1xx_HAL_Driver/Src/stm32f1xx_hal_gpio.c **** 
 111:Drivers/STM32F1xx_HAL_Driver/Src/stm32f1xx_hal_gpio.c **** /** @defgroup GPIO GPIO
 112:Drivers/STM32F1xx_HAL_Driver/Src/stm32f1xx_hal_gpio.c ****   * @brief GPIO HAL module driver
 113:Drivers/STM32F1xx_HAL_Driver/Src/stm32f1xx_hal_gpio.c ****   * @{
 114:Drivers/STM32F1xx_HAL_Driver/Src/stm32f1xx_hal_gpio.c ****   */
 115:Drivers/STM32F1xx_HAL_Driver/Src/stm32f1xx_hal_gpio.c **** 
 116:Drivers/STM32F1xx_HAL_Driver/Src/stm32f1xx_hal_gpio.c **** #ifdef HAL_GPIO_MODULE_ENABLED
 117:Drivers/STM32F1xx_HAL_Driver/Src/stm32f1xx_hal_gpio.c **** 
 118:Drivers/STM32F1xx_HAL_Driver/Src/stm32f1xx_hal_gpio.c **** /* Private typedef -----------------------------------------------------------*/
 119:Drivers/STM32F1xx_HAL_Driver/Src/stm32f1xx_hal_gpio.c **** /* Private define ------------------------------------------------------------*/
 120:Drivers/STM32F1xx_HAL_Driver/Src/stm32f1xx_hal_gpio.c **** /** @addtogroup GPIO_Private_Constants GPIO Private Constants
 121:Drivers/STM32F1xx_HAL_Driver/Src/stm32f1xx_hal_gpio.c ****   * @{
 122:Drivers/STM32F1xx_HAL_Driver/Src/stm32f1xx_hal_gpio.c ****   */
 123:Drivers/STM32F1xx_HAL_Driver/Src/stm32f1xx_hal_gpio.c **** #define GPIO_MODE             0x00000003u
 124:Drivers/STM32F1xx_HAL_Driver/Src/stm32f1xx_hal_gpio.c **** #define EXTI_MODE             0x10000000u
 125:Drivers/STM32F1xx_HAL_Driver/Src/stm32f1xx_hal_gpio.c **** #define GPIO_MODE_IT          0x00010000u
 126:Drivers/STM32F1xx_HAL_Driver/Src/stm32f1xx_hal_gpio.c **** #define GPIO_MODE_EVT         0x00020000u
 127:Drivers/STM32F1xx_HAL_Driver/Src/stm32f1xx_hal_gpio.c **** #define RISING_EDGE           0x00100000u
 128:Drivers/STM32F1xx_HAL_Driver/Src/stm32f1xx_hal_gpio.c **** #define FALLING_EDGE          0x00200000u
 129:Drivers/STM32F1xx_HAL_Driver/Src/stm32f1xx_hal_gpio.c **** #define GPIO_OUTPUT_TYPE      0x00000010u
 130:Drivers/STM32F1xx_HAL_Driver/Src/stm32f1xx_hal_gpio.c **** 
 131:Drivers/STM32F1xx_HAL_Driver/Src/stm32f1xx_hal_gpio.c **** #define GPIO_NUMBER           16u
 132:Drivers/STM32F1xx_HAL_Driver/Src/stm32f1xx_hal_gpio.c **** 
 133:Drivers/STM32F1xx_HAL_Driver/Src/stm32f1xx_hal_gpio.c **** /* Definitions for bit manipulation of CRL and CRH register */
 134:Drivers/STM32F1xx_HAL_Driver/Src/stm32f1xx_hal_gpio.c **** #define  GPIO_CR_MODE_INPUT         0x00000000u /*!< 00: Input mode (reset state)  */
 135:Drivers/STM32F1xx_HAL_Driver/Src/stm32f1xx_hal_gpio.c **** #define  GPIO_CR_CNF_ANALOG         0x00000000u /*!< 00: Analog mode  */
 136:Drivers/STM32F1xx_HAL_Driver/Src/stm32f1xx_hal_gpio.c **** #define  GPIO_CR_CNF_INPUT_FLOATING 0x00000004u /*!< 01: Floating input (reset state)  */
 137:Drivers/STM32F1xx_HAL_Driver/Src/stm32f1xx_hal_gpio.c **** #define  GPIO_CR_CNF_INPUT_PU_PD    0x00000008u /*!< 10: Input with pull-up / pull-down  */
 138:Drivers/STM32F1xx_HAL_Driver/Src/stm32f1xx_hal_gpio.c **** #define  GPIO_CR_CNF_GP_OUTPUT_PP   0x00000000u /*!< 00: General purpose output push-pull  */
 139:Drivers/STM32F1xx_HAL_Driver/Src/stm32f1xx_hal_gpio.c **** #define  GPIO_CR_CNF_GP_OUTPUT_OD   0x00000004u /*!< 01: General purpose output Open-drain  */
 140:Drivers/STM32F1xx_HAL_Driver/Src/stm32f1xx_hal_gpio.c **** #define  GPIO_CR_CNF_AF_OUTPUT_PP   0x00000008u /*!< 10: Alternate function output Push-pull  */
 141:Drivers/STM32F1xx_HAL_Driver/Src/stm32f1xx_hal_gpio.c **** #define  GPIO_CR_CNF_AF_OUTPUT_OD   0x0000000Cu /*!< 11: Alternate function output Open-drain  */
 142:Drivers/STM32F1xx_HAL_Driver/Src/stm32f1xx_hal_gpio.c **** 
 143:Drivers/STM32F1xx_HAL_Driver/Src/stm32f1xx_hal_gpio.c **** /**
 144:Drivers/STM32F1xx_HAL_Driver/Src/stm32f1xx_hal_gpio.c ****   * @}
 145:Drivers/STM32F1xx_HAL_Driver/Src/stm32f1xx_hal_gpio.c ****   */
 146:Drivers/STM32F1xx_HAL_Driver/Src/stm32f1xx_hal_gpio.c **** /* Private macro -------------------------------------------------------------*/
 147:Drivers/STM32F1xx_HAL_Driver/Src/stm32f1xx_hal_gpio.c **** /* Private variables ---------------------------------------------------------*/
ARM GAS  /tmp/cc6jLI3e.s 			page 4


 148:Drivers/STM32F1xx_HAL_Driver/Src/stm32f1xx_hal_gpio.c **** /* Private function prototypes -----------------------------------------------*/
 149:Drivers/STM32F1xx_HAL_Driver/Src/stm32f1xx_hal_gpio.c **** /* Private functions ---------------------------------------------------------*/
 150:Drivers/STM32F1xx_HAL_Driver/Src/stm32f1xx_hal_gpio.c **** /* Exported functions --------------------------------------------------------*/
 151:Drivers/STM32F1xx_HAL_Driver/Src/stm32f1xx_hal_gpio.c **** /** @defgroup GPIO_Exported_Functions GPIO Exported Functions
 152:Drivers/STM32F1xx_HAL_Driver/Src/stm32f1xx_hal_gpio.c ****   * @{
 153:Drivers/STM32F1xx_HAL_Driver/Src/stm32f1xx_hal_gpio.c ****   */
 154:Drivers/STM32F1xx_HAL_Driver/Src/stm32f1xx_hal_gpio.c **** 
 155:Drivers/STM32F1xx_HAL_Driver/Src/stm32f1xx_hal_gpio.c **** /** @defgroup GPIO_Exported_Functions_Group1 Initialization and de-initialization functions
 156:Drivers/STM32F1xx_HAL_Driver/Src/stm32f1xx_hal_gpio.c ****  *  @brief    Initialization and Configuration functions
 157:Drivers/STM32F1xx_HAL_Driver/Src/stm32f1xx_hal_gpio.c ****  *
 158:Drivers/STM32F1xx_HAL_Driver/Src/stm32f1xx_hal_gpio.c **** @verbatim
 159:Drivers/STM32F1xx_HAL_Driver/Src/stm32f1xx_hal_gpio.c ****  ===============================================================================
 160:Drivers/STM32F1xx_HAL_Driver/Src/stm32f1xx_hal_gpio.c ****               ##### Initialization and de-initialization functions #####
 161:Drivers/STM32F1xx_HAL_Driver/Src/stm32f1xx_hal_gpio.c ****  ===============================================================================
 162:Drivers/STM32F1xx_HAL_Driver/Src/stm32f1xx_hal_gpio.c ****   [..]
 163:Drivers/STM32F1xx_HAL_Driver/Src/stm32f1xx_hal_gpio.c ****     This section provides functions allowing to initialize and de-initialize the GPIOs
 164:Drivers/STM32F1xx_HAL_Driver/Src/stm32f1xx_hal_gpio.c ****     to be ready for use.
 165:Drivers/STM32F1xx_HAL_Driver/Src/stm32f1xx_hal_gpio.c **** 
 166:Drivers/STM32F1xx_HAL_Driver/Src/stm32f1xx_hal_gpio.c **** @endverbatim
 167:Drivers/STM32F1xx_HAL_Driver/Src/stm32f1xx_hal_gpio.c ****   * @{
 168:Drivers/STM32F1xx_HAL_Driver/Src/stm32f1xx_hal_gpio.c ****   */
 169:Drivers/STM32F1xx_HAL_Driver/Src/stm32f1xx_hal_gpio.c **** 
 170:Drivers/STM32F1xx_HAL_Driver/Src/stm32f1xx_hal_gpio.c **** 
 171:Drivers/STM32F1xx_HAL_Driver/Src/stm32f1xx_hal_gpio.c **** /**
 172:Drivers/STM32F1xx_HAL_Driver/Src/stm32f1xx_hal_gpio.c ****   * @brief  Initializes the GPIOx peripheral according to the specified parameters in the GPIO_Init
 173:Drivers/STM32F1xx_HAL_Driver/Src/stm32f1xx_hal_gpio.c ****   * @param  GPIOx: where x can be (A..G depending on device used) to select the GPIO peripheral
 174:Drivers/STM32F1xx_HAL_Driver/Src/stm32f1xx_hal_gpio.c ****   * @param  GPIO_Init: pointer to a GPIO_InitTypeDef structure that contains
 175:Drivers/STM32F1xx_HAL_Driver/Src/stm32f1xx_hal_gpio.c ****   *         the configuration information for the specified GPIO peripheral.
 176:Drivers/STM32F1xx_HAL_Driver/Src/stm32f1xx_hal_gpio.c ****   * @retval None
 177:Drivers/STM32F1xx_HAL_Driver/Src/stm32f1xx_hal_gpio.c ****   */
 178:Drivers/STM32F1xx_HAL_Driver/Src/stm32f1xx_hal_gpio.c **** void HAL_GPIO_Init(GPIO_TypeDef  *GPIOx, GPIO_InitTypeDef *GPIO_Init)
 179:Drivers/STM32F1xx_HAL_Driver/Src/stm32f1xx_hal_gpio.c **** {
  26              		.loc 1 179 0
  27              		.cfi_startproc
  28              		@ args = 0, pretend = 0, frame = 8
  29              		@ frame_needed = 0, uses_anonymous_args = 0
  30              	.LVL0:
  31 0000 F0B5     		push	{r4, r5, r6, r7, lr}
  32              	.LCFI0:
  33              		.cfi_def_cfa_offset 20
  34              		.cfi_offset 4, -20
  35              		.cfi_offset 5, -16
  36              		.cfi_offset 6, -12
  37              		.cfi_offset 7, -8
  38              		.cfi_offset 14, -4
  39 0002 83B0     		sub	sp, sp, #12
  40              	.LCFI1:
  41              		.cfi_def_cfa_offset 32
  42              	.LVL1:
 180:Drivers/STM32F1xx_HAL_Driver/Src/stm32f1xx_hal_gpio.c ****   uint32_t position = 0x00u;
 181:Drivers/STM32F1xx_HAL_Driver/Src/stm32f1xx_hal_gpio.c ****   uint32_t ioposition;
 182:Drivers/STM32F1xx_HAL_Driver/Src/stm32f1xx_hal_gpio.c ****   uint32_t iocurrent;
 183:Drivers/STM32F1xx_HAL_Driver/Src/stm32f1xx_hal_gpio.c ****   uint32_t temp;
 184:Drivers/STM32F1xx_HAL_Driver/Src/stm32f1xx_hal_gpio.c ****   uint32_t config = 0x00u;
  43              		.loc 1 184 0
  44 0004 0026     		movs	r6, #0
 180:Drivers/STM32F1xx_HAL_Driver/Src/stm32f1xx_hal_gpio.c ****   uint32_t position = 0x00u;
ARM GAS  /tmp/cc6jLI3e.s 			page 5


  45              		.loc 1 180 0
  46 0006 3446     		mov	r4, r6
 185:Drivers/STM32F1xx_HAL_Driver/Src/stm32f1xx_hal_gpio.c ****   __IO uint32_t *configregister; /* Store the address of CRL or CRH register based on pin number */
 186:Drivers/STM32F1xx_HAL_Driver/Src/stm32f1xx_hal_gpio.c ****   uint32_t registeroffset;       /* offset used during computation of CNF and MODE bits placement i
 187:Drivers/STM32F1xx_HAL_Driver/Src/stm32f1xx_hal_gpio.c **** 
 188:Drivers/STM32F1xx_HAL_Driver/Src/stm32f1xx_hal_gpio.c ****   /* Check the parameters */
 189:Drivers/STM32F1xx_HAL_Driver/Src/stm32f1xx_hal_gpio.c ****   assert_param(IS_GPIO_ALL_INSTANCE(GPIOx));
 190:Drivers/STM32F1xx_HAL_Driver/Src/stm32f1xx_hal_gpio.c ****   assert_param(IS_GPIO_PIN(GPIO_Init->Pin));
 191:Drivers/STM32F1xx_HAL_Driver/Src/stm32f1xx_hal_gpio.c ****   assert_param(IS_GPIO_MODE(GPIO_Init->Mode));
 192:Drivers/STM32F1xx_HAL_Driver/Src/stm32f1xx_hal_gpio.c **** 
 193:Drivers/STM32F1xx_HAL_Driver/Src/stm32f1xx_hal_gpio.c ****   /* Configure the port pins */
 194:Drivers/STM32F1xx_HAL_Driver/Src/stm32f1xx_hal_gpio.c ****   while (((GPIO_Init->Pin) >> position) != 0x00u)
  47              		.loc 1 194 0
  48 0008 71E0     		b	.L2
  49              	.LVL2:
  50              	.L37:
 195:Drivers/STM32F1xx_HAL_Driver/Src/stm32f1xx_hal_gpio.c ****   {
 196:Drivers/STM32F1xx_HAL_Driver/Src/stm32f1xx_hal_gpio.c ****     /* Get the IO position */
 197:Drivers/STM32F1xx_HAL_Driver/Src/stm32f1xx_hal_gpio.c ****     ioposition = (0x01uL << position);
 198:Drivers/STM32F1xx_HAL_Driver/Src/stm32f1xx_hal_gpio.c **** 
 199:Drivers/STM32F1xx_HAL_Driver/Src/stm32f1xx_hal_gpio.c ****     /* Get the current IO position */
 200:Drivers/STM32F1xx_HAL_Driver/Src/stm32f1xx_hal_gpio.c ****     iocurrent = (uint32_t)(GPIO_Init->Pin) & ioposition;
 201:Drivers/STM32F1xx_HAL_Driver/Src/stm32f1xx_hal_gpio.c **** 
 202:Drivers/STM32F1xx_HAL_Driver/Src/stm32f1xx_hal_gpio.c ****     if (iocurrent == ioposition)
 203:Drivers/STM32F1xx_HAL_Driver/Src/stm32f1xx_hal_gpio.c ****     {
 204:Drivers/STM32F1xx_HAL_Driver/Src/stm32f1xx_hal_gpio.c ****       /* Check the Alternate function parameters */
 205:Drivers/STM32F1xx_HAL_Driver/Src/stm32f1xx_hal_gpio.c ****       assert_param(IS_GPIO_AF_INSTANCE(GPIOx));
 206:Drivers/STM32F1xx_HAL_Driver/Src/stm32f1xx_hal_gpio.c **** 
 207:Drivers/STM32F1xx_HAL_Driver/Src/stm32f1xx_hal_gpio.c ****       /* Based on the required mode, filling config variable with MODEy[1:0] and CNFy[3:2] correspo
 208:Drivers/STM32F1xx_HAL_Driver/Src/stm32f1xx_hal_gpio.c ****       switch (GPIO_Init->Mode)
  51              		.loc 1 208 0
  52 000a 002D     		cmp	r5, #0
  53 000c 00F0A280 		beq	.L9
  54 0010 012D     		cmp	r5, #1
  55 0012 00D1     		bne	.L11
 209:Drivers/STM32F1xx_HAL_Driver/Src/stm32f1xx_hal_gpio.c ****       {
 210:Drivers/STM32F1xx_HAL_Driver/Src/stm32f1xx_hal_gpio.c ****         /* If we are configuring the pin in OUTPUT push-pull mode */
 211:Drivers/STM32F1xx_HAL_Driver/Src/stm32f1xx_hal_gpio.c ****         case GPIO_MODE_OUTPUT_PP:
 212:Drivers/STM32F1xx_HAL_Driver/Src/stm32f1xx_hal_gpio.c ****           /* Check the GPIO speed parameter */
 213:Drivers/STM32F1xx_HAL_Driver/Src/stm32f1xx_hal_gpio.c ****           assert_param(IS_GPIO_SPEED(GPIO_Init->Speed));
 214:Drivers/STM32F1xx_HAL_Driver/Src/stm32f1xx_hal_gpio.c ****           config = GPIO_Init->Speed + GPIO_CR_CNF_GP_OUTPUT_PP;
  56              		.loc 1 214 0
  57 0014 CE68     		ldr	r6, [r1, #12]
  58              	.LVL3:
  59              	.L11:
 215:Drivers/STM32F1xx_HAL_Driver/Src/stm32f1xx_hal_gpio.c ****           break;
 216:Drivers/STM32F1xx_HAL_Driver/Src/stm32f1xx_hal_gpio.c **** 
 217:Drivers/STM32F1xx_HAL_Driver/Src/stm32f1xx_hal_gpio.c ****         /* If we are configuring the pin in OUTPUT open-drain mode */
 218:Drivers/STM32F1xx_HAL_Driver/Src/stm32f1xx_hal_gpio.c ****         case GPIO_MODE_OUTPUT_OD:
 219:Drivers/STM32F1xx_HAL_Driver/Src/stm32f1xx_hal_gpio.c ****           /* Check the GPIO speed parameter */
 220:Drivers/STM32F1xx_HAL_Driver/Src/stm32f1xx_hal_gpio.c ****           assert_param(IS_GPIO_SPEED(GPIO_Init->Speed));
 221:Drivers/STM32F1xx_HAL_Driver/Src/stm32f1xx_hal_gpio.c ****           config = GPIO_Init->Speed + GPIO_CR_CNF_GP_OUTPUT_OD;
 222:Drivers/STM32F1xx_HAL_Driver/Src/stm32f1xx_hal_gpio.c ****           break;
 223:Drivers/STM32F1xx_HAL_Driver/Src/stm32f1xx_hal_gpio.c **** 
 224:Drivers/STM32F1xx_HAL_Driver/Src/stm32f1xx_hal_gpio.c ****         /* If we are configuring the pin in ALTERNATE FUNCTION push-pull mode */
 225:Drivers/STM32F1xx_HAL_Driver/Src/stm32f1xx_hal_gpio.c ****         case GPIO_MODE_AF_PP:
 226:Drivers/STM32F1xx_HAL_Driver/Src/stm32f1xx_hal_gpio.c ****           /* Check the GPIO speed parameter */
ARM GAS  /tmp/cc6jLI3e.s 			page 6


 227:Drivers/STM32F1xx_HAL_Driver/Src/stm32f1xx_hal_gpio.c ****           assert_param(IS_GPIO_SPEED(GPIO_Init->Speed));
 228:Drivers/STM32F1xx_HAL_Driver/Src/stm32f1xx_hal_gpio.c ****           config = GPIO_Init->Speed + GPIO_CR_CNF_AF_OUTPUT_PP;
 229:Drivers/STM32F1xx_HAL_Driver/Src/stm32f1xx_hal_gpio.c ****           break;
 230:Drivers/STM32F1xx_HAL_Driver/Src/stm32f1xx_hal_gpio.c **** 
 231:Drivers/STM32F1xx_HAL_Driver/Src/stm32f1xx_hal_gpio.c ****         /* If we are configuring the pin in ALTERNATE FUNCTION open-drain mode */
 232:Drivers/STM32F1xx_HAL_Driver/Src/stm32f1xx_hal_gpio.c ****         case GPIO_MODE_AF_OD:
 233:Drivers/STM32F1xx_HAL_Driver/Src/stm32f1xx_hal_gpio.c ****           /* Check the GPIO speed parameter */
 234:Drivers/STM32F1xx_HAL_Driver/Src/stm32f1xx_hal_gpio.c ****           assert_param(IS_GPIO_SPEED(GPIO_Init->Speed));
 235:Drivers/STM32F1xx_HAL_Driver/Src/stm32f1xx_hal_gpio.c ****           config = GPIO_Init->Speed + GPIO_CR_CNF_AF_OUTPUT_OD;
 236:Drivers/STM32F1xx_HAL_Driver/Src/stm32f1xx_hal_gpio.c ****           break;
 237:Drivers/STM32F1xx_HAL_Driver/Src/stm32f1xx_hal_gpio.c **** 
 238:Drivers/STM32F1xx_HAL_Driver/Src/stm32f1xx_hal_gpio.c ****         /* If we are configuring the pin in INPUT (also applicable to EVENT and IT mode) */
 239:Drivers/STM32F1xx_HAL_Driver/Src/stm32f1xx_hal_gpio.c ****         case GPIO_MODE_INPUT:
 240:Drivers/STM32F1xx_HAL_Driver/Src/stm32f1xx_hal_gpio.c ****         case GPIO_MODE_IT_RISING:
 241:Drivers/STM32F1xx_HAL_Driver/Src/stm32f1xx_hal_gpio.c ****         case GPIO_MODE_IT_FALLING:
 242:Drivers/STM32F1xx_HAL_Driver/Src/stm32f1xx_hal_gpio.c ****         case GPIO_MODE_IT_RISING_FALLING:
 243:Drivers/STM32F1xx_HAL_Driver/Src/stm32f1xx_hal_gpio.c ****         case GPIO_MODE_EVT_RISING:
 244:Drivers/STM32F1xx_HAL_Driver/Src/stm32f1xx_hal_gpio.c ****         case GPIO_MODE_EVT_FALLING:
 245:Drivers/STM32F1xx_HAL_Driver/Src/stm32f1xx_hal_gpio.c ****         case GPIO_MODE_EVT_RISING_FALLING:
 246:Drivers/STM32F1xx_HAL_Driver/Src/stm32f1xx_hal_gpio.c ****           /* Check the GPIO pull parameter */
 247:Drivers/STM32F1xx_HAL_Driver/Src/stm32f1xx_hal_gpio.c ****           assert_param(IS_GPIO_PULL(GPIO_Init->Pull));
 248:Drivers/STM32F1xx_HAL_Driver/Src/stm32f1xx_hal_gpio.c ****           if (GPIO_Init->Pull == GPIO_NOPULL)
 249:Drivers/STM32F1xx_HAL_Driver/Src/stm32f1xx_hal_gpio.c ****           {
 250:Drivers/STM32F1xx_HAL_Driver/Src/stm32f1xx_hal_gpio.c ****             config = GPIO_CR_MODE_INPUT + GPIO_CR_CNF_INPUT_FLOATING;
 251:Drivers/STM32F1xx_HAL_Driver/Src/stm32f1xx_hal_gpio.c ****           }
 252:Drivers/STM32F1xx_HAL_Driver/Src/stm32f1xx_hal_gpio.c ****           else if (GPIO_Init->Pull == GPIO_PULLUP)
 253:Drivers/STM32F1xx_HAL_Driver/Src/stm32f1xx_hal_gpio.c ****           {
 254:Drivers/STM32F1xx_HAL_Driver/Src/stm32f1xx_hal_gpio.c ****             config = GPIO_CR_MODE_INPUT + GPIO_CR_CNF_INPUT_PU_PD;
 255:Drivers/STM32F1xx_HAL_Driver/Src/stm32f1xx_hal_gpio.c **** 
 256:Drivers/STM32F1xx_HAL_Driver/Src/stm32f1xx_hal_gpio.c ****             /* Set the corresponding ODR bit */
 257:Drivers/STM32F1xx_HAL_Driver/Src/stm32f1xx_hal_gpio.c ****             GPIOx->BSRR = ioposition;
 258:Drivers/STM32F1xx_HAL_Driver/Src/stm32f1xx_hal_gpio.c ****           }
 259:Drivers/STM32F1xx_HAL_Driver/Src/stm32f1xx_hal_gpio.c ****           else /* GPIO_PULLDOWN */
 260:Drivers/STM32F1xx_HAL_Driver/Src/stm32f1xx_hal_gpio.c ****           {
 261:Drivers/STM32F1xx_HAL_Driver/Src/stm32f1xx_hal_gpio.c ****             config = GPIO_CR_MODE_INPUT + GPIO_CR_CNF_INPUT_PU_PD;
 262:Drivers/STM32F1xx_HAL_Driver/Src/stm32f1xx_hal_gpio.c **** 
 263:Drivers/STM32F1xx_HAL_Driver/Src/stm32f1xx_hal_gpio.c ****             /* Reset the corresponding ODR bit */
 264:Drivers/STM32F1xx_HAL_Driver/Src/stm32f1xx_hal_gpio.c ****             GPIOx->BRR = ioposition;
 265:Drivers/STM32F1xx_HAL_Driver/Src/stm32f1xx_hal_gpio.c ****           }
 266:Drivers/STM32F1xx_HAL_Driver/Src/stm32f1xx_hal_gpio.c ****           break;
 267:Drivers/STM32F1xx_HAL_Driver/Src/stm32f1xx_hal_gpio.c **** 
 268:Drivers/STM32F1xx_HAL_Driver/Src/stm32f1xx_hal_gpio.c ****         /* If we are configuring the pin in INPUT analog mode */
 269:Drivers/STM32F1xx_HAL_Driver/Src/stm32f1xx_hal_gpio.c ****         case GPIO_MODE_ANALOG:
 270:Drivers/STM32F1xx_HAL_Driver/Src/stm32f1xx_hal_gpio.c ****           config = GPIO_CR_MODE_INPUT + GPIO_CR_CNF_ANALOG;
 271:Drivers/STM32F1xx_HAL_Driver/Src/stm32f1xx_hal_gpio.c ****           break;
 272:Drivers/STM32F1xx_HAL_Driver/Src/stm32f1xx_hal_gpio.c **** 
 273:Drivers/STM32F1xx_HAL_Driver/Src/stm32f1xx_hal_gpio.c ****         /* Parameters are checked with assert_param */
 274:Drivers/STM32F1xx_HAL_Driver/Src/stm32f1xx_hal_gpio.c ****         default:
 275:Drivers/STM32F1xx_HAL_Driver/Src/stm32f1xx_hal_gpio.c ****           break;
 276:Drivers/STM32F1xx_HAL_Driver/Src/stm32f1xx_hal_gpio.c ****       }
 277:Drivers/STM32F1xx_HAL_Driver/Src/stm32f1xx_hal_gpio.c **** 
 278:Drivers/STM32F1xx_HAL_Driver/Src/stm32f1xx_hal_gpio.c ****       /* Check if the current bit belongs to first half or last half of the pin count number
 279:Drivers/STM32F1xx_HAL_Driver/Src/stm32f1xx_hal_gpio.c ****        in order to address CRH or CRL register*/
 280:Drivers/STM32F1xx_HAL_Driver/Src/stm32f1xx_hal_gpio.c ****       configregister = (iocurrent < GPIO_PIN_8) ? &GPIOx->CRL     : &GPIOx->CRH;
  60              		.loc 1 280 0
  61 0016 FF2B     		cmp	r3, #255
  62 0018 00F2B080 		bhi	.L15
ARM GAS  /tmp/cc6jLI3e.s 			page 7


  63              		.loc 1 280 0 is_stmt 0 discriminator 1
  64 001c 8646     		mov	lr, r0
  65              	.L16:
  66              	.LVL4:
 281:Drivers/STM32F1xx_HAL_Driver/Src/stm32f1xx_hal_gpio.c ****       registeroffset = (iocurrent < GPIO_PIN_8) ? (position << 2u) : ((position - 8u) << 2u);
  67              		.loc 1 281 0 is_stmt 1 discriminator 4
  68 001e FF2B     		cmp	r3, #255
  69 0020 00F2AF80 		bhi	.L17
  70              		.loc 1 281 0 is_stmt 0 discriminator 1
  71 0024 A500     		lsls	r5, r4, #2
  72              	.L18:
  73              	.LVL5:
 282:Drivers/STM32F1xx_HAL_Driver/Src/stm32f1xx_hal_gpio.c **** 
 283:Drivers/STM32F1xx_HAL_Driver/Src/stm32f1xx_hal_gpio.c ****       /* Apply the new configuration of the pin to the register */
 284:Drivers/STM32F1xx_HAL_Driver/Src/stm32f1xx_hal_gpio.c ****       MODIFY_REG((*configregister), ((GPIO_CRL_MODE0 | GPIO_CRL_CNF0) << registeroffset), (config <
  74              		.loc 1 284 0 is_stmt 1 discriminator 4
  75 0026 DEF80020 		ldr	r2, [lr]
  76              	.LVL6:
  77 002a 0F27     		movs	r7, #15
  78 002c AF40     		lsls	r7, r7, r5
  79 002e 22EA0702 		bic	r2, r2, r7
  80 0032 06FA05F5 		lsl	r5, r6, r5
  81              	.LVL7:
  82 0036 2A43     		orrs	r2, r2, r5
  83 0038 CEF80020 		str	r2, [lr]
 285:Drivers/STM32F1xx_HAL_Driver/Src/stm32f1xx_hal_gpio.c **** 
 286:Drivers/STM32F1xx_HAL_Driver/Src/stm32f1xx_hal_gpio.c ****       /*--------------------- EXTI Mode Configuration ------------------------*/
 287:Drivers/STM32F1xx_HAL_Driver/Src/stm32f1xx_hal_gpio.c ****       /* Configure the External Interrupt or event for the current IO */
 288:Drivers/STM32F1xx_HAL_Driver/Src/stm32f1xx_hal_gpio.c ****       if ((GPIO_Init->Mode & EXTI_MODE) == EXTI_MODE)
  84              		.loc 1 288 0 discriminator 4
  85 003c 4A68     		ldr	r2, [r1, #4]
  86 003e 12F0805F 		tst	r2, #268435456
  87 0042 53D0     		beq	.L3
  88              	.LBB2:
 289:Drivers/STM32F1xx_HAL_Driver/Src/stm32f1xx_hal_gpio.c ****       {
 290:Drivers/STM32F1xx_HAL_Driver/Src/stm32f1xx_hal_gpio.c ****         /* Enable AFIO Clock */
 291:Drivers/STM32F1xx_HAL_Driver/Src/stm32f1xx_hal_gpio.c ****         __HAL_RCC_AFIO_CLK_ENABLE();
  89              		.loc 1 291 0
  90 0044 644A     		ldr	r2, .L40
  91 0046 9569     		ldr	r5, [r2, #24]
  92 0048 45F00105 		orr	r5, r5, #1
  93 004c 9561     		str	r5, [r2, #24]
  94 004e 9269     		ldr	r2, [r2, #24]
  95 0050 02F00102 		and	r2, r2, #1
  96 0054 0192     		str	r2, [sp, #4]
  97 0056 019A     		ldr	r2, [sp, #4]
  98              	.LBE2:
 292:Drivers/STM32F1xx_HAL_Driver/Src/stm32f1xx_hal_gpio.c ****         temp = AFIO->EXTICR[position >> 2u];
  99              		.loc 1 292 0
 100 0058 A508     		lsrs	r5, r4, #2
 101 005a AF1C     		adds	r7, r5, #2
 102 005c 5F4A     		ldr	r2, .L40+4
 103 005e 52F82720 		ldr	r2, [r2, r7, lsl #2]
 104              	.LVL8:
 293:Drivers/STM32F1xx_HAL_Driver/Src/stm32f1xx_hal_gpio.c ****         CLEAR_BIT(temp, (0x0Fu) << (4u * (position & 0x03u)));
 105              		.loc 1 293 0
 106 0062 04F00307 		and	r7, r4, #3
ARM GAS  /tmp/cc6jLI3e.s 			page 8


 107 0066 BF00     		lsls	r7, r7, #2
 108 0068 4FF00F0E 		mov	lr, #15
 109              	.LVL9:
 110 006c 0EFA07FE 		lsl	lr, lr, r7
 111 0070 22EA0E02 		bic	r2, r2, lr
 112              	.LVL10:
 294:Drivers/STM32F1xx_HAL_Driver/Src/stm32f1xx_hal_gpio.c ****         SET_BIT(temp, (GPIO_GET_INDEX(GPIOx)) << (4u * (position & 0x03u)));
 113              		.loc 1 294 0
 114 0074 DFF874E1 		ldr	lr, .L40+20
 115 0078 7045     		cmp	r0, lr
 116 007a 00F08980 		beq	.L30
 117              		.loc 1 294 0 is_stmt 0 discriminator 1
 118 007e 0EF5806E 		add	lr, lr, #1024
 119 0082 7045     		cmp	r0, lr
 120 0084 00F08780 		beq	.L31
 121              		.loc 1 294 0 discriminator 3
 122 0088 0EF5806E 		add	lr, lr, #1024
 123 008c 7045     		cmp	r0, lr
 124 008e 00F08580 		beq	.L32
 125              		.loc 1 294 0 discriminator 5
 126 0092 0EF5806E 		add	lr, lr, #1024
 127 0096 7045     		cmp	r0, lr
 128 0098 77D0     		beq	.L35
 129              		.loc 1 294 0
 130 009a 4FF0040E 		mov	lr, #4
 131              	.L19:
 132              		.loc 1 294 0 discriminator 16
 133 009e 0EFA07F7 		lsl	r7, lr, r7
 134 00a2 3A43     		orrs	r2, r2, r7
 135              	.LVL11:
 295:Drivers/STM32F1xx_HAL_Driver/Src/stm32f1xx_hal_gpio.c ****         AFIO->EXTICR[position >> 2u] = temp;
 136              		.loc 1 295 0 is_stmt 1 discriminator 16
 137 00a4 0235     		adds	r5, r5, #2
 138 00a6 4D4F     		ldr	r7, .L40+4
 139 00a8 47F82520 		str	r2, [r7, r5, lsl #2]
 296:Drivers/STM32F1xx_HAL_Driver/Src/stm32f1xx_hal_gpio.c **** 
 297:Drivers/STM32F1xx_HAL_Driver/Src/stm32f1xx_hal_gpio.c **** 
 298:Drivers/STM32F1xx_HAL_Driver/Src/stm32f1xx_hal_gpio.c ****         /* Configure the interrupt mask */
 299:Drivers/STM32F1xx_HAL_Driver/Src/stm32f1xx_hal_gpio.c ****         if ((GPIO_Init->Mode & GPIO_MODE_IT) == GPIO_MODE_IT)
 140              		.loc 1 299 0 discriminator 16
 141 00ac 4A68     		ldr	r2, [r1, #4]
 142              	.LVL12:
 143 00ae 12F4803F 		tst	r2, #65536
 144 00b2 76D0     		beq	.L20
 300:Drivers/STM32F1xx_HAL_Driver/Src/stm32f1xx_hal_gpio.c ****         {
 301:Drivers/STM32F1xx_HAL_Driver/Src/stm32f1xx_hal_gpio.c ****           SET_BIT(EXTI->IMR, iocurrent);
 145              		.loc 1 301 0
 146 00b4 4A4D     		ldr	r5, .L40+8
 147              	.LVL13:
 148 00b6 2A68     		ldr	r2, [r5]
 149 00b8 1A43     		orrs	r2, r2, r3
 150 00ba 2A60     		str	r2, [r5]
 151              	.LVL14:
 152              	.L21:
 302:Drivers/STM32F1xx_HAL_Driver/Src/stm32f1xx_hal_gpio.c ****         }
 303:Drivers/STM32F1xx_HAL_Driver/Src/stm32f1xx_hal_gpio.c ****         else
 304:Drivers/STM32F1xx_HAL_Driver/Src/stm32f1xx_hal_gpio.c ****         {
ARM GAS  /tmp/cc6jLI3e.s 			page 9


 305:Drivers/STM32F1xx_HAL_Driver/Src/stm32f1xx_hal_gpio.c ****           CLEAR_BIT(EXTI->IMR, iocurrent);
 306:Drivers/STM32F1xx_HAL_Driver/Src/stm32f1xx_hal_gpio.c ****         }
 307:Drivers/STM32F1xx_HAL_Driver/Src/stm32f1xx_hal_gpio.c **** 
 308:Drivers/STM32F1xx_HAL_Driver/Src/stm32f1xx_hal_gpio.c ****         /* Configure the event mask */
 309:Drivers/STM32F1xx_HAL_Driver/Src/stm32f1xx_hal_gpio.c ****         if ((GPIO_Init->Mode & GPIO_MODE_EVT) == GPIO_MODE_EVT)
 153              		.loc 1 309 0
 154 00bc 4A68     		ldr	r2, [r1, #4]
 155 00be 12F4003F 		tst	r2, #131072
 156 00c2 74D0     		beq	.L22
 310:Drivers/STM32F1xx_HAL_Driver/Src/stm32f1xx_hal_gpio.c ****         {
 311:Drivers/STM32F1xx_HAL_Driver/Src/stm32f1xx_hal_gpio.c ****           SET_BIT(EXTI->EMR, iocurrent);
 157              		.loc 1 311 0
 158 00c4 464D     		ldr	r5, .L40+8
 159 00c6 6A68     		ldr	r2, [r5, #4]
 160 00c8 1A43     		orrs	r2, r2, r3
 161 00ca 6A60     		str	r2, [r5, #4]
 162              	.L23:
 312:Drivers/STM32F1xx_HAL_Driver/Src/stm32f1xx_hal_gpio.c ****         }
 313:Drivers/STM32F1xx_HAL_Driver/Src/stm32f1xx_hal_gpio.c ****         else
 314:Drivers/STM32F1xx_HAL_Driver/Src/stm32f1xx_hal_gpio.c ****         {
 315:Drivers/STM32F1xx_HAL_Driver/Src/stm32f1xx_hal_gpio.c ****           CLEAR_BIT(EXTI->EMR, iocurrent);
 316:Drivers/STM32F1xx_HAL_Driver/Src/stm32f1xx_hal_gpio.c ****         }
 317:Drivers/STM32F1xx_HAL_Driver/Src/stm32f1xx_hal_gpio.c **** 
 318:Drivers/STM32F1xx_HAL_Driver/Src/stm32f1xx_hal_gpio.c ****         /* Enable or disable the rising trigger */
 319:Drivers/STM32F1xx_HAL_Driver/Src/stm32f1xx_hal_gpio.c ****         if ((GPIO_Init->Mode & RISING_EDGE) == RISING_EDGE)
 163              		.loc 1 319 0
 164 00cc 4A68     		ldr	r2, [r1, #4]
 165 00ce 12F4801F 		tst	r2, #1048576
 166 00d2 72D0     		beq	.L24
 320:Drivers/STM32F1xx_HAL_Driver/Src/stm32f1xx_hal_gpio.c ****         {
 321:Drivers/STM32F1xx_HAL_Driver/Src/stm32f1xx_hal_gpio.c ****           SET_BIT(EXTI->RTSR, iocurrent);
 167              		.loc 1 321 0
 168 00d4 424D     		ldr	r5, .L40+8
 169 00d6 AA68     		ldr	r2, [r5, #8]
 170 00d8 1A43     		orrs	r2, r2, r3
 171 00da AA60     		str	r2, [r5, #8]
 172              	.L25:
 322:Drivers/STM32F1xx_HAL_Driver/Src/stm32f1xx_hal_gpio.c ****         }
 323:Drivers/STM32F1xx_HAL_Driver/Src/stm32f1xx_hal_gpio.c ****         else
 324:Drivers/STM32F1xx_HAL_Driver/Src/stm32f1xx_hal_gpio.c ****         {
 325:Drivers/STM32F1xx_HAL_Driver/Src/stm32f1xx_hal_gpio.c ****           CLEAR_BIT(EXTI->RTSR, iocurrent);
 326:Drivers/STM32F1xx_HAL_Driver/Src/stm32f1xx_hal_gpio.c ****         }
 327:Drivers/STM32F1xx_HAL_Driver/Src/stm32f1xx_hal_gpio.c **** 
 328:Drivers/STM32F1xx_HAL_Driver/Src/stm32f1xx_hal_gpio.c ****         /* Enable or disable the falling trigger */
 329:Drivers/STM32F1xx_HAL_Driver/Src/stm32f1xx_hal_gpio.c ****         if ((GPIO_Init->Mode & FALLING_EDGE) == FALLING_EDGE)
 173              		.loc 1 329 0
 174 00dc 4A68     		ldr	r2, [r1, #4]
 175 00de 12F4001F 		tst	r2, #2097152
 176 00e2 70D0     		beq	.L26
 330:Drivers/STM32F1xx_HAL_Driver/Src/stm32f1xx_hal_gpio.c ****         {
 331:Drivers/STM32F1xx_HAL_Driver/Src/stm32f1xx_hal_gpio.c ****           SET_BIT(EXTI->FTSR, iocurrent);
 177              		.loc 1 331 0
 178 00e4 3E4D     		ldr	r5, .L40+8
 179 00e6 EA68     		ldr	r2, [r5, #12]
 180 00e8 1343     		orrs	r3, r3, r2
 181              	.LVL15:
 182 00ea EB60     		str	r3, [r5, #12]
ARM GAS  /tmp/cc6jLI3e.s 			page 10


 183              	.L3:
 332:Drivers/STM32F1xx_HAL_Driver/Src/stm32f1xx_hal_gpio.c ****         }
 333:Drivers/STM32F1xx_HAL_Driver/Src/stm32f1xx_hal_gpio.c ****         else
 334:Drivers/STM32F1xx_HAL_Driver/Src/stm32f1xx_hal_gpio.c ****         {
 335:Drivers/STM32F1xx_HAL_Driver/Src/stm32f1xx_hal_gpio.c ****           CLEAR_BIT(EXTI->FTSR, iocurrent);
 336:Drivers/STM32F1xx_HAL_Driver/Src/stm32f1xx_hal_gpio.c ****         }
 337:Drivers/STM32F1xx_HAL_Driver/Src/stm32f1xx_hal_gpio.c ****       }
 338:Drivers/STM32F1xx_HAL_Driver/Src/stm32f1xx_hal_gpio.c ****     }
 339:Drivers/STM32F1xx_HAL_Driver/Src/stm32f1xx_hal_gpio.c **** 
 340:Drivers/STM32F1xx_HAL_Driver/Src/stm32f1xx_hal_gpio.c **** 	position++;
 184              		.loc 1 340 0
 185 00ec 0134     		adds	r4, r4, #1
 186              	.LVL16:
 187              	.L2:
 194:Drivers/STM32F1xx_HAL_Driver/Src/stm32f1xx_hal_gpio.c ****   {
 188              		.loc 1 194 0
 189 00ee 0B68     		ldr	r3, [r1]
 190 00f0 33FA04F2 		lsrs	r2, r3, r4
 191 00f4 6DD0     		beq	.L36
 197:Drivers/STM32F1xx_HAL_Driver/Src/stm32f1xx_hal_gpio.c **** 
 192              		.loc 1 197 0
 193 00f6 0122     		movs	r2, #1
 194 00f8 A240     		lsls	r2, r2, r4
 195              	.LVL17:
 200:Drivers/STM32F1xx_HAL_Driver/Src/stm32f1xx_hal_gpio.c **** 
 196              		.loc 1 200 0
 197 00fa 1340     		ands	r3, r3, r2
 198              	.LVL18:
 202:Drivers/STM32F1xx_HAL_Driver/Src/stm32f1xx_hal_gpio.c ****     {
 199              		.loc 1 202 0
 200 00fc 9A42     		cmp	r2, r3
 201 00fe F5D1     		bne	.L3
 208:Drivers/STM32F1xx_HAL_Driver/Src/stm32f1xx_hal_gpio.c ****       {
 202              		.loc 1 208 0
 203 0100 4D68     		ldr	r5, [r1, #4]
 204 0102 122D     		cmp	r5, #18
 205 0104 30D0     		beq	.L5
 206 0106 0BD8     		bhi	.L6
 207 0108 022D     		cmp	r5, #2
 208 010a 2AD0     		beq	.L7
 209 010c 7FF67DAF 		bls	.L37
 210 0110 032D     		cmp	r5, #3
 211 0112 2FD0     		beq	.L28
 212 0114 112D     		cmp	r5, #17
 213 0116 7FF47EAF 		bne	.L11
 221:Drivers/STM32F1xx_HAL_Driver/Src/stm32f1xx_hal_gpio.c ****           break;
 214              		.loc 1 221 0
 215 011a CE68     		ldr	r6, [r1, #12]
 216              	.LVL19:
 217 011c 0436     		adds	r6, r6, #4
 218              	.LVL20:
 222:Drivers/STM32F1xx_HAL_Driver/Src/stm32f1xx_hal_gpio.c **** 
 219              		.loc 1 222 0
 220 011e 7AE7     		b	.L11
 221              	.L6:
 208:Drivers/STM32F1xx_HAL_Driver/Src/stm32f1xx_hal_gpio.c ****       {
 222              		.loc 1 208 0
ARM GAS  /tmp/cc6jLI3e.s 			page 11


 223 0120 304F     		ldr	r7, .L40+12
 224 0122 BD42     		cmp	r5, r7
 225 0124 16D0     		beq	.L9
 226 0126 0CD9     		bls	.L38
 227 0128 2F4F     		ldr	r7, .L40+16
 228 012a BD42     		cmp	r5, r7
 229 012c 12D0     		beq	.L9
 230 012e 07F58037 		add	r7, r7, #65536
 231 0132 BD42     		cmp	r5, r7
 232 0134 0ED0     		beq	.L9
 233 0136 A7F58017 		sub	r7, r7, #1048576
 234 013a BD42     		cmp	r5, r7
 235 013c 7FF46BAF 		bne	.L11
 236 0140 08E0     		b	.L9
 237              	.L38:
 238 0142 A7F58017 		sub	r7, r7, #1048576
 239 0146 BD42     		cmp	r5, r7
 240 0148 04D0     		beq	.L9
 241 014a 07F58037 		add	r7, r7, #65536
 242 014e BD42     		cmp	r5, r7
 243 0150 7FF461AF 		bne	.L11
 244              	.L9:
 248:Drivers/STM32F1xx_HAL_Driver/Src/stm32f1xx_hal_gpio.c ****           {
 245              		.loc 1 248 0
 246 0154 8D68     		ldr	r5, [r1, #8]
 247 0156 7DB1     		cbz	r5, .L29
 252:Drivers/STM32F1xx_HAL_Driver/Src/stm32f1xx_hal_gpio.c ****           {
 248              		.loc 1 252 0
 249 0158 012D     		cmp	r5, #1
 250 015a 08D0     		beq	.L39
 251              	.LVL21:
 264:Drivers/STM32F1xx_HAL_Driver/Src/stm32f1xx_hal_gpio.c ****           }
 252              		.loc 1 264 0
 253 015c 4261     		str	r2, [r0, #20]
 261:Drivers/STM32F1xx_HAL_Driver/Src/stm32f1xx_hal_gpio.c **** 
 254              		.loc 1 261 0
 255 015e 0826     		movs	r6, #8
 256 0160 59E7     		b	.L11
 257              	.LVL22:
 258              	.L7:
 228:Drivers/STM32F1xx_HAL_Driver/Src/stm32f1xx_hal_gpio.c ****           break;
 259              		.loc 1 228 0
 260 0162 CE68     		ldr	r6, [r1, #12]
 261              	.LVL23:
 262 0164 0836     		adds	r6, r6, #8
 263              	.LVL24:
 229:Drivers/STM32F1xx_HAL_Driver/Src/stm32f1xx_hal_gpio.c **** 
 264              		.loc 1 229 0
 265 0166 56E7     		b	.L11
 266              	.L5:
 235:Drivers/STM32F1xx_HAL_Driver/Src/stm32f1xx_hal_gpio.c ****           break;
 267              		.loc 1 235 0
 268 0168 CE68     		ldr	r6, [r1, #12]
 269              	.LVL25:
 270 016a 0C36     		adds	r6, r6, #12
 271              	.LVL26:
 236:Drivers/STM32F1xx_HAL_Driver/Src/stm32f1xx_hal_gpio.c **** 
ARM GAS  /tmp/cc6jLI3e.s 			page 12


 272              		.loc 1 236 0
 273 016c 53E7     		b	.L11
 274              	.L39:
 275              	.LVL27:
 257:Drivers/STM32F1xx_HAL_Driver/Src/stm32f1xx_hal_gpio.c ****           }
 276              		.loc 1 257 0
 277 016e 0261     		str	r2, [r0, #16]
 254:Drivers/STM32F1xx_HAL_Driver/Src/stm32f1xx_hal_gpio.c **** 
 278              		.loc 1 254 0
 279 0170 0826     		movs	r6, #8
 280 0172 50E7     		b	.L11
 281              	.LVL28:
 282              	.L28:
 270:Drivers/STM32F1xx_HAL_Driver/Src/stm32f1xx_hal_gpio.c ****           break;
 283              		.loc 1 270 0
 284 0174 0026     		movs	r6, #0
 285              	.LVL29:
 286 0176 4EE7     		b	.L11
 287              	.LVL30:
 288              	.L29:
 250:Drivers/STM32F1xx_HAL_Driver/Src/stm32f1xx_hal_gpio.c ****           }
 289              		.loc 1 250 0
 290 0178 0426     		movs	r6, #4
 291              	.LVL31:
 292 017a 4CE7     		b	.L11
 293              	.LVL32:
 294              	.L15:
 280:Drivers/STM32F1xx_HAL_Driver/Src/stm32f1xx_hal_gpio.c ****       registeroffset = (iocurrent < GPIO_PIN_8) ? (position << 2u) : ((position - 8u) << 2u);
 295              		.loc 1 280 0 discriminator 2
 296 017c 00F1040E 		add	lr, r0, #4
 297 0180 4DE7     		b	.L16
 298              	.LVL33:
 299              	.L17:
 281:Drivers/STM32F1xx_HAL_Driver/Src/stm32f1xx_hal_gpio.c **** 
 300              		.loc 1 281 0 discriminator 2
 301 0182 A4F10805 		sub	r5, r4, #8
 302 0186 AD00     		lsls	r5, r5, #2
 303 0188 4DE7     		b	.L18
 304              	.LVL34:
 305              	.L35:
 294:Drivers/STM32F1xx_HAL_Driver/Src/stm32f1xx_hal_gpio.c ****         AFIO->EXTICR[position >> 2u] = temp;
 306              		.loc 1 294 0
 307 018a 4FF0030E 		mov	lr, #3
 308 018e 86E7     		b	.L19
 309              	.L30:
 310 0190 4FF0000E 		mov	lr, #0
 311 0194 83E7     		b	.L19
 312              	.L31:
 313 0196 4FF0010E 		mov	lr, #1
 314              	.LVL35:
 315 019a 80E7     		b	.L19
 316              	.LVL36:
 317              	.L32:
 318 019c 4FF0020E 		mov	lr, #2
 319 01a0 7DE7     		b	.L19
 320              	.LVL37:
 321              	.L20:
ARM GAS  /tmp/cc6jLI3e.s 			page 13


 305:Drivers/STM32F1xx_HAL_Driver/Src/stm32f1xx_hal_gpio.c ****         }
 322              		.loc 1 305 0
 323 01a2 0F4D     		ldr	r5, .L40+8
 324              	.LVL38:
 325 01a4 2A68     		ldr	r2, [r5]
 326 01a6 22EA0302 		bic	r2, r2, r3
 327 01aa 2A60     		str	r2, [r5]
 328              	.LVL39:
 329 01ac 86E7     		b	.L21
 330              	.L22:
 315:Drivers/STM32F1xx_HAL_Driver/Src/stm32f1xx_hal_gpio.c ****         }
 331              		.loc 1 315 0
 332 01ae 0C4D     		ldr	r5, .L40+8
 333 01b0 6A68     		ldr	r2, [r5, #4]
 334 01b2 22EA0302 		bic	r2, r2, r3
 335 01b6 6A60     		str	r2, [r5, #4]
 336 01b8 88E7     		b	.L23
 337              	.L24:
 325:Drivers/STM32F1xx_HAL_Driver/Src/stm32f1xx_hal_gpio.c ****         }
 338              		.loc 1 325 0
 339 01ba 094D     		ldr	r5, .L40+8
 340 01bc AA68     		ldr	r2, [r5, #8]
 341 01be 22EA0302 		bic	r2, r2, r3
 342 01c2 AA60     		str	r2, [r5, #8]
 343 01c4 8AE7     		b	.L25
 344              	.L26:
 335:Drivers/STM32F1xx_HAL_Driver/Src/stm32f1xx_hal_gpio.c ****         }
 345              		.loc 1 335 0
 346 01c6 064D     		ldr	r5, .L40+8
 347 01c8 EA68     		ldr	r2, [r5, #12]
 348 01ca 22EA0303 		bic	r3, r2, r3
 349              	.LVL40:
 350 01ce EB60     		str	r3, [r5, #12]
 351 01d0 8CE7     		b	.L3
 352              	.LVL41:
 353              	.L36:
 341:Drivers/STM32F1xx_HAL_Driver/Src/stm32f1xx_hal_gpio.c ****   }
 342:Drivers/STM32F1xx_HAL_Driver/Src/stm32f1xx_hal_gpio.c **** }
 354              		.loc 1 342 0
 355 01d2 03B0     		add	sp, sp, #12
 356              	.LCFI2:
 357              		.cfi_def_cfa_offset 20
 358              		@ sp needed
 359 01d4 F0BD     		pop	{r4, r5, r6, r7, pc}
 360              	.LVL42:
 361              	.L41:
 362 01d6 00BF     		.align	2
 363              	.L40:
 364 01d8 00100240 		.word	1073876992
 365 01dc 00000140 		.word	1073807360
 366 01e0 00040140 		.word	1073808384
 367 01e4 00002110 		.word	270598144
 368 01e8 00003110 		.word	271646720
 369 01ec 00080140 		.word	1073809408
 370              		.cfi_endproc
 371              	.LFE65:
 373              		.section	.text.HAL_GPIO_DeInit,"ax",%progbits
ARM GAS  /tmp/cc6jLI3e.s 			page 14


 374              		.align	1
 375              		.global	HAL_GPIO_DeInit
 376              		.syntax unified
 377              		.thumb
 378              		.thumb_func
 379              		.fpu softvfp
 381              	HAL_GPIO_DeInit:
 382              	.LFB66:
 343:Drivers/STM32F1xx_HAL_Driver/Src/stm32f1xx_hal_gpio.c **** 
 344:Drivers/STM32F1xx_HAL_Driver/Src/stm32f1xx_hal_gpio.c **** /**
 345:Drivers/STM32F1xx_HAL_Driver/Src/stm32f1xx_hal_gpio.c ****   * @brief  De-initializes the GPIOx peripheral registers to their default reset values.
 346:Drivers/STM32F1xx_HAL_Driver/Src/stm32f1xx_hal_gpio.c ****   * @param  GPIOx: where x can be (A..G depending on device used) to select the GPIO peripheral
 347:Drivers/STM32F1xx_HAL_Driver/Src/stm32f1xx_hal_gpio.c ****   * @param  GPIO_Pin: specifies the port bit to be written.
 348:Drivers/STM32F1xx_HAL_Driver/Src/stm32f1xx_hal_gpio.c ****   *         This parameter can be one of GPIO_PIN_x where x can be (0..15).
 349:Drivers/STM32F1xx_HAL_Driver/Src/stm32f1xx_hal_gpio.c ****   * @retval None
 350:Drivers/STM32F1xx_HAL_Driver/Src/stm32f1xx_hal_gpio.c ****   */
 351:Drivers/STM32F1xx_HAL_Driver/Src/stm32f1xx_hal_gpio.c **** void HAL_GPIO_DeInit(GPIO_TypeDef  *GPIOx, uint32_t GPIO_Pin)
 352:Drivers/STM32F1xx_HAL_Driver/Src/stm32f1xx_hal_gpio.c **** {
 383              		.loc 1 352 0
 384              		.cfi_startproc
 385              		@ args = 0, pretend = 0, frame = 0
 386              		@ frame_needed = 0, uses_anonymous_args = 0
 387              	.LVL43:
 353:Drivers/STM32F1xx_HAL_Driver/Src/stm32f1xx_hal_gpio.c ****   uint32_t position = 0x00u;
 388              		.loc 1 353 0
 389 0000 0022     		movs	r2, #0
 354:Drivers/STM32F1xx_HAL_Driver/Src/stm32f1xx_hal_gpio.c ****   uint32_t iocurrent;
 355:Drivers/STM32F1xx_HAL_Driver/Src/stm32f1xx_hal_gpio.c ****   uint32_t tmp;
 356:Drivers/STM32F1xx_HAL_Driver/Src/stm32f1xx_hal_gpio.c ****   __IO uint32_t *configregister; /* Store the address of CRL or CRH register based on pin number */
 357:Drivers/STM32F1xx_HAL_Driver/Src/stm32f1xx_hal_gpio.c ****   uint32_t registeroffset;
 358:Drivers/STM32F1xx_HAL_Driver/Src/stm32f1xx_hal_gpio.c **** 
 359:Drivers/STM32F1xx_HAL_Driver/Src/stm32f1xx_hal_gpio.c ****   /* Check the parameters */
 360:Drivers/STM32F1xx_HAL_Driver/Src/stm32f1xx_hal_gpio.c ****   assert_param(IS_GPIO_ALL_INSTANCE(GPIOx));
 361:Drivers/STM32F1xx_HAL_Driver/Src/stm32f1xx_hal_gpio.c ****   assert_param(IS_GPIO_PIN(GPIO_Pin));
 362:Drivers/STM32F1xx_HAL_Driver/Src/stm32f1xx_hal_gpio.c **** 
 363:Drivers/STM32F1xx_HAL_Driver/Src/stm32f1xx_hal_gpio.c ****   /* Configure the port pins */
 364:Drivers/STM32F1xx_HAL_Driver/Src/stm32f1xx_hal_gpio.c ****   while ((GPIO_Pin >> position) != 0u)
 390              		.loc 1 364 0
 391 0002 67E0     		b	.L57
 392              	.LVL44:
 393              	.L63:
 394              	.LCFI3:
 395              		.cfi_def_cfa_offset 20
 396              		.cfi_offset 4, -20
 397              		.cfi_offset 5, -16
 398              		.cfi_offset 6, -12
 399              		.cfi_offset 7, -8
 400              		.cfi_offset 14, -4
 365:Drivers/STM32F1xx_HAL_Driver/Src/stm32f1xx_hal_gpio.c ****   {
 366:Drivers/STM32F1xx_HAL_Driver/Src/stm32f1xx_hal_gpio.c ****     /* Get current io position */
 367:Drivers/STM32F1xx_HAL_Driver/Src/stm32f1xx_hal_gpio.c ****     iocurrent = (GPIO_Pin) & (1uL << position);
 368:Drivers/STM32F1xx_HAL_Driver/Src/stm32f1xx_hal_gpio.c **** 
 369:Drivers/STM32F1xx_HAL_Driver/Src/stm32f1xx_hal_gpio.c ****     if (iocurrent)
 370:Drivers/STM32F1xx_HAL_Driver/Src/stm32f1xx_hal_gpio.c ****     {
 371:Drivers/STM32F1xx_HAL_Driver/Src/stm32f1xx_hal_gpio.c ****       /*------------------------- EXTI Mode Configuration --------------------*/
 372:Drivers/STM32F1xx_HAL_Driver/Src/stm32f1xx_hal_gpio.c ****       /* Clear the External Interrupt or Event for the current IO */
 373:Drivers/STM32F1xx_HAL_Driver/Src/stm32f1xx_hal_gpio.c **** 
ARM GAS  /tmp/cc6jLI3e.s 			page 15


 374:Drivers/STM32F1xx_HAL_Driver/Src/stm32f1xx_hal_gpio.c ****       tmp = AFIO->EXTICR[position >> 2u];
 375:Drivers/STM32F1xx_HAL_Driver/Src/stm32f1xx_hal_gpio.c ****       tmp &= 0x0FuL << (4u * (position & 0x03u));
 376:Drivers/STM32F1xx_HAL_Driver/Src/stm32f1xx_hal_gpio.c ****       if (tmp == (GPIO_GET_INDEX(GPIOx) << (4u * (position & 0x03u))))
 401              		.loc 1 376 0
 402 0004 0326     		movs	r6, #3
 403 0006 58E0     		b	.L45
 404              	.L52:
 405 0008 0026     		movs	r6, #0
 406 000a 56E0     		b	.L45
 407              	.L53:
 408 000c 0126     		movs	r6, #1
 409 000e 54E0     		b	.L45
 410              	.L54:
 411 0010 0226     		movs	r6, #2
 412 0012 52E0     		b	.L45
 413              	.L64:
 414              	.LVL45:
 377:Drivers/STM32F1xx_HAL_Driver/Src/stm32f1xx_hal_gpio.c ****       {
 378:Drivers/STM32F1xx_HAL_Driver/Src/stm32f1xx_hal_gpio.c ****         tmp = 0x0FuL << (4u * (position & 0x03u));
 379:Drivers/STM32F1xx_HAL_Driver/Src/stm32f1xx_hal_gpio.c ****         CLEAR_BIT(AFIO->EXTICR[position >> 2u], tmp);
 415              		.loc 1 379 0
 416 0014 344D     		ldr	r5, .L66
 417 0016 0EF10204 		add	r4, lr, #2
 418 001a 55F82460 		ldr	r6, [r5, r4, lsl #2]
 419 001e 26EA0706 		bic	r6, r6, r7
 420 0022 45F82460 		str	r6, [r5, r4, lsl #2]
 380:Drivers/STM32F1xx_HAL_Driver/Src/stm32f1xx_hal_gpio.c **** 
 381:Drivers/STM32F1xx_HAL_Driver/Src/stm32f1xx_hal_gpio.c ****         /* Clear EXTI line configuration */
 382:Drivers/STM32F1xx_HAL_Driver/Src/stm32f1xx_hal_gpio.c ****         CLEAR_BIT(EXTI->IMR, (uint32_t)iocurrent);
 421              		.loc 1 382 0
 422 0026 314C     		ldr	r4, .L66+4
 423 0028 2668     		ldr	r6, [r4]
 424 002a DD43     		mvns	r5, r3
 425 002c 2E40     		ands	r6, r6, r5
 426 002e 2660     		str	r6, [r4]
 383:Drivers/STM32F1xx_HAL_Driver/Src/stm32f1xx_hal_gpio.c ****         CLEAR_BIT(EXTI->EMR, (uint32_t)iocurrent);
 427              		.loc 1 383 0
 428 0030 6668     		ldr	r6, [r4, #4]
 429 0032 2E40     		ands	r6, r6, r5
 430 0034 6660     		str	r6, [r4, #4]
 384:Drivers/STM32F1xx_HAL_Driver/Src/stm32f1xx_hal_gpio.c **** 
 385:Drivers/STM32F1xx_HAL_Driver/Src/stm32f1xx_hal_gpio.c ****         /* Clear Rising Falling edge configuration */
 386:Drivers/STM32F1xx_HAL_Driver/Src/stm32f1xx_hal_gpio.c ****         CLEAR_BIT(EXTI->RTSR, (uint32_t)iocurrent);
 431              		.loc 1 386 0
 432 0036 A668     		ldr	r6, [r4, #8]
 433 0038 2E40     		ands	r6, r6, r5
 434 003a A660     		str	r6, [r4, #8]
 387:Drivers/STM32F1xx_HAL_Driver/Src/stm32f1xx_hal_gpio.c ****         CLEAR_BIT(EXTI->FTSR, (uint32_t)iocurrent);
 435              		.loc 1 387 0
 436 003c E668     		ldr	r6, [r4, #12]
 437 003e 3540     		ands	r5, r5, r6
 438 0040 E560     		str	r5, [r4, #12]
 439 0042 3EE0     		b	.L46
 440              	.LVL46:
 441              	.L47:
 388:Drivers/STM32F1xx_HAL_Driver/Src/stm32f1xx_hal_gpio.c ****       }
 389:Drivers/STM32F1xx_HAL_Driver/Src/stm32f1xx_hal_gpio.c ****       /*------------------------- GPIO Mode Configuration --------------------*/
ARM GAS  /tmp/cc6jLI3e.s 			page 16


 390:Drivers/STM32F1xx_HAL_Driver/Src/stm32f1xx_hal_gpio.c ****       /* Check if the current bit belongs to first half or last half of the pin count number
 391:Drivers/STM32F1xx_HAL_Driver/Src/stm32f1xx_hal_gpio.c ****        in order to address CRH or CRL register */
 392:Drivers/STM32F1xx_HAL_Driver/Src/stm32f1xx_hal_gpio.c ****       configregister = (iocurrent < GPIO_PIN_8) ? &GPIOx->CRL     : &GPIOx->CRH;
 442              		.loc 1 392 0 discriminator 2
 443 0044 00F1040E 		add	lr, r0, #4
 444 0048 3EE0     		b	.L48
 445              	.LVL47:
 446              	.L49:
 393:Drivers/STM32F1xx_HAL_Driver/Src/stm32f1xx_hal_gpio.c ****       registeroffset = (iocurrent < GPIO_PIN_8) ? (position << 2u) : ((position - 8u) << 2u);
 447              		.loc 1 393 0 discriminator 2
 448 004a A2F10805 		sub	r5, r2, #8
 449 004e AF00     		lsls	r7, r5, #2
 450              	.L50:
 451              	.LVL48:
 394:Drivers/STM32F1xx_HAL_Driver/Src/stm32f1xx_hal_gpio.c **** 
 395:Drivers/STM32F1xx_HAL_Driver/Src/stm32f1xx_hal_gpio.c ****       /* CRL/CRH default value is floating input(0x04) shifted to correct position */
 396:Drivers/STM32F1xx_HAL_Driver/Src/stm32f1xx_hal_gpio.c ****       MODIFY_REG(*configregister, ((GPIO_CRL_MODE0 | GPIO_CRL_CNF0) << registeroffset), GPIO_CRL_CN
 452              		.loc 1 396 0 discriminator 4
 453 0050 DEF80040 		ldr	r4, [lr]
 454 0054 0F26     		movs	r6, #15
 455 0056 BE40     		lsls	r6, r6, r7
 456 0058 24EA0604 		bic	r4, r4, r6
 457 005c 0425     		movs	r5, #4
 458 005e BD40     		lsls	r5, r5, r7
 459 0060 2C43     		orrs	r4, r4, r5
 460 0062 CEF80040 		str	r4, [lr]
 397:Drivers/STM32F1xx_HAL_Driver/Src/stm32f1xx_hal_gpio.c **** 
 398:Drivers/STM32F1xx_HAL_Driver/Src/stm32f1xx_hal_gpio.c ****       /* ODR default value is 0 */
 399:Drivers/STM32F1xx_HAL_Driver/Src/stm32f1xx_hal_gpio.c ****       CLEAR_BIT(GPIOx->ODR, iocurrent);
 461              		.loc 1 399 0 discriminator 4
 462 0066 C468     		ldr	r4, [r0, #12]
 463 0068 24EA0303 		bic	r3, r4, r3
 464              	.LVL49:
 465 006c C360     		str	r3, [r0, #12]
 466              	.L44:
 400:Drivers/STM32F1xx_HAL_Driver/Src/stm32f1xx_hal_gpio.c ****     }
 401:Drivers/STM32F1xx_HAL_Driver/Src/stm32f1xx_hal_gpio.c **** 
 402:Drivers/STM32F1xx_HAL_Driver/Src/stm32f1xx_hal_gpio.c ****     position++;
 467              		.loc 1 402 0
 468 006e 0132     		adds	r2, r2, #1
 469              	.LVL50:
 364:Drivers/STM32F1xx_HAL_Driver/Src/stm32f1xx_hal_gpio.c ****   {
 470              		.loc 1 364 0
 471 0070 31FA02F3 		lsrs	r3, r1, r2
 472 0074 2CD0     		beq	.L62
 367:Drivers/STM32F1xx_HAL_Driver/Src/stm32f1xx_hal_gpio.c **** 
 473              		.loc 1 367 0
 474 0076 0123     		movs	r3, #1
 475 0078 9340     		lsls	r3, r3, r2
 476              	.LVL51:
 369:Drivers/STM32F1xx_HAL_Driver/Src/stm32f1xx_hal_gpio.c ****     {
 477              		.loc 1 369 0
 478 007a 0B40     		ands	r3, r1, r3
 479              	.LVL52:
 480 007c F7D0     		beq	.L44
 481              	.LVL53:
 482              	.L58:
ARM GAS  /tmp/cc6jLI3e.s 			page 17


 374:Drivers/STM32F1xx_HAL_Driver/Src/stm32f1xx_hal_gpio.c ****       tmp &= 0x0FuL << (4u * (position & 0x03u));
 483              		.loc 1 374 0
 484 007e 4FEA920E 		lsr	lr, r2, #2
 485 0082 0EF10205 		add	r5, lr, #2
 486 0086 184C     		ldr	r4, .L66
 487 0088 54F82550 		ldr	r5, [r4, r5, lsl #2]
 488              	.LVL54:
 375:Drivers/STM32F1xx_HAL_Driver/Src/stm32f1xx_hal_gpio.c ****       if (tmp == (GPIO_GET_INDEX(GPIOx) << (4u * (position & 0x03u))))
 489              		.loc 1 375 0
 490 008c 02F00304 		and	r4, r2, #3
 491 0090 A400     		lsls	r4, r4, #2
 492 0092 0F26     		movs	r6, #15
 493 0094 06FA04F7 		lsl	r7, r6, r4
 494 0098 3D40     		ands	r5, r5, r7
 495              	.LVL55:
 376:Drivers/STM32F1xx_HAL_Driver/Src/stm32f1xx_hal_gpio.c ****       {
 496              		.loc 1 376 0
 497 009a 154E     		ldr	r6, .L66+8
 498 009c B042     		cmp	r0, r6
 499 009e B3D0     		beq	.L52
 376:Drivers/STM32F1xx_HAL_Driver/Src/stm32f1xx_hal_gpio.c ****       {
 500              		.loc 1 376 0 is_stmt 0 discriminator 1
 501 00a0 06F58066 		add	r6, r6, #1024
 502 00a4 B042     		cmp	r0, r6
 503 00a6 B1D0     		beq	.L53
 376:Drivers/STM32F1xx_HAL_Driver/Src/stm32f1xx_hal_gpio.c ****       {
 504              		.loc 1 376 0 discriminator 3
 505 00a8 06F58066 		add	r6, r6, #1024
 506 00ac B042     		cmp	r0, r6
 507 00ae AFD0     		beq	.L54
 376:Drivers/STM32F1xx_HAL_Driver/Src/stm32f1xx_hal_gpio.c ****       {
 508              		.loc 1 376 0 discriminator 5
 509 00b0 06F58066 		add	r6, r6, #1024
 510 00b4 B042     		cmp	r0, r6
 511 00b6 A5D0     		beq	.L63
 376:Drivers/STM32F1xx_HAL_Driver/Src/stm32f1xx_hal_gpio.c ****       {
 512              		.loc 1 376 0
 513 00b8 0426     		movs	r6, #4
 514              	.L45:
 376:Drivers/STM32F1xx_HAL_Driver/Src/stm32f1xx_hal_gpio.c ****       {
 515              		.loc 1 376 0 discriminator 16
 516 00ba 06FA04F4 		lsl	r4, r6, r4
 517 00be A542     		cmp	r5, r4
 518 00c0 A8D0     		beq	.L64
 519              	.LVL56:
 520              	.L46:
 392:Drivers/STM32F1xx_HAL_Driver/Src/stm32f1xx_hal_gpio.c ****       registeroffset = (iocurrent < GPIO_PIN_8) ? (position << 2u) : ((position - 8u) << 2u);
 521              		.loc 1 392 0 is_stmt 1
 522 00c2 FF2B     		cmp	r3, #255
 523 00c4 BED8     		bhi	.L47
 392:Drivers/STM32F1xx_HAL_Driver/Src/stm32f1xx_hal_gpio.c ****       registeroffset = (iocurrent < GPIO_PIN_8) ? (position << 2u) : ((position - 8u) << 2u);
 524              		.loc 1 392 0 is_stmt 0 discriminator 1
 525 00c6 8646     		mov	lr, r0
 526              	.L48:
 527              	.LVL57:
 393:Drivers/STM32F1xx_HAL_Driver/Src/stm32f1xx_hal_gpio.c **** 
 528              		.loc 1 393 0 is_stmt 1 discriminator 4
ARM GAS  /tmp/cc6jLI3e.s 			page 18


 529 00c8 FF2B     		cmp	r3, #255
 530 00ca BED8     		bhi	.L49
 393:Drivers/STM32F1xx_HAL_Driver/Src/stm32f1xx_hal_gpio.c **** 
 531              		.loc 1 393 0 is_stmt 0 discriminator 1
 532 00cc 9700     		lsls	r7, r2, #2
 533 00ce BFE7     		b	.L50
 534              	.LVL58:
 535              	.L62:
 403:Drivers/STM32F1xx_HAL_Driver/Src/stm32f1xx_hal_gpio.c ****   }
 404:Drivers/STM32F1xx_HAL_Driver/Src/stm32f1xx_hal_gpio.c **** }
 536              		.loc 1 404 0 is_stmt 1
 537 00d0 F0BD     		pop	{r4, r5, r6, r7, pc}
 538              	.LVL59:
 539              	.L59:
 540              	.LCFI4:
 541              		.cfi_def_cfa_offset 0
 542              		.cfi_restore 4
 543              		.cfi_restore 5
 544              		.cfi_restore 6
 545              		.cfi_restore 7
 546              		.cfi_restore 14
 402:Drivers/STM32F1xx_HAL_Driver/Src/stm32f1xx_hal_gpio.c ****   }
 547              		.loc 1 402 0
 548 00d2 0132     		adds	r2, r2, #1
 549              	.LVL60:
 550              	.L57:
 364:Drivers/STM32F1xx_HAL_Driver/Src/stm32f1xx_hal_gpio.c ****   {
 551              		.loc 1 364 0
 552 00d4 31FA02F3 		lsrs	r3, r1, r2
 553 00d8 05D0     		beq	.L65
 367:Drivers/STM32F1xx_HAL_Driver/Src/stm32f1xx_hal_gpio.c **** 
 554              		.loc 1 367 0
 555 00da 0123     		movs	r3, #1
 556 00dc 9340     		lsls	r3, r3, r2
 557              	.LVL61:
 369:Drivers/STM32F1xx_HAL_Driver/Src/stm32f1xx_hal_gpio.c ****     {
 558              		.loc 1 369 0
 559 00de 0B40     		ands	r3, r1, r3
 560              	.LVL62:
 561 00e0 F7D0     		beq	.L59
 352:Drivers/STM32F1xx_HAL_Driver/Src/stm32f1xx_hal_gpio.c ****   uint32_t position = 0x00u;
 562              		.loc 1 352 0
 563 00e2 F0B5     		push	{r4, r5, r6, r7, lr}
 564              	.LCFI5:
 565              		.cfi_def_cfa_offset 20
 566              		.cfi_offset 4, -20
 567              		.cfi_offset 5, -16
 568              		.cfi_offset 6, -12
 569              		.cfi_offset 7, -8
 570              		.cfi_offset 14, -4
 571 00e4 CBE7     		b	.L58
 572              	.LVL63:
 573              	.L65:
 574              	.LCFI6:
 575              		.cfi_def_cfa_offset 0
 576              		.cfi_restore 4
 577              		.cfi_restore 5
ARM GAS  /tmp/cc6jLI3e.s 			page 19


 578              		.cfi_restore 6
 579              		.cfi_restore 7
 580              		.cfi_restore 14
 581 00e6 7047     		bx	lr
 582              	.L67:
 583              		.align	2
 584              	.L66:
 585 00e8 00000140 		.word	1073807360
 586 00ec 00040140 		.word	1073808384
 587 00f0 00080140 		.word	1073809408
 588              		.cfi_endproc
 589              	.LFE66:
 591              		.section	.text.HAL_GPIO_ReadPin,"ax",%progbits
 592              		.align	1
 593              		.global	HAL_GPIO_ReadPin
 594              		.syntax unified
 595              		.thumb
 596              		.thumb_func
 597              		.fpu softvfp
 599              	HAL_GPIO_ReadPin:
 600              	.LFB67:
 405:Drivers/STM32F1xx_HAL_Driver/Src/stm32f1xx_hal_gpio.c **** 
 406:Drivers/STM32F1xx_HAL_Driver/Src/stm32f1xx_hal_gpio.c **** /**
 407:Drivers/STM32F1xx_HAL_Driver/Src/stm32f1xx_hal_gpio.c ****   * @}
 408:Drivers/STM32F1xx_HAL_Driver/Src/stm32f1xx_hal_gpio.c ****   */
 409:Drivers/STM32F1xx_HAL_Driver/Src/stm32f1xx_hal_gpio.c **** 
 410:Drivers/STM32F1xx_HAL_Driver/Src/stm32f1xx_hal_gpio.c **** /** @defgroup GPIO_Exported_Functions_Group2 IO operation functions
 411:Drivers/STM32F1xx_HAL_Driver/Src/stm32f1xx_hal_gpio.c ****  *  @brief   GPIO Read and Write
 412:Drivers/STM32F1xx_HAL_Driver/Src/stm32f1xx_hal_gpio.c ****  *
 413:Drivers/STM32F1xx_HAL_Driver/Src/stm32f1xx_hal_gpio.c **** @verbatim
 414:Drivers/STM32F1xx_HAL_Driver/Src/stm32f1xx_hal_gpio.c ****  ===============================================================================
 415:Drivers/STM32F1xx_HAL_Driver/Src/stm32f1xx_hal_gpio.c ****                        ##### IO operation functions #####
 416:Drivers/STM32F1xx_HAL_Driver/Src/stm32f1xx_hal_gpio.c ****  ===============================================================================
 417:Drivers/STM32F1xx_HAL_Driver/Src/stm32f1xx_hal_gpio.c ****   [..]
 418:Drivers/STM32F1xx_HAL_Driver/Src/stm32f1xx_hal_gpio.c ****     This subsection provides a set of functions allowing to manage the GPIOs.
 419:Drivers/STM32F1xx_HAL_Driver/Src/stm32f1xx_hal_gpio.c **** 
 420:Drivers/STM32F1xx_HAL_Driver/Src/stm32f1xx_hal_gpio.c **** @endverbatim
 421:Drivers/STM32F1xx_HAL_Driver/Src/stm32f1xx_hal_gpio.c ****   * @{
 422:Drivers/STM32F1xx_HAL_Driver/Src/stm32f1xx_hal_gpio.c ****   */
 423:Drivers/STM32F1xx_HAL_Driver/Src/stm32f1xx_hal_gpio.c **** 
 424:Drivers/STM32F1xx_HAL_Driver/Src/stm32f1xx_hal_gpio.c **** /**
 425:Drivers/STM32F1xx_HAL_Driver/Src/stm32f1xx_hal_gpio.c ****   * @brief  Reads the specified input port pin.
 426:Drivers/STM32F1xx_HAL_Driver/Src/stm32f1xx_hal_gpio.c ****   * @param  GPIOx: where x can be (A..G depending on device used) to select the GPIO peripheral
 427:Drivers/STM32F1xx_HAL_Driver/Src/stm32f1xx_hal_gpio.c ****   * @param  GPIO_Pin: specifies the port bit to read.
 428:Drivers/STM32F1xx_HAL_Driver/Src/stm32f1xx_hal_gpio.c ****   *         This parameter can be GPIO_PIN_x where x can be (0..15).
 429:Drivers/STM32F1xx_HAL_Driver/Src/stm32f1xx_hal_gpio.c ****   * @retval The input port pin value.
 430:Drivers/STM32F1xx_HAL_Driver/Src/stm32f1xx_hal_gpio.c ****   */
 431:Drivers/STM32F1xx_HAL_Driver/Src/stm32f1xx_hal_gpio.c **** GPIO_PinState HAL_GPIO_ReadPin(GPIO_TypeDef *GPIOx, uint16_t GPIO_Pin)
 432:Drivers/STM32F1xx_HAL_Driver/Src/stm32f1xx_hal_gpio.c **** {
 601              		.loc 1 432 0
 602              		.cfi_startproc
 603              		@ args = 0, pretend = 0, frame = 0
 604              		@ frame_needed = 0, uses_anonymous_args = 0
 605              		@ link register save eliminated.
 606              	.LVL64:
 433:Drivers/STM32F1xx_HAL_Driver/Src/stm32f1xx_hal_gpio.c ****   GPIO_PinState bitstatus;
 434:Drivers/STM32F1xx_HAL_Driver/Src/stm32f1xx_hal_gpio.c **** 
ARM GAS  /tmp/cc6jLI3e.s 			page 20


 435:Drivers/STM32F1xx_HAL_Driver/Src/stm32f1xx_hal_gpio.c ****   /* Check the parameters */
 436:Drivers/STM32F1xx_HAL_Driver/Src/stm32f1xx_hal_gpio.c ****   assert_param(IS_GPIO_PIN(GPIO_Pin));
 437:Drivers/STM32F1xx_HAL_Driver/Src/stm32f1xx_hal_gpio.c **** 
 438:Drivers/STM32F1xx_HAL_Driver/Src/stm32f1xx_hal_gpio.c ****   if ((GPIOx->IDR & GPIO_Pin) != (uint32_t)GPIO_PIN_RESET)
 607              		.loc 1 438 0
 608 0000 8368     		ldr	r3, [r0, #8]
 609 0002 1942     		tst	r1, r3
 610 0004 01D1     		bne	.L71
 439:Drivers/STM32F1xx_HAL_Driver/Src/stm32f1xx_hal_gpio.c ****   {
 440:Drivers/STM32F1xx_HAL_Driver/Src/stm32f1xx_hal_gpio.c ****     bitstatus = GPIO_PIN_SET;
 441:Drivers/STM32F1xx_HAL_Driver/Src/stm32f1xx_hal_gpio.c ****   }
 442:Drivers/STM32F1xx_HAL_Driver/Src/stm32f1xx_hal_gpio.c ****   else
 443:Drivers/STM32F1xx_HAL_Driver/Src/stm32f1xx_hal_gpio.c ****   {
 444:Drivers/STM32F1xx_HAL_Driver/Src/stm32f1xx_hal_gpio.c ****     bitstatus = GPIO_PIN_RESET;
 611              		.loc 1 444 0
 612 0006 0020     		movs	r0, #0
 613              	.LVL65:
 445:Drivers/STM32F1xx_HAL_Driver/Src/stm32f1xx_hal_gpio.c ****   }
 446:Drivers/STM32F1xx_HAL_Driver/Src/stm32f1xx_hal_gpio.c ****   return bitstatus;
 447:Drivers/STM32F1xx_HAL_Driver/Src/stm32f1xx_hal_gpio.c **** }
 614              		.loc 1 447 0
 615 0008 7047     		bx	lr
 616              	.LVL66:
 617              	.L71:
 440:Drivers/STM32F1xx_HAL_Driver/Src/stm32f1xx_hal_gpio.c ****   }
 618              		.loc 1 440 0
 619 000a 0120     		movs	r0, #1
 620              	.LVL67:
 621 000c 7047     		bx	lr
 622              		.cfi_endproc
 623              	.LFE67:
 625              		.section	.text.HAL_GPIO_WritePin,"ax",%progbits
 626              		.align	1
 627              		.global	HAL_GPIO_WritePin
 628              		.syntax unified
 629              		.thumb
 630              		.thumb_func
 631              		.fpu softvfp
 633              	HAL_GPIO_WritePin:
 634              	.LFB68:
 448:Drivers/STM32F1xx_HAL_Driver/Src/stm32f1xx_hal_gpio.c **** 
 449:Drivers/STM32F1xx_HAL_Driver/Src/stm32f1xx_hal_gpio.c **** /**
 450:Drivers/STM32F1xx_HAL_Driver/Src/stm32f1xx_hal_gpio.c ****   * @brief  Sets or clears the selected data port bit.
 451:Drivers/STM32F1xx_HAL_Driver/Src/stm32f1xx_hal_gpio.c ****   *
 452:Drivers/STM32F1xx_HAL_Driver/Src/stm32f1xx_hal_gpio.c ****   * @note   This function uses GPIOx_BSRR register to allow atomic read/modify
 453:Drivers/STM32F1xx_HAL_Driver/Src/stm32f1xx_hal_gpio.c ****   *         accesses. In this way, there is no risk of an IRQ occurring between
 454:Drivers/STM32F1xx_HAL_Driver/Src/stm32f1xx_hal_gpio.c ****   *         the read and the modify access.
 455:Drivers/STM32F1xx_HAL_Driver/Src/stm32f1xx_hal_gpio.c ****   *
 456:Drivers/STM32F1xx_HAL_Driver/Src/stm32f1xx_hal_gpio.c ****   * @param  GPIOx: where x can be (A..G depending on device used) to select the GPIO peripheral
 457:Drivers/STM32F1xx_HAL_Driver/Src/stm32f1xx_hal_gpio.c ****   * @param  GPIO_Pin: specifies the port bit to be written.
 458:Drivers/STM32F1xx_HAL_Driver/Src/stm32f1xx_hal_gpio.c ****   *          This parameter can be one of GPIO_PIN_x where x can be (0..15).
 459:Drivers/STM32F1xx_HAL_Driver/Src/stm32f1xx_hal_gpio.c ****   * @param  PinState: specifies the value to be written to the selected bit.
 460:Drivers/STM32F1xx_HAL_Driver/Src/stm32f1xx_hal_gpio.c ****   *          This parameter can be one of the GPIO_PinState enum values:
 461:Drivers/STM32F1xx_HAL_Driver/Src/stm32f1xx_hal_gpio.c ****   *            @arg GPIO_PIN_RESET: to clear the port pin
 462:Drivers/STM32F1xx_HAL_Driver/Src/stm32f1xx_hal_gpio.c ****   *            @arg GPIO_PIN_SET: to set the port pin
 463:Drivers/STM32F1xx_HAL_Driver/Src/stm32f1xx_hal_gpio.c ****   * @retval None
 464:Drivers/STM32F1xx_HAL_Driver/Src/stm32f1xx_hal_gpio.c ****   */
ARM GAS  /tmp/cc6jLI3e.s 			page 21


 465:Drivers/STM32F1xx_HAL_Driver/Src/stm32f1xx_hal_gpio.c **** void HAL_GPIO_WritePin(GPIO_TypeDef *GPIOx, uint16_t GPIO_Pin, GPIO_PinState PinState)
 466:Drivers/STM32F1xx_HAL_Driver/Src/stm32f1xx_hal_gpio.c **** {
 635              		.loc 1 466 0
 636              		.cfi_startproc
 637              		@ args = 0, pretend = 0, frame = 0
 638              		@ frame_needed = 0, uses_anonymous_args = 0
 639              		@ link register save eliminated.
 640              	.LVL68:
 467:Drivers/STM32F1xx_HAL_Driver/Src/stm32f1xx_hal_gpio.c ****   /* Check the parameters */
 468:Drivers/STM32F1xx_HAL_Driver/Src/stm32f1xx_hal_gpio.c ****   assert_param(IS_GPIO_PIN(GPIO_Pin));
 469:Drivers/STM32F1xx_HAL_Driver/Src/stm32f1xx_hal_gpio.c ****   assert_param(IS_GPIO_PIN_ACTION(PinState));
 470:Drivers/STM32F1xx_HAL_Driver/Src/stm32f1xx_hal_gpio.c **** 
 471:Drivers/STM32F1xx_HAL_Driver/Src/stm32f1xx_hal_gpio.c ****   if (PinState != GPIO_PIN_RESET)
 641              		.loc 1 471 0
 642 0000 12B9     		cbnz	r2, .L75
 472:Drivers/STM32F1xx_HAL_Driver/Src/stm32f1xx_hal_gpio.c ****   {
 473:Drivers/STM32F1xx_HAL_Driver/Src/stm32f1xx_hal_gpio.c ****     GPIOx->BSRR = GPIO_Pin;
 474:Drivers/STM32F1xx_HAL_Driver/Src/stm32f1xx_hal_gpio.c ****   }
 475:Drivers/STM32F1xx_HAL_Driver/Src/stm32f1xx_hal_gpio.c ****   else
 476:Drivers/STM32F1xx_HAL_Driver/Src/stm32f1xx_hal_gpio.c ****   {
 477:Drivers/STM32F1xx_HAL_Driver/Src/stm32f1xx_hal_gpio.c ****     GPIOx->BSRR = (uint32_t)GPIO_Pin << 16u;
 643              		.loc 1 477 0
 644 0002 0904     		lsls	r1, r1, #16
 645              	.LVL69:
 646 0004 0161     		str	r1, [r0, #16]
 647 0006 7047     		bx	lr
 648              	.LVL70:
 649              	.L75:
 473:Drivers/STM32F1xx_HAL_Driver/Src/stm32f1xx_hal_gpio.c ****   }
 650              		.loc 1 473 0
 651 0008 0161     		str	r1, [r0, #16]
 652 000a 7047     		bx	lr
 653              		.cfi_endproc
 654              	.LFE68:
 656              		.section	.text.HAL_GPIO_TogglePin,"ax",%progbits
 657              		.align	1
 658              		.global	HAL_GPIO_TogglePin
 659              		.syntax unified
 660              		.thumb
 661              		.thumb_func
 662              		.fpu softvfp
 664              	HAL_GPIO_TogglePin:
 665              	.LFB69:
 478:Drivers/STM32F1xx_HAL_Driver/Src/stm32f1xx_hal_gpio.c ****   }
 479:Drivers/STM32F1xx_HAL_Driver/Src/stm32f1xx_hal_gpio.c **** }
 480:Drivers/STM32F1xx_HAL_Driver/Src/stm32f1xx_hal_gpio.c **** 
 481:Drivers/STM32F1xx_HAL_Driver/Src/stm32f1xx_hal_gpio.c **** /**
 482:Drivers/STM32F1xx_HAL_Driver/Src/stm32f1xx_hal_gpio.c ****   * @brief  Toggles the specified GPIO pin
 483:Drivers/STM32F1xx_HAL_Driver/Src/stm32f1xx_hal_gpio.c ****   * @param  GPIOx: where x can be (A..G depending on device used) to select the GPIO peripheral
 484:Drivers/STM32F1xx_HAL_Driver/Src/stm32f1xx_hal_gpio.c ****   * @param  GPIO_Pin: Specifies the pins to be toggled.
 485:Drivers/STM32F1xx_HAL_Driver/Src/stm32f1xx_hal_gpio.c ****   * @retval None
 486:Drivers/STM32F1xx_HAL_Driver/Src/stm32f1xx_hal_gpio.c ****   */
 487:Drivers/STM32F1xx_HAL_Driver/Src/stm32f1xx_hal_gpio.c **** void HAL_GPIO_TogglePin(GPIO_TypeDef *GPIOx, uint16_t GPIO_Pin)
 488:Drivers/STM32F1xx_HAL_Driver/Src/stm32f1xx_hal_gpio.c **** {
 666              		.loc 1 488 0
 667              		.cfi_startproc
 668              		@ args = 0, pretend = 0, frame = 0
ARM GAS  /tmp/cc6jLI3e.s 			page 22


 669              		@ frame_needed = 0, uses_anonymous_args = 0
 670              		@ link register save eliminated.
 671              	.LVL71:
 489:Drivers/STM32F1xx_HAL_Driver/Src/stm32f1xx_hal_gpio.c ****   /* Check the parameters */
 490:Drivers/STM32F1xx_HAL_Driver/Src/stm32f1xx_hal_gpio.c ****   assert_param(IS_GPIO_PIN(GPIO_Pin));
 491:Drivers/STM32F1xx_HAL_Driver/Src/stm32f1xx_hal_gpio.c **** 
 492:Drivers/STM32F1xx_HAL_Driver/Src/stm32f1xx_hal_gpio.c ****   if ((GPIOx->ODR & GPIO_Pin) != 0x00u)
 672              		.loc 1 492 0
 673 0000 C368     		ldr	r3, [r0, #12]
 674 0002 0B42     		tst	r3, r1
 675 0004 01D1     		bne	.L79
 493:Drivers/STM32F1xx_HAL_Driver/Src/stm32f1xx_hal_gpio.c ****   {
 494:Drivers/STM32F1xx_HAL_Driver/Src/stm32f1xx_hal_gpio.c ****     GPIOx->BRR = (uint32_t)GPIO_Pin;
 495:Drivers/STM32F1xx_HAL_Driver/Src/stm32f1xx_hal_gpio.c ****   }
 496:Drivers/STM32F1xx_HAL_Driver/Src/stm32f1xx_hal_gpio.c ****   else
 497:Drivers/STM32F1xx_HAL_Driver/Src/stm32f1xx_hal_gpio.c ****   {
 498:Drivers/STM32F1xx_HAL_Driver/Src/stm32f1xx_hal_gpio.c ****     GPIOx->BSRR = (uint32_t)GPIO_Pin;
 676              		.loc 1 498 0
 677 0006 0161     		str	r1, [r0, #16]
 678 0008 7047     		bx	lr
 679              	.L79:
 494:Drivers/STM32F1xx_HAL_Driver/Src/stm32f1xx_hal_gpio.c ****   }
 680              		.loc 1 494 0
 681 000a 4161     		str	r1, [r0, #20]
 682 000c 7047     		bx	lr
 683              		.cfi_endproc
 684              	.LFE69:
 686              		.section	.text.HAL_GPIO_LockPin,"ax",%progbits
 687              		.align	1
 688              		.global	HAL_GPIO_LockPin
 689              		.syntax unified
 690              		.thumb
 691              		.thumb_func
 692              		.fpu softvfp
 694              	HAL_GPIO_LockPin:
 695              	.LFB70:
 499:Drivers/STM32F1xx_HAL_Driver/Src/stm32f1xx_hal_gpio.c ****   }
 500:Drivers/STM32F1xx_HAL_Driver/Src/stm32f1xx_hal_gpio.c **** }
 501:Drivers/STM32F1xx_HAL_Driver/Src/stm32f1xx_hal_gpio.c **** 
 502:Drivers/STM32F1xx_HAL_Driver/Src/stm32f1xx_hal_gpio.c **** /**
 503:Drivers/STM32F1xx_HAL_Driver/Src/stm32f1xx_hal_gpio.c **** * @brief  Locks GPIO Pins configuration registers.
 504:Drivers/STM32F1xx_HAL_Driver/Src/stm32f1xx_hal_gpio.c **** * @note   The locking mechanism allows the IO configuration to be frozen. When the LOCK sequence
 505:Drivers/STM32F1xx_HAL_Driver/Src/stm32f1xx_hal_gpio.c **** *         has been applied on a port bit, it is no longer possible to modify the value of the port 
 506:Drivers/STM32F1xx_HAL_Driver/Src/stm32f1xx_hal_gpio.c **** *         the next reset.
 507:Drivers/STM32F1xx_HAL_Driver/Src/stm32f1xx_hal_gpio.c **** * @param  GPIOx: where x can be (A..G depending on device used) to select the GPIO peripheral
 508:Drivers/STM32F1xx_HAL_Driver/Src/stm32f1xx_hal_gpio.c **** * @param  GPIO_Pin: specifies the port bit to be locked.
 509:Drivers/STM32F1xx_HAL_Driver/Src/stm32f1xx_hal_gpio.c **** *         This parameter can be any combination of GPIO_Pin_x where x can be (0..15).
 510:Drivers/STM32F1xx_HAL_Driver/Src/stm32f1xx_hal_gpio.c **** * @retval None
 511:Drivers/STM32F1xx_HAL_Driver/Src/stm32f1xx_hal_gpio.c **** */
 512:Drivers/STM32F1xx_HAL_Driver/Src/stm32f1xx_hal_gpio.c **** HAL_StatusTypeDef HAL_GPIO_LockPin(GPIO_TypeDef *GPIOx, uint16_t GPIO_Pin)
 513:Drivers/STM32F1xx_HAL_Driver/Src/stm32f1xx_hal_gpio.c **** {
 696              		.loc 1 513 0
 697              		.cfi_startproc
 698              		@ args = 0, pretend = 0, frame = 8
 699              		@ frame_needed = 0, uses_anonymous_args = 0
 700              		@ link register save eliminated.
 701              	.LVL72:
ARM GAS  /tmp/cc6jLI3e.s 			page 23


 702 0000 82B0     		sub	sp, sp, #8
 703              	.LCFI7:
 704              		.cfi_def_cfa_offset 8
 514:Drivers/STM32F1xx_HAL_Driver/Src/stm32f1xx_hal_gpio.c ****   __IO uint32_t tmp = GPIO_LCKR_LCKK;
 705              		.loc 1 514 0
 706 0002 4FF48033 		mov	r3, #65536
 707 0006 0193     		str	r3, [sp, #4]
 515:Drivers/STM32F1xx_HAL_Driver/Src/stm32f1xx_hal_gpio.c **** 
 516:Drivers/STM32F1xx_HAL_Driver/Src/stm32f1xx_hal_gpio.c ****   /* Check the parameters */
 517:Drivers/STM32F1xx_HAL_Driver/Src/stm32f1xx_hal_gpio.c ****   assert_param(IS_GPIO_LOCK_INSTANCE(GPIOx));
 518:Drivers/STM32F1xx_HAL_Driver/Src/stm32f1xx_hal_gpio.c ****   assert_param(IS_GPIO_PIN(GPIO_Pin));
 519:Drivers/STM32F1xx_HAL_Driver/Src/stm32f1xx_hal_gpio.c **** 
 520:Drivers/STM32F1xx_HAL_Driver/Src/stm32f1xx_hal_gpio.c ****   /* Apply lock key write sequence */
 521:Drivers/STM32F1xx_HAL_Driver/Src/stm32f1xx_hal_gpio.c ****   SET_BIT(tmp, GPIO_Pin);
 708              		.loc 1 521 0
 709 0008 019B     		ldr	r3, [sp, #4]
 710 000a 0B43     		orrs	r3, r3, r1
 711 000c 0193     		str	r3, [sp, #4]
 522:Drivers/STM32F1xx_HAL_Driver/Src/stm32f1xx_hal_gpio.c ****   /* Set LCKx bit(s): LCKK='1' + LCK[15-0] */
 523:Drivers/STM32F1xx_HAL_Driver/Src/stm32f1xx_hal_gpio.c ****   GPIOx->LCKR = tmp;
 712              		.loc 1 523 0
 713 000e 019B     		ldr	r3, [sp, #4]
 714 0010 8361     		str	r3, [r0, #24]
 524:Drivers/STM32F1xx_HAL_Driver/Src/stm32f1xx_hal_gpio.c ****   /* Reset LCKx bit(s): LCKK='0' + LCK[15-0] */
 525:Drivers/STM32F1xx_HAL_Driver/Src/stm32f1xx_hal_gpio.c ****   GPIOx->LCKR = GPIO_Pin;
 715              		.loc 1 525 0
 716 0012 8161     		str	r1, [r0, #24]
 526:Drivers/STM32F1xx_HAL_Driver/Src/stm32f1xx_hal_gpio.c ****   /* Set LCKx bit(s): LCKK='1' + LCK[15-0] */
 527:Drivers/STM32F1xx_HAL_Driver/Src/stm32f1xx_hal_gpio.c ****   GPIOx->LCKR = tmp;
 717              		.loc 1 527 0
 718 0014 019B     		ldr	r3, [sp, #4]
 719 0016 8361     		str	r3, [r0, #24]
 528:Drivers/STM32F1xx_HAL_Driver/Src/stm32f1xx_hal_gpio.c ****   /* Read LCKK register. This read is mandatory to complete key lock sequence */
 529:Drivers/STM32F1xx_HAL_Driver/Src/stm32f1xx_hal_gpio.c ****   tmp = GPIOx->LCKR;
 720              		.loc 1 529 0
 721 0018 8369     		ldr	r3, [r0, #24]
 722 001a 0193     		str	r3, [sp, #4]
 530:Drivers/STM32F1xx_HAL_Driver/Src/stm32f1xx_hal_gpio.c **** 
 531:Drivers/STM32F1xx_HAL_Driver/Src/stm32f1xx_hal_gpio.c ****   /* read again in order to confirm lock is active */
 532:Drivers/STM32F1xx_HAL_Driver/Src/stm32f1xx_hal_gpio.c ****   if ((uint32_t)(GPIOx->LCKR & GPIO_LCKR_LCKK))
 723              		.loc 1 532 0
 724 001c 8369     		ldr	r3, [r0, #24]
 725 001e 13F4803F 		tst	r3, #65536
 726 0022 02D1     		bne	.L84
 533:Drivers/STM32F1xx_HAL_Driver/Src/stm32f1xx_hal_gpio.c ****   {
 534:Drivers/STM32F1xx_HAL_Driver/Src/stm32f1xx_hal_gpio.c ****     return HAL_OK;
 535:Drivers/STM32F1xx_HAL_Driver/Src/stm32f1xx_hal_gpio.c ****   }
 536:Drivers/STM32F1xx_HAL_Driver/Src/stm32f1xx_hal_gpio.c ****   else
 537:Drivers/STM32F1xx_HAL_Driver/Src/stm32f1xx_hal_gpio.c ****   {
 538:Drivers/STM32F1xx_HAL_Driver/Src/stm32f1xx_hal_gpio.c ****     return HAL_ERROR;
 727              		.loc 1 538 0
 728 0024 0120     		movs	r0, #1
 729              	.LVL73:
 730              	.L81:
 539:Drivers/STM32F1xx_HAL_Driver/Src/stm32f1xx_hal_gpio.c ****   }
 540:Drivers/STM32F1xx_HAL_Driver/Src/stm32f1xx_hal_gpio.c **** }
 731              		.loc 1 540 0
ARM GAS  /tmp/cc6jLI3e.s 			page 24


 732 0026 02B0     		add	sp, sp, #8
 733              	.LCFI8:
 734              		.cfi_remember_state
 735              		.cfi_def_cfa_offset 0
 736              		@ sp needed
 737 0028 7047     		bx	lr
 738              	.LVL74:
 739              	.L84:
 740              	.LCFI9:
 741              		.cfi_restore_state
 534:Drivers/STM32F1xx_HAL_Driver/Src/stm32f1xx_hal_gpio.c ****   }
 742              		.loc 1 534 0
 743 002a 0020     		movs	r0, #0
 744              	.LVL75:
 745 002c FBE7     		b	.L81
 746              		.cfi_endproc
 747              	.LFE70:
 749              		.section	.text.HAL_GPIO_EXTI_Callback,"ax",%progbits
 750              		.align	1
 751              		.weak	HAL_GPIO_EXTI_Callback
 752              		.syntax unified
 753              		.thumb
 754              		.thumb_func
 755              		.fpu softvfp
 757              	HAL_GPIO_EXTI_Callback:
 758              	.LFB72:
 541:Drivers/STM32F1xx_HAL_Driver/Src/stm32f1xx_hal_gpio.c **** 
 542:Drivers/STM32F1xx_HAL_Driver/Src/stm32f1xx_hal_gpio.c **** /**
 543:Drivers/STM32F1xx_HAL_Driver/Src/stm32f1xx_hal_gpio.c ****   * @brief  This function handles EXTI interrupt request.
 544:Drivers/STM32F1xx_HAL_Driver/Src/stm32f1xx_hal_gpio.c ****   * @param  GPIO_Pin: Specifies the pins connected EXTI line
 545:Drivers/STM32F1xx_HAL_Driver/Src/stm32f1xx_hal_gpio.c ****   * @retval None
 546:Drivers/STM32F1xx_HAL_Driver/Src/stm32f1xx_hal_gpio.c ****   */
 547:Drivers/STM32F1xx_HAL_Driver/Src/stm32f1xx_hal_gpio.c **** void HAL_GPIO_EXTI_IRQHandler(uint16_t GPIO_Pin)
 548:Drivers/STM32F1xx_HAL_Driver/Src/stm32f1xx_hal_gpio.c **** {
 549:Drivers/STM32F1xx_HAL_Driver/Src/stm32f1xx_hal_gpio.c ****   /* EXTI line interrupt detected */
 550:Drivers/STM32F1xx_HAL_Driver/Src/stm32f1xx_hal_gpio.c ****   if (__HAL_GPIO_EXTI_GET_IT(GPIO_Pin) != 0x00u)
 551:Drivers/STM32F1xx_HAL_Driver/Src/stm32f1xx_hal_gpio.c ****   {
 552:Drivers/STM32F1xx_HAL_Driver/Src/stm32f1xx_hal_gpio.c ****     __HAL_GPIO_EXTI_CLEAR_IT(GPIO_Pin);
 553:Drivers/STM32F1xx_HAL_Driver/Src/stm32f1xx_hal_gpio.c ****     HAL_GPIO_EXTI_Callback(GPIO_Pin);
 554:Drivers/STM32F1xx_HAL_Driver/Src/stm32f1xx_hal_gpio.c ****   }
 555:Drivers/STM32F1xx_HAL_Driver/Src/stm32f1xx_hal_gpio.c **** }
 556:Drivers/STM32F1xx_HAL_Driver/Src/stm32f1xx_hal_gpio.c **** 
 557:Drivers/STM32F1xx_HAL_Driver/Src/stm32f1xx_hal_gpio.c **** /**
 558:Drivers/STM32F1xx_HAL_Driver/Src/stm32f1xx_hal_gpio.c ****   * @brief  EXTI line detection callbacks.
 559:Drivers/STM32F1xx_HAL_Driver/Src/stm32f1xx_hal_gpio.c ****   * @param  GPIO_Pin: Specifies the pins connected EXTI line
 560:Drivers/STM32F1xx_HAL_Driver/Src/stm32f1xx_hal_gpio.c ****   * @retval None
 561:Drivers/STM32F1xx_HAL_Driver/Src/stm32f1xx_hal_gpio.c ****   */
 562:Drivers/STM32F1xx_HAL_Driver/Src/stm32f1xx_hal_gpio.c **** __weak void HAL_GPIO_EXTI_Callback(uint16_t GPIO_Pin)
 563:Drivers/STM32F1xx_HAL_Driver/Src/stm32f1xx_hal_gpio.c **** {
 759              		.loc 1 563 0
 760              		.cfi_startproc
 761              		@ args = 0, pretend = 0, frame = 0
 762              		@ frame_needed = 0, uses_anonymous_args = 0
 763              		@ link register save eliminated.
 764              	.LVL76:
 765 0000 7047     		bx	lr
 766              		.cfi_endproc
ARM GAS  /tmp/cc6jLI3e.s 			page 25


 767              	.LFE72:
 769              		.section	.text.HAL_GPIO_EXTI_IRQHandler,"ax",%progbits
 770              		.align	1
 771              		.global	HAL_GPIO_EXTI_IRQHandler
 772              		.syntax unified
 773              		.thumb
 774              		.thumb_func
 775              		.fpu softvfp
 777              	HAL_GPIO_EXTI_IRQHandler:
 778              	.LFB71:
 548:Drivers/STM32F1xx_HAL_Driver/Src/stm32f1xx_hal_gpio.c ****   /* EXTI line interrupt detected */
 779              		.loc 1 548 0
 780              		.cfi_startproc
 781              		@ args = 0, pretend = 0, frame = 0
 782              		@ frame_needed = 0, uses_anonymous_args = 0
 783              	.LVL77:
 548:Drivers/STM32F1xx_HAL_Driver/Src/stm32f1xx_hal_gpio.c ****   /* EXTI line interrupt detected */
 784              		.loc 1 548 0
 785 0000 08B5     		push	{r3, lr}
 786              	.LCFI10:
 787              		.cfi_def_cfa_offset 8
 788              		.cfi_offset 3, -8
 789              		.cfi_offset 14, -4
 550:Drivers/STM32F1xx_HAL_Driver/Src/stm32f1xx_hal_gpio.c ****   {
 790              		.loc 1 550 0
 791 0002 054B     		ldr	r3, .L90
 792 0004 5B69     		ldr	r3, [r3, #20]
 793 0006 0342     		tst	r3, r0
 794 0008 00D1     		bne	.L89
 795              	.LVL78:
 796              	.L86:
 797 000a 08BD     		pop	{r3, pc}
 798              	.LVL79:
 799              	.L89:
 552:Drivers/STM32F1xx_HAL_Driver/Src/stm32f1xx_hal_gpio.c ****     HAL_GPIO_EXTI_Callback(GPIO_Pin);
 800              		.loc 1 552 0
 801 000c 024B     		ldr	r3, .L90
 802 000e 5861     		str	r0, [r3, #20]
 553:Drivers/STM32F1xx_HAL_Driver/Src/stm32f1xx_hal_gpio.c ****   }
 803              		.loc 1 553 0
 804 0010 FFF7FEFF 		bl	HAL_GPIO_EXTI_Callback
 805              	.LVL80:
 555:Drivers/STM32F1xx_HAL_Driver/Src/stm32f1xx_hal_gpio.c **** 
 806              		.loc 1 555 0
 807 0014 F9E7     		b	.L86
 808              	.L91:
 809 0016 00BF     		.align	2
 810              	.L90:
 811 0018 00040140 		.word	1073808384
 812              		.cfi_endproc
 813              	.LFE71:
 815              		.text
 816              	.Letext0:
 817              		.file 2 "/usr/include/newlib/machine/_default_types.h"
 818              		.file 3 "/usr/include/newlib/sys/_stdint.h"
 819              		.file 4 "Drivers/CMSIS/Include/core_cm3.h"
 820              		.file 5 "Drivers/CMSIS/Device/ST/STM32F1xx/Include/system_stm32f1xx.h"
ARM GAS  /tmp/cc6jLI3e.s 			page 26


 821              		.file 6 "Drivers/CMSIS/Device/ST/STM32F1xx/Include/stm32f103xb.h"
 822              		.file 7 "Drivers/STM32F1xx_HAL_Driver/Inc/stm32f1xx_hal_def.h"
 823              		.file 8 "Drivers/STM32F1xx_HAL_Driver/Inc/stm32f1xx_hal_gpio.h"
 824              		.file 9 "Drivers/STM32F1xx_HAL_Driver/Inc/stm32f1xx_hal.h"
ARM GAS  /tmp/cc6jLI3e.s 			page 27


DEFINED SYMBOLS
                            *ABS*:0000000000000000 stm32f1xx_hal_gpio.c
     /tmp/cc6jLI3e.s:16     .text.HAL_GPIO_Init:0000000000000000 $t
     /tmp/cc6jLI3e.s:23     .text.HAL_GPIO_Init:0000000000000000 HAL_GPIO_Init
     /tmp/cc6jLI3e.s:364    .text.HAL_GPIO_Init:00000000000001d8 $d
     /tmp/cc6jLI3e.s:374    .text.HAL_GPIO_DeInit:0000000000000000 $t
     /tmp/cc6jLI3e.s:381    .text.HAL_GPIO_DeInit:0000000000000000 HAL_GPIO_DeInit
     /tmp/cc6jLI3e.s:585    .text.HAL_GPIO_DeInit:00000000000000e8 $d
     /tmp/cc6jLI3e.s:592    .text.HAL_GPIO_ReadPin:0000000000000000 $t
     /tmp/cc6jLI3e.s:599    .text.HAL_GPIO_ReadPin:0000000000000000 HAL_GPIO_ReadPin
     /tmp/cc6jLI3e.s:626    .text.HAL_GPIO_WritePin:0000000000000000 $t
     /tmp/cc6jLI3e.s:633    .text.HAL_GPIO_WritePin:0000000000000000 HAL_GPIO_WritePin
     /tmp/cc6jLI3e.s:657    .text.HAL_GPIO_TogglePin:0000000000000000 $t
     /tmp/cc6jLI3e.s:664    .text.HAL_GPIO_TogglePin:0000000000000000 HAL_GPIO_TogglePin
     /tmp/cc6jLI3e.s:687    .text.HAL_GPIO_LockPin:0000000000000000 $t
     /tmp/cc6jLI3e.s:694    .text.HAL_GPIO_LockPin:0000000000000000 HAL_GPIO_LockPin
     /tmp/cc6jLI3e.s:750    .text.HAL_GPIO_EXTI_Callback:0000000000000000 $t
     /tmp/cc6jLI3e.s:757    .text.HAL_GPIO_EXTI_Callback:0000000000000000 HAL_GPIO_EXTI_Callback
     /tmp/cc6jLI3e.s:770    .text.HAL_GPIO_EXTI_IRQHandler:0000000000000000 $t
     /tmp/cc6jLI3e.s:777    .text.HAL_GPIO_EXTI_IRQHandler:0000000000000000 HAL_GPIO_EXTI_IRQHandler
     /tmp/cc6jLI3e.s:811    .text.HAL_GPIO_EXTI_IRQHandler:0000000000000018 $d
                     .debug_frame:0000000000000010 $d

NO UNDEFINED SYMBOLS
