ARM GAS  /tmp/ccTNOsGS.s 			page 1


   1              		.cpu cortex-m3
   2              		.eabi_attribute 20, 1
   3              		.eabi_attribute 21, 1
   4              		.eabi_attribute 23, 3
   5              		.eabi_attribute 24, 1
   6              		.eabi_attribute 25, 1
   7              		.eabi_attribute 26, 1
   8              		.eabi_attribute 30, 1
   9              		.eabi_attribute 34, 1
  10              		.eabi_attribute 18, 4
  11              		.file	"stm32f1xx_hal.c"
  12              		.text
  13              	.Ltext0:
  14              		.cfi_sections	.debug_frame
  15              		.section	.text.HAL_MspInit,"ax",%progbits
  16              		.align	1
  17              		.weak	HAL_MspInit
  18              		.syntax unified
  19              		.thumb
  20              		.thumb_func
  21              		.fpu softvfp
  23              	HAL_MspInit:
  24              	.LFB67:
  25              		.file 1 "Drivers/STM32F1xx_HAL_Driver/Src/stm32f1xx_hal.c"
   1:Drivers/STM32F1xx_HAL_Driver/Src/stm32f1xx_hal.c **** /**
   2:Drivers/STM32F1xx_HAL_Driver/Src/stm32f1xx_hal.c ****   ******************************************************************************
   3:Drivers/STM32F1xx_HAL_Driver/Src/stm32f1xx_hal.c ****   * @file    stm32f1xx_hal.c
   4:Drivers/STM32F1xx_HAL_Driver/Src/stm32f1xx_hal.c ****   * @author  MCD Application Team
   5:Drivers/STM32F1xx_HAL_Driver/Src/stm32f1xx_hal.c ****   * @brief   HAL module driver.
   6:Drivers/STM32F1xx_HAL_Driver/Src/stm32f1xx_hal.c ****   *          This is the common part of the HAL initialization
   7:Drivers/STM32F1xx_HAL_Driver/Src/stm32f1xx_hal.c ****   *
   8:Drivers/STM32F1xx_HAL_Driver/Src/stm32f1xx_hal.c ****   @verbatim
   9:Drivers/STM32F1xx_HAL_Driver/Src/stm32f1xx_hal.c ****   ==============================================================================
  10:Drivers/STM32F1xx_HAL_Driver/Src/stm32f1xx_hal.c ****                      ##### How to use this driver #####
  11:Drivers/STM32F1xx_HAL_Driver/Src/stm32f1xx_hal.c ****   ==============================================================================
  12:Drivers/STM32F1xx_HAL_Driver/Src/stm32f1xx_hal.c ****     [..]
  13:Drivers/STM32F1xx_HAL_Driver/Src/stm32f1xx_hal.c ****     The common HAL driver contains a set of generic and common APIs that can be
  14:Drivers/STM32F1xx_HAL_Driver/Src/stm32f1xx_hal.c ****     used by the PPP peripheral drivers and the user to start using the HAL.
  15:Drivers/STM32F1xx_HAL_Driver/Src/stm32f1xx_hal.c ****     [..]
  16:Drivers/STM32F1xx_HAL_Driver/Src/stm32f1xx_hal.c ****     The HAL contains two APIs' categories:
  17:Drivers/STM32F1xx_HAL_Driver/Src/stm32f1xx_hal.c ****          (+) Common HAL APIs
  18:Drivers/STM32F1xx_HAL_Driver/Src/stm32f1xx_hal.c ****          (+) Services HAL APIs
  19:Drivers/STM32F1xx_HAL_Driver/Src/stm32f1xx_hal.c **** 
  20:Drivers/STM32F1xx_HAL_Driver/Src/stm32f1xx_hal.c ****   @endverbatim
  21:Drivers/STM32F1xx_HAL_Driver/Src/stm32f1xx_hal.c ****   ******************************************************************************
  22:Drivers/STM32F1xx_HAL_Driver/Src/stm32f1xx_hal.c ****   * @attention
  23:Drivers/STM32F1xx_HAL_Driver/Src/stm32f1xx_hal.c ****   *
  24:Drivers/STM32F1xx_HAL_Driver/Src/stm32f1xx_hal.c ****   * <h2><center>&copy; Copyright (c) 2016 STMicroelectronics.
  25:Drivers/STM32F1xx_HAL_Driver/Src/stm32f1xx_hal.c ****   * All rights reserved.</center></h2>
  26:Drivers/STM32F1xx_HAL_Driver/Src/stm32f1xx_hal.c ****   *
  27:Drivers/STM32F1xx_HAL_Driver/Src/stm32f1xx_hal.c ****   * This software component is licensed by ST under BSD 3-Clause license,
  28:Drivers/STM32F1xx_HAL_Driver/Src/stm32f1xx_hal.c ****   * the "License"; You may not use this file except in compliance with the
  29:Drivers/STM32F1xx_HAL_Driver/Src/stm32f1xx_hal.c ****   * License. You may obtain a copy of the License at:
  30:Drivers/STM32F1xx_HAL_Driver/Src/stm32f1xx_hal.c ****   *                        opensource.org/licenses/BSD-3-Clause
  31:Drivers/STM32F1xx_HAL_Driver/Src/stm32f1xx_hal.c ****   *
  32:Drivers/STM32F1xx_HAL_Driver/Src/stm32f1xx_hal.c ****   ******************************************************************************
  33:Drivers/STM32F1xx_HAL_Driver/Src/stm32f1xx_hal.c ****   */
ARM GAS  /tmp/ccTNOsGS.s 			page 2


  34:Drivers/STM32F1xx_HAL_Driver/Src/stm32f1xx_hal.c **** 
  35:Drivers/STM32F1xx_HAL_Driver/Src/stm32f1xx_hal.c **** /* Includes ------------------------------------------------------------------*/
  36:Drivers/STM32F1xx_HAL_Driver/Src/stm32f1xx_hal.c **** #include "stm32f1xx_hal.h"
  37:Drivers/STM32F1xx_HAL_Driver/Src/stm32f1xx_hal.c **** 
  38:Drivers/STM32F1xx_HAL_Driver/Src/stm32f1xx_hal.c **** /** @addtogroup STM32F1xx_HAL_Driver
  39:Drivers/STM32F1xx_HAL_Driver/Src/stm32f1xx_hal.c ****   * @{
  40:Drivers/STM32F1xx_HAL_Driver/Src/stm32f1xx_hal.c ****   */
  41:Drivers/STM32F1xx_HAL_Driver/Src/stm32f1xx_hal.c **** 
  42:Drivers/STM32F1xx_HAL_Driver/Src/stm32f1xx_hal.c **** /** @defgroup HAL HAL
  43:Drivers/STM32F1xx_HAL_Driver/Src/stm32f1xx_hal.c ****   * @brief HAL module driver.
  44:Drivers/STM32F1xx_HAL_Driver/Src/stm32f1xx_hal.c ****   * @{
  45:Drivers/STM32F1xx_HAL_Driver/Src/stm32f1xx_hal.c ****   */
  46:Drivers/STM32F1xx_HAL_Driver/Src/stm32f1xx_hal.c **** 
  47:Drivers/STM32F1xx_HAL_Driver/Src/stm32f1xx_hal.c **** #ifdef HAL_MODULE_ENABLED
  48:Drivers/STM32F1xx_HAL_Driver/Src/stm32f1xx_hal.c **** 
  49:Drivers/STM32F1xx_HAL_Driver/Src/stm32f1xx_hal.c **** /* Private typedef -----------------------------------------------------------*/
  50:Drivers/STM32F1xx_HAL_Driver/Src/stm32f1xx_hal.c **** /* Private define ------------------------------------------------------------*/
  51:Drivers/STM32F1xx_HAL_Driver/Src/stm32f1xx_hal.c **** 
  52:Drivers/STM32F1xx_HAL_Driver/Src/stm32f1xx_hal.c **** /** @defgroup HAL_Private_Constants HAL Private Constants
  53:Drivers/STM32F1xx_HAL_Driver/Src/stm32f1xx_hal.c ****   * @{
  54:Drivers/STM32F1xx_HAL_Driver/Src/stm32f1xx_hal.c ****   */
  55:Drivers/STM32F1xx_HAL_Driver/Src/stm32f1xx_hal.c **** /**
  56:Drivers/STM32F1xx_HAL_Driver/Src/stm32f1xx_hal.c ****  * @brief STM32F1xx HAL Driver version number V1.1.4
  57:Drivers/STM32F1xx_HAL_Driver/Src/stm32f1xx_hal.c ****    */
  58:Drivers/STM32F1xx_HAL_Driver/Src/stm32f1xx_hal.c **** #define __STM32F1xx_HAL_VERSION_MAIN   (0x01U) /*!< [31:24] main version */
  59:Drivers/STM32F1xx_HAL_Driver/Src/stm32f1xx_hal.c **** #define __STM32F1xx_HAL_VERSION_SUB1   (0x01U) /*!< [23:16] sub1 version */
  60:Drivers/STM32F1xx_HAL_Driver/Src/stm32f1xx_hal.c **** #define __STM32F1xx_HAL_VERSION_SUB2   (0x04U) /*!< [15:8]  sub2 version */
  61:Drivers/STM32F1xx_HAL_Driver/Src/stm32f1xx_hal.c **** #define __STM32F1xx_HAL_VERSION_RC     (0x00U) /*!< [7:0]  release candidate */
  62:Drivers/STM32F1xx_HAL_Driver/Src/stm32f1xx_hal.c **** #define __STM32F1xx_HAL_VERSION         ((__STM32F1xx_HAL_VERSION_MAIN << 24)\
  63:Drivers/STM32F1xx_HAL_Driver/Src/stm32f1xx_hal.c ****                                         |(__STM32F1xx_HAL_VERSION_SUB1 << 16)\
  64:Drivers/STM32F1xx_HAL_Driver/Src/stm32f1xx_hal.c ****                                         |(__STM32F1xx_HAL_VERSION_SUB2 << 8 )\
  65:Drivers/STM32F1xx_HAL_Driver/Src/stm32f1xx_hal.c ****                                         |(__STM32F1xx_HAL_VERSION_RC))
  66:Drivers/STM32F1xx_HAL_Driver/Src/stm32f1xx_hal.c **** 
  67:Drivers/STM32F1xx_HAL_Driver/Src/stm32f1xx_hal.c **** #define IDCODE_DEVID_MASK    0x00000FFFU
  68:Drivers/STM32F1xx_HAL_Driver/Src/stm32f1xx_hal.c **** 
  69:Drivers/STM32F1xx_HAL_Driver/Src/stm32f1xx_hal.c **** /**
  70:Drivers/STM32F1xx_HAL_Driver/Src/stm32f1xx_hal.c ****   * @}
  71:Drivers/STM32F1xx_HAL_Driver/Src/stm32f1xx_hal.c ****   */
  72:Drivers/STM32F1xx_HAL_Driver/Src/stm32f1xx_hal.c **** 
  73:Drivers/STM32F1xx_HAL_Driver/Src/stm32f1xx_hal.c **** /* Private macro -------------------------------------------------------------*/
  74:Drivers/STM32F1xx_HAL_Driver/Src/stm32f1xx_hal.c **** /* Private variables ---------------------------------------------------------*/
  75:Drivers/STM32F1xx_HAL_Driver/Src/stm32f1xx_hal.c **** 
  76:Drivers/STM32F1xx_HAL_Driver/Src/stm32f1xx_hal.c **** /** @defgroup HAL_Private_Variables HAL Private Variables
  77:Drivers/STM32F1xx_HAL_Driver/Src/stm32f1xx_hal.c ****   * @{
  78:Drivers/STM32F1xx_HAL_Driver/Src/stm32f1xx_hal.c ****   */
  79:Drivers/STM32F1xx_HAL_Driver/Src/stm32f1xx_hal.c **** __IO uint32_t uwTick;
  80:Drivers/STM32F1xx_HAL_Driver/Src/stm32f1xx_hal.c **** uint32_t uwTickPrio   = (1UL << __NVIC_PRIO_BITS); /* Invalid PRIO */
  81:Drivers/STM32F1xx_HAL_Driver/Src/stm32f1xx_hal.c **** HAL_TickFreqTypeDef uwTickFreq = HAL_TICK_FREQ_DEFAULT;  /* 1KHz */
  82:Drivers/STM32F1xx_HAL_Driver/Src/stm32f1xx_hal.c **** /**
  83:Drivers/STM32F1xx_HAL_Driver/Src/stm32f1xx_hal.c ****   * @}
  84:Drivers/STM32F1xx_HAL_Driver/Src/stm32f1xx_hal.c ****   */
  85:Drivers/STM32F1xx_HAL_Driver/Src/stm32f1xx_hal.c **** /* Private function prototypes -----------------------------------------------*/
  86:Drivers/STM32F1xx_HAL_Driver/Src/stm32f1xx_hal.c **** /* Exported functions ---------------------------------------------------------*/
  87:Drivers/STM32F1xx_HAL_Driver/Src/stm32f1xx_hal.c **** 
  88:Drivers/STM32F1xx_HAL_Driver/Src/stm32f1xx_hal.c **** /** @defgroup HAL_Exported_Functions HAL Exported Functions
  89:Drivers/STM32F1xx_HAL_Driver/Src/stm32f1xx_hal.c ****   * @{
  90:Drivers/STM32F1xx_HAL_Driver/Src/stm32f1xx_hal.c ****   */
ARM GAS  /tmp/ccTNOsGS.s 			page 3


  91:Drivers/STM32F1xx_HAL_Driver/Src/stm32f1xx_hal.c **** 
  92:Drivers/STM32F1xx_HAL_Driver/Src/stm32f1xx_hal.c **** /** @defgroup HAL_Exported_Functions_Group1 Initialization and de-initialization Functions
  93:Drivers/STM32F1xx_HAL_Driver/Src/stm32f1xx_hal.c ****  *  @brief    Initialization and de-initialization functions
  94:Drivers/STM32F1xx_HAL_Driver/Src/stm32f1xx_hal.c ****  *
  95:Drivers/STM32F1xx_HAL_Driver/Src/stm32f1xx_hal.c **** @verbatim
  96:Drivers/STM32F1xx_HAL_Driver/Src/stm32f1xx_hal.c ****  ===============================================================================
  97:Drivers/STM32F1xx_HAL_Driver/Src/stm32f1xx_hal.c ****               ##### Initialization and de-initialization functions #####
  98:Drivers/STM32F1xx_HAL_Driver/Src/stm32f1xx_hal.c ****  ===============================================================================
  99:Drivers/STM32F1xx_HAL_Driver/Src/stm32f1xx_hal.c ****    [..]  This section provides functions allowing to:
 100:Drivers/STM32F1xx_HAL_Driver/Src/stm32f1xx_hal.c ****       (+) Initializes the Flash interface, the NVIC allocation and initial clock
 101:Drivers/STM32F1xx_HAL_Driver/Src/stm32f1xx_hal.c ****           configuration. It initializes the systick also when timeout is needed
 102:Drivers/STM32F1xx_HAL_Driver/Src/stm32f1xx_hal.c ****           and the backup domain when enabled.
 103:Drivers/STM32F1xx_HAL_Driver/Src/stm32f1xx_hal.c ****       (+) de-Initializes common part of the HAL.
 104:Drivers/STM32F1xx_HAL_Driver/Src/stm32f1xx_hal.c ****       (+) Configure The time base source to have 1ms time base with a dedicated
 105:Drivers/STM32F1xx_HAL_Driver/Src/stm32f1xx_hal.c ****           Tick interrupt priority.
 106:Drivers/STM32F1xx_HAL_Driver/Src/stm32f1xx_hal.c ****         (++) SysTick timer is used by default as source of time base, but user
 107:Drivers/STM32F1xx_HAL_Driver/Src/stm32f1xx_hal.c ****              can eventually implement his proper time base source (a general purpose
 108:Drivers/STM32F1xx_HAL_Driver/Src/stm32f1xx_hal.c ****              timer for example or other time source), keeping in mind that Time base
 109:Drivers/STM32F1xx_HAL_Driver/Src/stm32f1xx_hal.c ****              duration should be kept 1ms since PPP_TIMEOUT_VALUEs are defined and
 110:Drivers/STM32F1xx_HAL_Driver/Src/stm32f1xx_hal.c ****              handled in milliseconds basis.
 111:Drivers/STM32F1xx_HAL_Driver/Src/stm32f1xx_hal.c ****         (++) Time base configuration function (HAL_InitTick ()) is called automatically
 112:Drivers/STM32F1xx_HAL_Driver/Src/stm32f1xx_hal.c ****              at the beginning of the program after reset by HAL_Init() or at any time
 113:Drivers/STM32F1xx_HAL_Driver/Src/stm32f1xx_hal.c ****              when clock is configured, by HAL_RCC_ClockConfig().
 114:Drivers/STM32F1xx_HAL_Driver/Src/stm32f1xx_hal.c ****         (++) Source of time base is configured  to generate interrupts at regular
 115:Drivers/STM32F1xx_HAL_Driver/Src/stm32f1xx_hal.c ****              time intervals. Care must be taken if HAL_Delay() is called from a
 116:Drivers/STM32F1xx_HAL_Driver/Src/stm32f1xx_hal.c ****              peripheral ISR process, the Tick interrupt line must have higher priority
 117:Drivers/STM32F1xx_HAL_Driver/Src/stm32f1xx_hal.c ****             (numerically lower) than the peripheral interrupt. Otherwise the caller
 118:Drivers/STM32F1xx_HAL_Driver/Src/stm32f1xx_hal.c ****             ISR process will be blocked.
 119:Drivers/STM32F1xx_HAL_Driver/Src/stm32f1xx_hal.c ****        (++) functions affecting time base configurations are declared as __weak
 120:Drivers/STM32F1xx_HAL_Driver/Src/stm32f1xx_hal.c ****              to make  override possible  in case of other  implementations in user file.
 121:Drivers/STM32F1xx_HAL_Driver/Src/stm32f1xx_hal.c **** @endverbatim
 122:Drivers/STM32F1xx_HAL_Driver/Src/stm32f1xx_hal.c ****   * @{
 123:Drivers/STM32F1xx_HAL_Driver/Src/stm32f1xx_hal.c ****   */
 124:Drivers/STM32F1xx_HAL_Driver/Src/stm32f1xx_hal.c **** 
 125:Drivers/STM32F1xx_HAL_Driver/Src/stm32f1xx_hal.c **** /**
 126:Drivers/STM32F1xx_HAL_Driver/Src/stm32f1xx_hal.c ****   * @brief  This function is used to initialize the HAL Library; it must be the first
 127:Drivers/STM32F1xx_HAL_Driver/Src/stm32f1xx_hal.c ****   *         instruction to be executed in the main program (before to call any other
 128:Drivers/STM32F1xx_HAL_Driver/Src/stm32f1xx_hal.c ****   *         HAL function), it performs the following:
 129:Drivers/STM32F1xx_HAL_Driver/Src/stm32f1xx_hal.c ****   *           Configure the Flash prefetch.
 130:Drivers/STM32F1xx_HAL_Driver/Src/stm32f1xx_hal.c ****   *           Configures the SysTick to generate an interrupt each 1 millisecond,
 131:Drivers/STM32F1xx_HAL_Driver/Src/stm32f1xx_hal.c ****   *           which is clocked by the HSI (at this stage, the clock is not yet
 132:Drivers/STM32F1xx_HAL_Driver/Src/stm32f1xx_hal.c ****   *           configured and thus the system is running from the internal HSI at 16 MHz).
 133:Drivers/STM32F1xx_HAL_Driver/Src/stm32f1xx_hal.c ****   *           Set NVIC Group Priority to 4.
 134:Drivers/STM32F1xx_HAL_Driver/Src/stm32f1xx_hal.c ****   *           Calls the HAL_MspInit() callback function defined in user file
 135:Drivers/STM32F1xx_HAL_Driver/Src/stm32f1xx_hal.c ****   *           "stm32f1xx_hal_msp.c" to do the global low level hardware initialization
 136:Drivers/STM32F1xx_HAL_Driver/Src/stm32f1xx_hal.c ****   *
 137:Drivers/STM32F1xx_HAL_Driver/Src/stm32f1xx_hal.c ****   * @note   SysTick is used as time base for the HAL_Delay() function, the application
 138:Drivers/STM32F1xx_HAL_Driver/Src/stm32f1xx_hal.c ****   *         need to ensure that the SysTick time base is always set to 1 millisecond
 139:Drivers/STM32F1xx_HAL_Driver/Src/stm32f1xx_hal.c ****   *         to have correct HAL operation.
 140:Drivers/STM32F1xx_HAL_Driver/Src/stm32f1xx_hal.c ****   * @retval HAL status
 141:Drivers/STM32F1xx_HAL_Driver/Src/stm32f1xx_hal.c ****   */
 142:Drivers/STM32F1xx_HAL_Driver/Src/stm32f1xx_hal.c **** HAL_StatusTypeDef HAL_Init(void)
 143:Drivers/STM32F1xx_HAL_Driver/Src/stm32f1xx_hal.c **** {
 144:Drivers/STM32F1xx_HAL_Driver/Src/stm32f1xx_hal.c ****   /* Configure Flash prefetch */
 145:Drivers/STM32F1xx_HAL_Driver/Src/stm32f1xx_hal.c **** #if (PREFETCH_ENABLE != 0)
 146:Drivers/STM32F1xx_HAL_Driver/Src/stm32f1xx_hal.c **** #if defined(STM32F101x6) || defined(STM32F101xB) || defined(STM32F101xE) || defined(STM32F101xG) ||
 147:Drivers/STM32F1xx_HAL_Driver/Src/stm32f1xx_hal.c ****     defined(STM32F102x6) || defined(STM32F102xB) || \
ARM GAS  /tmp/ccTNOsGS.s 			page 4


 148:Drivers/STM32F1xx_HAL_Driver/Src/stm32f1xx_hal.c ****     defined(STM32F103x6) || defined(STM32F103xB) || defined(STM32F103xE) || defined(STM32F103xG) ||
 149:Drivers/STM32F1xx_HAL_Driver/Src/stm32f1xx_hal.c ****     defined(STM32F105xC) || defined(STM32F107xC)
 150:Drivers/STM32F1xx_HAL_Driver/Src/stm32f1xx_hal.c **** 
 151:Drivers/STM32F1xx_HAL_Driver/Src/stm32f1xx_hal.c ****   /* Prefetch buffer is not available on value line devices */
 152:Drivers/STM32F1xx_HAL_Driver/Src/stm32f1xx_hal.c ****   __HAL_FLASH_PREFETCH_BUFFER_ENABLE();
 153:Drivers/STM32F1xx_HAL_Driver/Src/stm32f1xx_hal.c **** #endif
 154:Drivers/STM32F1xx_HAL_Driver/Src/stm32f1xx_hal.c **** #endif /* PREFETCH_ENABLE */
 155:Drivers/STM32F1xx_HAL_Driver/Src/stm32f1xx_hal.c **** 
 156:Drivers/STM32F1xx_HAL_Driver/Src/stm32f1xx_hal.c ****   /* Set Interrupt Group Priority */
 157:Drivers/STM32F1xx_HAL_Driver/Src/stm32f1xx_hal.c ****   HAL_NVIC_SetPriorityGrouping(NVIC_PRIORITYGROUP_4);
 158:Drivers/STM32F1xx_HAL_Driver/Src/stm32f1xx_hal.c **** 
 159:Drivers/STM32F1xx_HAL_Driver/Src/stm32f1xx_hal.c ****   /* Use systick as time base source and configure 1ms tick (default clock after Reset is HSI) */
 160:Drivers/STM32F1xx_HAL_Driver/Src/stm32f1xx_hal.c ****   HAL_InitTick(TICK_INT_PRIORITY);
 161:Drivers/STM32F1xx_HAL_Driver/Src/stm32f1xx_hal.c **** 
 162:Drivers/STM32F1xx_HAL_Driver/Src/stm32f1xx_hal.c ****   /* Init the low level hardware */
 163:Drivers/STM32F1xx_HAL_Driver/Src/stm32f1xx_hal.c ****   HAL_MspInit();
 164:Drivers/STM32F1xx_HAL_Driver/Src/stm32f1xx_hal.c **** 
 165:Drivers/STM32F1xx_HAL_Driver/Src/stm32f1xx_hal.c ****   /* Return function status */
 166:Drivers/STM32F1xx_HAL_Driver/Src/stm32f1xx_hal.c ****   return HAL_OK;
 167:Drivers/STM32F1xx_HAL_Driver/Src/stm32f1xx_hal.c **** }
 168:Drivers/STM32F1xx_HAL_Driver/Src/stm32f1xx_hal.c **** 
 169:Drivers/STM32F1xx_HAL_Driver/Src/stm32f1xx_hal.c **** /**
 170:Drivers/STM32F1xx_HAL_Driver/Src/stm32f1xx_hal.c ****   * @brief This function de-Initializes common part of the HAL and stops the systick.
 171:Drivers/STM32F1xx_HAL_Driver/Src/stm32f1xx_hal.c ****   *        of time base.
 172:Drivers/STM32F1xx_HAL_Driver/Src/stm32f1xx_hal.c ****   * @note This function is optional.
 173:Drivers/STM32F1xx_HAL_Driver/Src/stm32f1xx_hal.c ****   * @retval HAL status
 174:Drivers/STM32F1xx_HAL_Driver/Src/stm32f1xx_hal.c ****   */
 175:Drivers/STM32F1xx_HAL_Driver/Src/stm32f1xx_hal.c **** HAL_StatusTypeDef HAL_DeInit(void)
 176:Drivers/STM32F1xx_HAL_Driver/Src/stm32f1xx_hal.c **** {
 177:Drivers/STM32F1xx_HAL_Driver/Src/stm32f1xx_hal.c ****   /* Reset of all peripherals */
 178:Drivers/STM32F1xx_HAL_Driver/Src/stm32f1xx_hal.c ****   __HAL_RCC_APB1_FORCE_RESET();
 179:Drivers/STM32F1xx_HAL_Driver/Src/stm32f1xx_hal.c ****   __HAL_RCC_APB1_RELEASE_RESET();
 180:Drivers/STM32F1xx_HAL_Driver/Src/stm32f1xx_hal.c **** 
 181:Drivers/STM32F1xx_HAL_Driver/Src/stm32f1xx_hal.c ****   __HAL_RCC_APB2_FORCE_RESET();
 182:Drivers/STM32F1xx_HAL_Driver/Src/stm32f1xx_hal.c ****   __HAL_RCC_APB2_RELEASE_RESET();
 183:Drivers/STM32F1xx_HAL_Driver/Src/stm32f1xx_hal.c **** 
 184:Drivers/STM32F1xx_HAL_Driver/Src/stm32f1xx_hal.c **** #if defined(STM32F105xC) || defined(STM32F107xC)
 185:Drivers/STM32F1xx_HAL_Driver/Src/stm32f1xx_hal.c ****   __HAL_RCC_AHB_FORCE_RESET();
 186:Drivers/STM32F1xx_HAL_Driver/Src/stm32f1xx_hal.c ****   __HAL_RCC_AHB_RELEASE_RESET();
 187:Drivers/STM32F1xx_HAL_Driver/Src/stm32f1xx_hal.c **** #endif
 188:Drivers/STM32F1xx_HAL_Driver/Src/stm32f1xx_hal.c **** 
 189:Drivers/STM32F1xx_HAL_Driver/Src/stm32f1xx_hal.c ****   /* De-Init the low level hardware */
 190:Drivers/STM32F1xx_HAL_Driver/Src/stm32f1xx_hal.c ****   HAL_MspDeInit();
 191:Drivers/STM32F1xx_HAL_Driver/Src/stm32f1xx_hal.c **** 
 192:Drivers/STM32F1xx_HAL_Driver/Src/stm32f1xx_hal.c ****   /* Return function status */
 193:Drivers/STM32F1xx_HAL_Driver/Src/stm32f1xx_hal.c ****   return HAL_OK;
 194:Drivers/STM32F1xx_HAL_Driver/Src/stm32f1xx_hal.c **** }
 195:Drivers/STM32F1xx_HAL_Driver/Src/stm32f1xx_hal.c **** 
 196:Drivers/STM32F1xx_HAL_Driver/Src/stm32f1xx_hal.c **** /**
 197:Drivers/STM32F1xx_HAL_Driver/Src/stm32f1xx_hal.c ****   * @brief  Initialize the MSP.
 198:Drivers/STM32F1xx_HAL_Driver/Src/stm32f1xx_hal.c ****   * @retval None
 199:Drivers/STM32F1xx_HAL_Driver/Src/stm32f1xx_hal.c ****   */
 200:Drivers/STM32F1xx_HAL_Driver/Src/stm32f1xx_hal.c **** __weak void HAL_MspInit(void)
 201:Drivers/STM32F1xx_HAL_Driver/Src/stm32f1xx_hal.c **** {
  26              		.loc 1 201 0
  27              		.cfi_startproc
  28              		@ args = 0, pretend = 0, frame = 0
ARM GAS  /tmp/ccTNOsGS.s 			page 5


  29              		@ frame_needed = 0, uses_anonymous_args = 0
  30              		@ link register save eliminated.
  31 0000 7047     		bx	lr
  32              		.cfi_endproc
  33              	.LFE67:
  35              		.section	.text.HAL_MspDeInit,"ax",%progbits
  36              		.align	1
  37              		.weak	HAL_MspDeInit
  38              		.syntax unified
  39              		.thumb
  40              		.thumb_func
  41              		.fpu softvfp
  43              	HAL_MspDeInit:
  44              	.LFB68:
 202:Drivers/STM32F1xx_HAL_Driver/Src/stm32f1xx_hal.c ****   /* NOTE : This function should not be modified, when the callback is needed,
 203:Drivers/STM32F1xx_HAL_Driver/Src/stm32f1xx_hal.c ****             the HAL_MspInit could be implemented in the user file
 204:Drivers/STM32F1xx_HAL_Driver/Src/stm32f1xx_hal.c ****    */
 205:Drivers/STM32F1xx_HAL_Driver/Src/stm32f1xx_hal.c **** }
 206:Drivers/STM32F1xx_HAL_Driver/Src/stm32f1xx_hal.c **** 
 207:Drivers/STM32F1xx_HAL_Driver/Src/stm32f1xx_hal.c **** /**
 208:Drivers/STM32F1xx_HAL_Driver/Src/stm32f1xx_hal.c ****   * @brief  DeInitializes the MSP.
 209:Drivers/STM32F1xx_HAL_Driver/Src/stm32f1xx_hal.c ****   * @retval None
 210:Drivers/STM32F1xx_HAL_Driver/Src/stm32f1xx_hal.c ****   */
 211:Drivers/STM32F1xx_HAL_Driver/Src/stm32f1xx_hal.c **** __weak void HAL_MspDeInit(void)
 212:Drivers/STM32F1xx_HAL_Driver/Src/stm32f1xx_hal.c **** {
  45              		.loc 1 212 0
  46              		.cfi_startproc
  47              		@ args = 0, pretend = 0, frame = 0
  48              		@ frame_needed = 0, uses_anonymous_args = 0
  49              		@ link register save eliminated.
  50 0000 7047     		bx	lr
  51              		.cfi_endproc
  52              	.LFE68:
  54              		.section	.text.HAL_DeInit,"ax",%progbits
  55              		.align	1
  56              		.global	HAL_DeInit
  57              		.syntax unified
  58              		.thumb
  59              		.thumb_func
  60              		.fpu softvfp
  62              	HAL_DeInit:
  63              	.LFB66:
 176:Drivers/STM32F1xx_HAL_Driver/Src/stm32f1xx_hal.c ****   /* Reset of all peripherals */
  64              		.loc 1 176 0
  65              		.cfi_startproc
  66              		@ args = 0, pretend = 0, frame = 0
  67              		@ frame_needed = 0, uses_anonymous_args = 0
 176:Drivers/STM32F1xx_HAL_Driver/Src/stm32f1xx_hal.c ****   /* Reset of all peripherals */
  68              		.loc 1 176 0
  69 0000 10B5     		push	{r4, lr}
  70              	.LCFI0:
  71              		.cfi_def_cfa_offset 8
  72              		.cfi_offset 4, -8
  73              		.cfi_offset 14, -4
 178:Drivers/STM32F1xx_HAL_Driver/Src/stm32f1xx_hal.c ****   __HAL_RCC_APB1_RELEASE_RESET();
  74              		.loc 1 178 0
  75 0002 064B     		ldr	r3, .L5
ARM GAS  /tmp/ccTNOsGS.s 			page 6


  76 0004 4FF0FF32 		mov	r2, #-1
  77 0008 DA60     		str	r2, [r3, #12]
 179:Drivers/STM32F1xx_HAL_Driver/Src/stm32f1xx_hal.c **** 
  78              		.loc 1 179 0
  79 000a 0024     		movs	r4, #0
  80 000c 1C61     		str	r4, [r3, #16]
 181:Drivers/STM32F1xx_HAL_Driver/Src/stm32f1xx_hal.c ****   __HAL_RCC_APB2_RELEASE_RESET();
  81              		.loc 1 181 0
  82 000e DA60     		str	r2, [r3, #12]
 182:Drivers/STM32F1xx_HAL_Driver/Src/stm32f1xx_hal.c **** 
  83              		.loc 1 182 0
  84 0010 DC60     		str	r4, [r3, #12]
 190:Drivers/STM32F1xx_HAL_Driver/Src/stm32f1xx_hal.c **** 
  85              		.loc 1 190 0
  86 0012 FFF7FEFF 		bl	HAL_MspDeInit
  87              	.LVL0:
 194:Drivers/STM32F1xx_HAL_Driver/Src/stm32f1xx_hal.c **** 
  88              		.loc 1 194 0
  89 0016 2046     		mov	r0, r4
  90 0018 10BD     		pop	{r4, pc}
  91              	.L6:
  92 001a 00BF     		.align	2
  93              	.L5:
  94 001c 00100240 		.word	1073876992
  95              		.cfi_endproc
  96              	.LFE66:
  98              		.section	.text.HAL_InitTick,"ax",%progbits
  99              		.align	1
 100              		.weak	HAL_InitTick
 101              		.syntax unified
 102              		.thumb
 103              		.thumb_func
 104              		.fpu softvfp
 106              	HAL_InitTick:
 107              	.LFB69:
 213:Drivers/STM32F1xx_HAL_Driver/Src/stm32f1xx_hal.c ****   /* NOTE : This function should not be modified, when the callback is needed,
 214:Drivers/STM32F1xx_HAL_Driver/Src/stm32f1xx_hal.c ****             the HAL_MspDeInit could be implemented in the user file
 215:Drivers/STM32F1xx_HAL_Driver/Src/stm32f1xx_hal.c ****    */
 216:Drivers/STM32F1xx_HAL_Driver/Src/stm32f1xx_hal.c **** }
 217:Drivers/STM32F1xx_HAL_Driver/Src/stm32f1xx_hal.c **** 
 218:Drivers/STM32F1xx_HAL_Driver/Src/stm32f1xx_hal.c **** /**
 219:Drivers/STM32F1xx_HAL_Driver/Src/stm32f1xx_hal.c ****   * @brief This function configures the source of the time base.
 220:Drivers/STM32F1xx_HAL_Driver/Src/stm32f1xx_hal.c ****   *        The time source is configured  to have 1ms time base with a dedicated
 221:Drivers/STM32F1xx_HAL_Driver/Src/stm32f1xx_hal.c ****   *        Tick interrupt priority.
 222:Drivers/STM32F1xx_HAL_Driver/Src/stm32f1xx_hal.c ****   * @note This function is called  automatically at the beginning of program after
 223:Drivers/STM32F1xx_HAL_Driver/Src/stm32f1xx_hal.c ****   *       reset by HAL_Init() or at any time when clock is reconfigured  by HAL_RCC_ClockConfig().
 224:Drivers/STM32F1xx_HAL_Driver/Src/stm32f1xx_hal.c ****   * @note In the default implementation, SysTick timer is the source of time base.
 225:Drivers/STM32F1xx_HAL_Driver/Src/stm32f1xx_hal.c ****   *       It is used to generate interrupts at regular time intervals.
 226:Drivers/STM32F1xx_HAL_Driver/Src/stm32f1xx_hal.c ****   *       Care must be taken if HAL_Delay() is called from a peripheral ISR process,
 227:Drivers/STM32F1xx_HAL_Driver/Src/stm32f1xx_hal.c ****   *       The SysTick interrupt must have higher priority (numerically lower)
 228:Drivers/STM32F1xx_HAL_Driver/Src/stm32f1xx_hal.c ****   *       than the peripheral interrupt. Otherwise the caller ISR process will be blocked.
 229:Drivers/STM32F1xx_HAL_Driver/Src/stm32f1xx_hal.c ****   *       The function is declared as __weak  to be overwritten  in case of other
 230:Drivers/STM32F1xx_HAL_Driver/Src/stm32f1xx_hal.c ****   *       implementation  in user file.
 231:Drivers/STM32F1xx_HAL_Driver/Src/stm32f1xx_hal.c ****   * @param TickPriority Tick interrupt priority.
 232:Drivers/STM32F1xx_HAL_Driver/Src/stm32f1xx_hal.c ****   * @retval HAL status
 233:Drivers/STM32F1xx_HAL_Driver/Src/stm32f1xx_hal.c ****   */
 234:Drivers/STM32F1xx_HAL_Driver/Src/stm32f1xx_hal.c **** __weak HAL_StatusTypeDef HAL_InitTick(uint32_t TickPriority)
ARM GAS  /tmp/ccTNOsGS.s 			page 7


 235:Drivers/STM32F1xx_HAL_Driver/Src/stm32f1xx_hal.c **** {
 108              		.loc 1 235 0
 109              		.cfi_startproc
 110              		@ args = 0, pretend = 0, frame = 0
 111              		@ frame_needed = 0, uses_anonymous_args = 0
 112              	.LVL1:
 113 0000 10B5     		push	{r4, lr}
 114              	.LCFI1:
 115              		.cfi_def_cfa_offset 8
 116              		.cfi_offset 4, -8
 117              		.cfi_offset 14, -4
 118 0002 0446     		mov	r4, r0
 236:Drivers/STM32F1xx_HAL_Driver/Src/stm32f1xx_hal.c ****   /* Configure the SysTick to have interrupt in 1ms time basis*/
 237:Drivers/STM32F1xx_HAL_Driver/Src/stm32f1xx_hal.c ****   if (HAL_SYSTICK_Config(SystemCoreClock / (1000U / uwTickFreq)) > 0U)
 119              		.loc 1 237 0
 120 0004 0E4B     		ldr	r3, .L13
 121 0006 1878     		ldrb	r0, [r3]	@ zero_extendqisi2
 122              	.LVL2:
 123 0008 4FF47A73 		mov	r3, #1000
 124 000c B3FBF0F3 		udiv	r3, r3, r0
 125 0010 0C4A     		ldr	r2, .L13+4
 126 0012 1068     		ldr	r0, [r2]
 127 0014 B0FBF3F0 		udiv	r0, r0, r3
 128 0018 FFF7FEFF 		bl	HAL_SYSTICK_Config
 129              	.LVL3:
 130 001c 68B9     		cbnz	r0, .L9
 238:Drivers/STM32F1xx_HAL_Driver/Src/stm32f1xx_hal.c ****   {
 239:Drivers/STM32F1xx_HAL_Driver/Src/stm32f1xx_hal.c ****     return HAL_ERROR;
 240:Drivers/STM32F1xx_HAL_Driver/Src/stm32f1xx_hal.c ****   }
 241:Drivers/STM32F1xx_HAL_Driver/Src/stm32f1xx_hal.c **** 
 242:Drivers/STM32F1xx_HAL_Driver/Src/stm32f1xx_hal.c ****   /* Configure the SysTick IRQ priority */
 243:Drivers/STM32F1xx_HAL_Driver/Src/stm32f1xx_hal.c ****   if (TickPriority < (1UL << __NVIC_PRIO_BITS))
 131              		.loc 1 243 0
 132 001e 0F2C     		cmp	r4, #15
 133 0020 01D9     		bls	.L12
 244:Drivers/STM32F1xx_HAL_Driver/Src/stm32f1xx_hal.c ****   {
 245:Drivers/STM32F1xx_HAL_Driver/Src/stm32f1xx_hal.c ****     HAL_NVIC_SetPriority(SysTick_IRQn, TickPriority, 0U);
 246:Drivers/STM32F1xx_HAL_Driver/Src/stm32f1xx_hal.c ****     uwTickPrio = TickPriority;
 247:Drivers/STM32F1xx_HAL_Driver/Src/stm32f1xx_hal.c ****   }
 248:Drivers/STM32F1xx_HAL_Driver/Src/stm32f1xx_hal.c ****   else
 249:Drivers/STM32F1xx_HAL_Driver/Src/stm32f1xx_hal.c ****   {
 250:Drivers/STM32F1xx_HAL_Driver/Src/stm32f1xx_hal.c ****     return HAL_ERROR;
 134              		.loc 1 250 0
 135 0022 0120     		movs	r0, #1
 251:Drivers/STM32F1xx_HAL_Driver/Src/stm32f1xx_hal.c ****   }
 252:Drivers/STM32F1xx_HAL_Driver/Src/stm32f1xx_hal.c **** 
 253:Drivers/STM32F1xx_HAL_Driver/Src/stm32f1xx_hal.c ****   /* Return function status */
 254:Drivers/STM32F1xx_HAL_Driver/Src/stm32f1xx_hal.c ****   return HAL_OK;
 255:Drivers/STM32F1xx_HAL_Driver/Src/stm32f1xx_hal.c **** }
 136              		.loc 1 255 0
 137 0024 10BD     		pop	{r4, pc}
 138              	.LVL4:
 139              	.L12:
 245:Drivers/STM32F1xx_HAL_Driver/Src/stm32f1xx_hal.c ****     uwTickPrio = TickPriority;
 140              		.loc 1 245 0
 141 0026 0022     		movs	r2, #0
 142 0028 2146     		mov	r1, r4
ARM GAS  /tmp/ccTNOsGS.s 			page 8


 143 002a 4FF0FF30 		mov	r0, #-1
 144 002e FFF7FEFF 		bl	HAL_NVIC_SetPriority
 145              	.LVL5:
 246:Drivers/STM32F1xx_HAL_Driver/Src/stm32f1xx_hal.c ****   }
 146              		.loc 1 246 0
 147 0032 054B     		ldr	r3, .L13+8
 148 0034 1C60     		str	r4, [r3]
 254:Drivers/STM32F1xx_HAL_Driver/Src/stm32f1xx_hal.c **** }
 149              		.loc 1 254 0
 150 0036 0020     		movs	r0, #0
 151 0038 10BD     		pop	{r4, pc}
 152              	.LVL6:
 153              	.L9:
 239:Drivers/STM32F1xx_HAL_Driver/Src/stm32f1xx_hal.c ****   }
 154              		.loc 1 239 0
 155 003a 0120     		movs	r0, #1
 156 003c 10BD     		pop	{r4, pc}
 157              	.LVL7:
 158              	.L14:
 159 003e 00BF     		.align	2
 160              	.L13:
 161 0040 00000000 		.word	.LANCHOR0
 162 0044 00000000 		.word	SystemCoreClock
 163 0048 00000000 		.word	.LANCHOR1
 164              		.cfi_endproc
 165              	.LFE69:
 167              		.section	.text.HAL_Init,"ax",%progbits
 168              		.align	1
 169              		.global	HAL_Init
 170              		.syntax unified
 171              		.thumb
 172              		.thumb_func
 173              		.fpu softvfp
 175              	HAL_Init:
 176              	.LFB65:
 143:Drivers/STM32F1xx_HAL_Driver/Src/stm32f1xx_hal.c ****   /* Configure Flash prefetch */
 177              		.loc 1 143 0
 178              		.cfi_startproc
 179              		@ args = 0, pretend = 0, frame = 0
 180              		@ frame_needed = 0, uses_anonymous_args = 0
 181 0000 08B5     		push	{r3, lr}
 182              	.LCFI2:
 183              		.cfi_def_cfa_offset 8
 184              		.cfi_offset 3, -8
 185              		.cfi_offset 14, -4
 152:Drivers/STM32F1xx_HAL_Driver/Src/stm32f1xx_hal.c **** #endif
 186              		.loc 1 152 0
 187 0002 074A     		ldr	r2, .L17
 188 0004 1368     		ldr	r3, [r2]
 189 0006 43F01003 		orr	r3, r3, #16
 190 000a 1360     		str	r3, [r2]
 157:Drivers/STM32F1xx_HAL_Driver/Src/stm32f1xx_hal.c **** 
 191              		.loc 1 157 0
 192 000c 0320     		movs	r0, #3
 193 000e FFF7FEFF 		bl	HAL_NVIC_SetPriorityGrouping
 194              	.LVL8:
 160:Drivers/STM32F1xx_HAL_Driver/Src/stm32f1xx_hal.c **** 
ARM GAS  /tmp/ccTNOsGS.s 			page 9


 195              		.loc 1 160 0
 196 0012 0020     		movs	r0, #0
 197 0014 FFF7FEFF 		bl	HAL_InitTick
 198              	.LVL9:
 163:Drivers/STM32F1xx_HAL_Driver/Src/stm32f1xx_hal.c **** 
 199              		.loc 1 163 0
 200 0018 FFF7FEFF 		bl	HAL_MspInit
 201              	.LVL10:
 167:Drivers/STM32F1xx_HAL_Driver/Src/stm32f1xx_hal.c **** 
 202              		.loc 1 167 0
 203 001c 0020     		movs	r0, #0
 204 001e 08BD     		pop	{r3, pc}
 205              	.L18:
 206              		.align	2
 207              	.L17:
 208 0020 00200240 		.word	1073881088
 209              		.cfi_endproc
 210              	.LFE65:
 212              		.section	.text.HAL_IncTick,"ax",%progbits
 213              		.align	1
 214              		.weak	HAL_IncTick
 215              		.syntax unified
 216              		.thumb
 217              		.thumb_func
 218              		.fpu softvfp
 220              	HAL_IncTick:
 221              	.LFB70:
 256:Drivers/STM32F1xx_HAL_Driver/Src/stm32f1xx_hal.c **** 
 257:Drivers/STM32F1xx_HAL_Driver/Src/stm32f1xx_hal.c **** /**
 258:Drivers/STM32F1xx_HAL_Driver/Src/stm32f1xx_hal.c ****   * @}
 259:Drivers/STM32F1xx_HAL_Driver/Src/stm32f1xx_hal.c ****   */
 260:Drivers/STM32F1xx_HAL_Driver/Src/stm32f1xx_hal.c **** 
 261:Drivers/STM32F1xx_HAL_Driver/Src/stm32f1xx_hal.c **** /** @defgroup HAL_Exported_Functions_Group2 HAL Control functions
 262:Drivers/STM32F1xx_HAL_Driver/Src/stm32f1xx_hal.c ****   *  @brief    HAL Control functions
 263:Drivers/STM32F1xx_HAL_Driver/Src/stm32f1xx_hal.c ****   *
 264:Drivers/STM32F1xx_HAL_Driver/Src/stm32f1xx_hal.c **** @verbatim
 265:Drivers/STM32F1xx_HAL_Driver/Src/stm32f1xx_hal.c ****  ===============================================================================
 266:Drivers/STM32F1xx_HAL_Driver/Src/stm32f1xx_hal.c ****                       ##### HAL Control functions #####
 267:Drivers/STM32F1xx_HAL_Driver/Src/stm32f1xx_hal.c ****  ===============================================================================
 268:Drivers/STM32F1xx_HAL_Driver/Src/stm32f1xx_hal.c ****     [..]  This section provides functions allowing to:
 269:Drivers/STM32F1xx_HAL_Driver/Src/stm32f1xx_hal.c ****       (+) Provide a tick value in millisecond
 270:Drivers/STM32F1xx_HAL_Driver/Src/stm32f1xx_hal.c ****       (+) Provide a blocking delay in millisecond
 271:Drivers/STM32F1xx_HAL_Driver/Src/stm32f1xx_hal.c ****       (+) Suspend the time base source interrupt
 272:Drivers/STM32F1xx_HAL_Driver/Src/stm32f1xx_hal.c ****       (+) Resume the time base source interrupt
 273:Drivers/STM32F1xx_HAL_Driver/Src/stm32f1xx_hal.c ****       (+) Get the HAL API driver version
 274:Drivers/STM32F1xx_HAL_Driver/Src/stm32f1xx_hal.c ****       (+) Get the device identifier
 275:Drivers/STM32F1xx_HAL_Driver/Src/stm32f1xx_hal.c ****       (+) Get the device revision identifier
 276:Drivers/STM32F1xx_HAL_Driver/Src/stm32f1xx_hal.c ****       (+) Enable/Disable Debug module during SLEEP mode
 277:Drivers/STM32F1xx_HAL_Driver/Src/stm32f1xx_hal.c ****       (+) Enable/Disable Debug module during STOP mode
 278:Drivers/STM32F1xx_HAL_Driver/Src/stm32f1xx_hal.c ****       (+) Enable/Disable Debug module during STANDBY mode
 279:Drivers/STM32F1xx_HAL_Driver/Src/stm32f1xx_hal.c **** 
 280:Drivers/STM32F1xx_HAL_Driver/Src/stm32f1xx_hal.c **** @endverbatim
 281:Drivers/STM32F1xx_HAL_Driver/Src/stm32f1xx_hal.c ****   * @{
 282:Drivers/STM32F1xx_HAL_Driver/Src/stm32f1xx_hal.c ****   */
 283:Drivers/STM32F1xx_HAL_Driver/Src/stm32f1xx_hal.c **** 
 284:Drivers/STM32F1xx_HAL_Driver/Src/stm32f1xx_hal.c **** /**
 285:Drivers/STM32F1xx_HAL_Driver/Src/stm32f1xx_hal.c ****   * @brief This function is called to increment  a global variable "uwTick"
ARM GAS  /tmp/ccTNOsGS.s 			page 10


 286:Drivers/STM32F1xx_HAL_Driver/Src/stm32f1xx_hal.c ****   *        used as application time base.
 287:Drivers/STM32F1xx_HAL_Driver/Src/stm32f1xx_hal.c ****   * @note In the default implementation, this variable is incremented each 1ms
 288:Drivers/STM32F1xx_HAL_Driver/Src/stm32f1xx_hal.c ****   *       in SysTick ISR.
 289:Drivers/STM32F1xx_HAL_Driver/Src/stm32f1xx_hal.c ****   * @note This function is declared as __weak to be overwritten in case of other
 290:Drivers/STM32F1xx_HAL_Driver/Src/stm32f1xx_hal.c ****   *      implementations in user file.
 291:Drivers/STM32F1xx_HAL_Driver/Src/stm32f1xx_hal.c ****   * @retval None
 292:Drivers/STM32F1xx_HAL_Driver/Src/stm32f1xx_hal.c ****   */
 293:Drivers/STM32F1xx_HAL_Driver/Src/stm32f1xx_hal.c **** __weak void HAL_IncTick(void)
 294:Drivers/STM32F1xx_HAL_Driver/Src/stm32f1xx_hal.c **** {
 222              		.loc 1 294 0
 223              		.cfi_startproc
 224              		@ args = 0, pretend = 0, frame = 0
 225              		@ frame_needed = 0, uses_anonymous_args = 0
 226              		@ link register save eliminated.
 295:Drivers/STM32F1xx_HAL_Driver/Src/stm32f1xx_hal.c ****   uwTick += uwTickFreq;
 227              		.loc 1 295 0
 228 0000 034A     		ldr	r2, .L20
 229 0002 1168     		ldr	r1, [r2]
 230 0004 034B     		ldr	r3, .L20+4
 231 0006 1B78     		ldrb	r3, [r3]	@ zero_extendqisi2
 232 0008 0B44     		add	r3, r3, r1
 233 000a 1360     		str	r3, [r2]
 234 000c 7047     		bx	lr
 235              	.L21:
 236 000e 00BF     		.align	2
 237              	.L20:
 238 0010 00000000 		.word	uwTick
 239 0014 00000000 		.word	.LANCHOR0
 240              		.cfi_endproc
 241              	.LFE70:
 243              		.section	.text.HAL_GetTick,"ax",%progbits
 244              		.align	1
 245              		.weak	HAL_GetTick
 246              		.syntax unified
 247              		.thumb
 248              		.thumb_func
 249              		.fpu softvfp
 251              	HAL_GetTick:
 252              	.LFB71:
 296:Drivers/STM32F1xx_HAL_Driver/Src/stm32f1xx_hal.c **** }
 297:Drivers/STM32F1xx_HAL_Driver/Src/stm32f1xx_hal.c **** 
 298:Drivers/STM32F1xx_HAL_Driver/Src/stm32f1xx_hal.c **** /**
 299:Drivers/STM32F1xx_HAL_Driver/Src/stm32f1xx_hal.c ****   * @brief Provides a tick value in millisecond.
 300:Drivers/STM32F1xx_HAL_Driver/Src/stm32f1xx_hal.c ****   * @note  This function is declared as __weak to be overwritten in case of other
 301:Drivers/STM32F1xx_HAL_Driver/Src/stm32f1xx_hal.c ****   *       implementations in user file.
 302:Drivers/STM32F1xx_HAL_Driver/Src/stm32f1xx_hal.c ****   * @retval tick value
 303:Drivers/STM32F1xx_HAL_Driver/Src/stm32f1xx_hal.c ****   */
 304:Drivers/STM32F1xx_HAL_Driver/Src/stm32f1xx_hal.c **** __weak uint32_t HAL_GetTick(void)
 305:Drivers/STM32F1xx_HAL_Driver/Src/stm32f1xx_hal.c **** {
 253              		.loc 1 305 0
 254              		.cfi_startproc
 255              		@ args = 0, pretend = 0, frame = 0
 256              		@ frame_needed = 0, uses_anonymous_args = 0
 257              		@ link register save eliminated.
 306:Drivers/STM32F1xx_HAL_Driver/Src/stm32f1xx_hal.c ****   return uwTick;
 258              		.loc 1 306 0
 259 0000 014B     		ldr	r3, .L23
ARM GAS  /tmp/ccTNOsGS.s 			page 11


 260 0002 1868     		ldr	r0, [r3]
 307:Drivers/STM32F1xx_HAL_Driver/Src/stm32f1xx_hal.c **** }
 261              		.loc 1 307 0
 262 0004 7047     		bx	lr
 263              	.L24:
 264 0006 00BF     		.align	2
 265              	.L23:
 266 0008 00000000 		.word	uwTick
 267              		.cfi_endproc
 268              	.LFE71:
 270              		.section	.text.HAL_GetTickPrio,"ax",%progbits
 271              		.align	1
 272              		.global	HAL_GetTickPrio
 273              		.syntax unified
 274              		.thumb
 275              		.thumb_func
 276              		.fpu softvfp
 278              	HAL_GetTickPrio:
 279              	.LFB72:
 308:Drivers/STM32F1xx_HAL_Driver/Src/stm32f1xx_hal.c **** 
 309:Drivers/STM32F1xx_HAL_Driver/Src/stm32f1xx_hal.c **** /**
 310:Drivers/STM32F1xx_HAL_Driver/Src/stm32f1xx_hal.c ****   * @brief This function returns a tick priority.
 311:Drivers/STM32F1xx_HAL_Driver/Src/stm32f1xx_hal.c ****   * @retval tick priority
 312:Drivers/STM32F1xx_HAL_Driver/Src/stm32f1xx_hal.c ****   */
 313:Drivers/STM32F1xx_HAL_Driver/Src/stm32f1xx_hal.c **** uint32_t HAL_GetTickPrio(void)
 314:Drivers/STM32F1xx_HAL_Driver/Src/stm32f1xx_hal.c **** {
 280              		.loc 1 314 0
 281              		.cfi_startproc
 282              		@ args = 0, pretend = 0, frame = 0
 283              		@ frame_needed = 0, uses_anonymous_args = 0
 284              		@ link register save eliminated.
 315:Drivers/STM32F1xx_HAL_Driver/Src/stm32f1xx_hal.c ****   return uwTickPrio;
 316:Drivers/STM32F1xx_HAL_Driver/Src/stm32f1xx_hal.c **** }
 285              		.loc 1 316 0
 286 0000 014B     		ldr	r3, .L26
 287 0002 1868     		ldr	r0, [r3]
 288 0004 7047     		bx	lr
 289              	.L27:
 290 0006 00BF     		.align	2
 291              	.L26:
 292 0008 00000000 		.word	.LANCHOR1
 293              		.cfi_endproc
 294              	.LFE72:
 296              		.section	.text.HAL_SetTickFreq,"ax",%progbits
 297              		.align	1
 298              		.global	HAL_SetTickFreq
 299              		.syntax unified
 300              		.thumb
 301              		.thumb_func
 302              		.fpu softvfp
 304              	HAL_SetTickFreq:
 305              	.LFB73:
 317:Drivers/STM32F1xx_HAL_Driver/Src/stm32f1xx_hal.c **** 
 318:Drivers/STM32F1xx_HAL_Driver/Src/stm32f1xx_hal.c **** /**
 319:Drivers/STM32F1xx_HAL_Driver/Src/stm32f1xx_hal.c ****   * @brief Set new tick Freq.
 320:Drivers/STM32F1xx_HAL_Driver/Src/stm32f1xx_hal.c ****   * @retval status
 321:Drivers/STM32F1xx_HAL_Driver/Src/stm32f1xx_hal.c ****   */
ARM GAS  /tmp/ccTNOsGS.s 			page 12


 322:Drivers/STM32F1xx_HAL_Driver/Src/stm32f1xx_hal.c **** HAL_StatusTypeDef HAL_SetTickFreq(HAL_TickFreqTypeDef Freq)
 323:Drivers/STM32F1xx_HAL_Driver/Src/stm32f1xx_hal.c **** {
 306              		.loc 1 323 0
 307              		.cfi_startproc
 308              		@ args = 0, pretend = 0, frame = 0
 309              		@ frame_needed = 0, uses_anonymous_args = 0
 310              	.LVL11:
 324:Drivers/STM32F1xx_HAL_Driver/Src/stm32f1xx_hal.c ****   HAL_StatusTypeDef status  = HAL_OK;
 325:Drivers/STM32F1xx_HAL_Driver/Src/stm32f1xx_hal.c ****   assert_param(IS_TICKFREQ(Freq));
 326:Drivers/STM32F1xx_HAL_Driver/Src/stm32f1xx_hal.c **** 
 327:Drivers/STM32F1xx_HAL_Driver/Src/stm32f1xx_hal.c ****   if (uwTickFreq != Freq)
 311              		.loc 1 327 0
 312 0000 094B     		ldr	r3, .L35
 313 0002 1B78     		ldrb	r3, [r3]	@ zero_extendqisi2
 314 0004 8342     		cmp	r3, r0
 315 0006 0BD0     		beq	.L30
 323:Drivers/STM32F1xx_HAL_Driver/Src/stm32f1xx_hal.c ****   HAL_StatusTypeDef status  = HAL_OK;
 316              		.loc 1 323 0
 317 0008 10B5     		push	{r4, lr}
 318              	.LCFI3:
 319              		.cfi_def_cfa_offset 8
 320              		.cfi_offset 4, -8
 321              		.cfi_offset 14, -4
 322 000a 0446     		mov	r4, r0
 328:Drivers/STM32F1xx_HAL_Driver/Src/stm32f1xx_hal.c ****   {
 329:Drivers/STM32F1xx_HAL_Driver/Src/stm32f1xx_hal.c ****     /* Apply the new tick Freq  */
 330:Drivers/STM32F1xx_HAL_Driver/Src/stm32f1xx_hal.c ****     status = HAL_InitTick(uwTickPrio);
 323              		.loc 1 330 0
 324 000c 074B     		ldr	r3, .L35+4
 325 000e 1868     		ldr	r0, [r3]
 326              	.LVL12:
 327 0010 FFF7FEFF 		bl	HAL_InitTick
 328              	.LVL13:
 331:Drivers/STM32F1xx_HAL_Driver/Src/stm32f1xx_hal.c ****     if (status == HAL_OK)
 329              		.loc 1 331 0
 330 0014 0346     		mov	r3, r0
 331 0016 08B9     		cbnz	r0, .L29
 332:Drivers/STM32F1xx_HAL_Driver/Src/stm32f1xx_hal.c ****     {
 333:Drivers/STM32F1xx_HAL_Driver/Src/stm32f1xx_hal.c ****       uwTickFreq = Freq;
 332              		.loc 1 333 0
 333 0018 034A     		ldr	r2, .L35
 334 001a 1470     		strb	r4, [r2]
 335              	.L29:
 336              	.LVL14:
 334:Drivers/STM32F1xx_HAL_Driver/Src/stm32f1xx_hal.c ****     }
 335:Drivers/STM32F1xx_HAL_Driver/Src/stm32f1xx_hal.c ****   }
 336:Drivers/STM32F1xx_HAL_Driver/Src/stm32f1xx_hal.c **** 
 337:Drivers/STM32F1xx_HAL_Driver/Src/stm32f1xx_hal.c ****   return status;
 338:Drivers/STM32F1xx_HAL_Driver/Src/stm32f1xx_hal.c **** }
 337              		.loc 1 338 0
 338 001c 1846     		mov	r0, r3
 339 001e 10BD     		pop	{r4, pc}
 340              	.LVL15:
 341              	.L30:
 342              	.LCFI4:
 343              		.cfi_def_cfa_offset 0
 344              		.cfi_restore 4
ARM GAS  /tmp/ccTNOsGS.s 			page 13


 345              		.cfi_restore 14
 324:Drivers/STM32F1xx_HAL_Driver/Src/stm32f1xx_hal.c ****   assert_param(IS_TICKFREQ(Freq));
 346              		.loc 1 324 0
 347 0020 0023     		movs	r3, #0
 348              	.LVL16:
 349              		.loc 1 338 0
 350 0022 1846     		mov	r0, r3
 351              	.LVL17:
 352 0024 7047     		bx	lr
 353              	.L36:
 354 0026 00BF     		.align	2
 355              	.L35:
 356 0028 00000000 		.word	.LANCHOR0
 357 002c 00000000 		.word	.LANCHOR1
 358              		.cfi_endproc
 359              	.LFE73:
 361              		.section	.text.HAL_GetTickFreq,"ax",%progbits
 362              		.align	1
 363              		.global	HAL_GetTickFreq
 364              		.syntax unified
 365              		.thumb
 366              		.thumb_func
 367              		.fpu softvfp
 369              	HAL_GetTickFreq:
 370              	.LFB74:
 339:Drivers/STM32F1xx_HAL_Driver/Src/stm32f1xx_hal.c **** 
 340:Drivers/STM32F1xx_HAL_Driver/Src/stm32f1xx_hal.c **** /**
 341:Drivers/STM32F1xx_HAL_Driver/Src/stm32f1xx_hal.c ****   * @brief Return tick frequency.
 342:Drivers/STM32F1xx_HAL_Driver/Src/stm32f1xx_hal.c ****   * @retval tick period in Hz
 343:Drivers/STM32F1xx_HAL_Driver/Src/stm32f1xx_hal.c ****   */
 344:Drivers/STM32F1xx_HAL_Driver/Src/stm32f1xx_hal.c **** HAL_TickFreqTypeDef HAL_GetTickFreq(void)
 345:Drivers/STM32F1xx_HAL_Driver/Src/stm32f1xx_hal.c **** {
 371              		.loc 1 345 0
 372              		.cfi_startproc
 373              		@ args = 0, pretend = 0, frame = 0
 374              		@ frame_needed = 0, uses_anonymous_args = 0
 375              		@ link register save eliminated.
 346:Drivers/STM32F1xx_HAL_Driver/Src/stm32f1xx_hal.c ****   return uwTickFreq;
 347:Drivers/STM32F1xx_HAL_Driver/Src/stm32f1xx_hal.c **** }
 376              		.loc 1 347 0
 377 0000 014B     		ldr	r3, .L38
 378 0002 1878     		ldrb	r0, [r3]	@ zero_extendqisi2
 379 0004 7047     		bx	lr
 380              	.L39:
 381 0006 00BF     		.align	2
 382              	.L38:
 383 0008 00000000 		.word	.LANCHOR0
 384              		.cfi_endproc
 385              	.LFE74:
 387              		.section	.text.HAL_Delay,"ax",%progbits
 388              		.align	1
 389              		.weak	HAL_Delay
 390              		.syntax unified
 391              		.thumb
 392              		.thumb_func
 393              		.fpu softvfp
 395              	HAL_Delay:
ARM GAS  /tmp/ccTNOsGS.s 			page 14


 396              	.LFB75:
 348:Drivers/STM32F1xx_HAL_Driver/Src/stm32f1xx_hal.c **** 
 349:Drivers/STM32F1xx_HAL_Driver/Src/stm32f1xx_hal.c **** /**
 350:Drivers/STM32F1xx_HAL_Driver/Src/stm32f1xx_hal.c ****   * @brief This function provides minimum delay (in milliseconds) based
 351:Drivers/STM32F1xx_HAL_Driver/Src/stm32f1xx_hal.c ****   *        on variable incremented.
 352:Drivers/STM32F1xx_HAL_Driver/Src/stm32f1xx_hal.c ****   * @note In the default implementation , SysTick timer is the source of time base.
 353:Drivers/STM32F1xx_HAL_Driver/Src/stm32f1xx_hal.c ****   *       It is used to generate interrupts at regular time intervals where uwTick
 354:Drivers/STM32F1xx_HAL_Driver/Src/stm32f1xx_hal.c ****   *       is incremented.
 355:Drivers/STM32F1xx_HAL_Driver/Src/stm32f1xx_hal.c ****   * @note This function is declared as __weak to be overwritten in case of other
 356:Drivers/STM32F1xx_HAL_Driver/Src/stm32f1xx_hal.c ****   *       implementations in user file.
 357:Drivers/STM32F1xx_HAL_Driver/Src/stm32f1xx_hal.c ****   * @param Delay specifies the delay time length, in milliseconds.
 358:Drivers/STM32F1xx_HAL_Driver/Src/stm32f1xx_hal.c ****   * @retval None
 359:Drivers/STM32F1xx_HAL_Driver/Src/stm32f1xx_hal.c ****   */
 360:Drivers/STM32F1xx_HAL_Driver/Src/stm32f1xx_hal.c **** __weak void HAL_Delay(uint32_t Delay)
 361:Drivers/STM32F1xx_HAL_Driver/Src/stm32f1xx_hal.c **** {
 397              		.loc 1 361 0
 398              		.cfi_startproc
 399              		@ args = 0, pretend = 0, frame = 0
 400              		@ frame_needed = 0, uses_anonymous_args = 0
 401              	.LVL18:
 402 0000 38B5     		push	{r3, r4, r5, lr}
 403              	.LCFI5:
 404              		.cfi_def_cfa_offset 16
 405              		.cfi_offset 3, -16
 406              		.cfi_offset 4, -12
 407              		.cfi_offset 5, -8
 408              		.cfi_offset 14, -4
 409 0002 0446     		mov	r4, r0
 362:Drivers/STM32F1xx_HAL_Driver/Src/stm32f1xx_hal.c ****   uint32_t tickstart = HAL_GetTick();
 410              		.loc 1 362 0
 411 0004 FFF7FEFF 		bl	HAL_GetTick
 412              	.LVL19:
 413 0008 0546     		mov	r5, r0
 414              	.LVL20:
 363:Drivers/STM32F1xx_HAL_Driver/Src/stm32f1xx_hal.c ****   uint32_t wait = Delay;
 364:Drivers/STM32F1xx_HAL_Driver/Src/stm32f1xx_hal.c **** 
 365:Drivers/STM32F1xx_HAL_Driver/Src/stm32f1xx_hal.c ****   /* Add a freq to guarantee minimum wait */
 366:Drivers/STM32F1xx_HAL_Driver/Src/stm32f1xx_hal.c ****   if (wait < HAL_MAX_DELAY)
 415              		.loc 1 366 0
 416 000a B4F1FF3F 		cmp	r4, #-1
 417 000e 02D0     		beq	.L42
 367:Drivers/STM32F1xx_HAL_Driver/Src/stm32f1xx_hal.c ****   {
 368:Drivers/STM32F1xx_HAL_Driver/Src/stm32f1xx_hal.c ****     wait += (uint32_t)(uwTickFreq);
 418              		.loc 1 368 0
 419 0010 044B     		ldr	r3, .L44
 420 0012 1B78     		ldrb	r3, [r3]	@ zero_extendqisi2
 421 0014 1C44     		add	r4, r4, r3
 422              	.LVL21:
 423              	.L42:
 369:Drivers/STM32F1xx_HAL_Driver/Src/stm32f1xx_hal.c ****   }
 370:Drivers/STM32F1xx_HAL_Driver/Src/stm32f1xx_hal.c **** 
 371:Drivers/STM32F1xx_HAL_Driver/Src/stm32f1xx_hal.c ****   while ((HAL_GetTick() - tickstart) < wait)
 424              		.loc 1 371 0 discriminator 1
 425 0016 FFF7FEFF 		bl	HAL_GetTick
 426              	.LVL22:
 427 001a 401B     		subs	r0, r0, r5
 428 001c 8442     		cmp	r4, r0
ARM GAS  /tmp/ccTNOsGS.s 			page 15


 429 001e FAD8     		bhi	.L42
 372:Drivers/STM32F1xx_HAL_Driver/Src/stm32f1xx_hal.c ****   {
 373:Drivers/STM32F1xx_HAL_Driver/Src/stm32f1xx_hal.c ****   }
 374:Drivers/STM32F1xx_HAL_Driver/Src/stm32f1xx_hal.c **** }
 430              		.loc 1 374 0
 431 0020 38BD     		pop	{r3, r4, r5, pc}
 432              	.LVL23:
 433              	.L45:
 434 0022 00BF     		.align	2
 435              	.L44:
 436 0024 00000000 		.word	.LANCHOR0
 437              		.cfi_endproc
 438              	.LFE75:
 440              		.section	.text.HAL_SuspendTick,"ax",%progbits
 441              		.align	1
 442              		.weak	HAL_SuspendTick
 443              		.syntax unified
 444              		.thumb
 445              		.thumb_func
 446              		.fpu softvfp
 448              	HAL_SuspendTick:
 449              	.LFB76:
 375:Drivers/STM32F1xx_HAL_Driver/Src/stm32f1xx_hal.c **** 
 376:Drivers/STM32F1xx_HAL_Driver/Src/stm32f1xx_hal.c **** /**
 377:Drivers/STM32F1xx_HAL_Driver/Src/stm32f1xx_hal.c ****   * @brief Suspend Tick increment.
 378:Drivers/STM32F1xx_HAL_Driver/Src/stm32f1xx_hal.c ****   * @note In the default implementation , SysTick timer is the source of time base. It is
 379:Drivers/STM32F1xx_HAL_Driver/Src/stm32f1xx_hal.c ****   *       used to generate interrupts at regular time intervals. Once HAL_SuspendTick()
 380:Drivers/STM32F1xx_HAL_Driver/Src/stm32f1xx_hal.c ****   *       is called, the SysTick interrupt will be disabled and so Tick increment
 381:Drivers/STM32F1xx_HAL_Driver/Src/stm32f1xx_hal.c ****   *       is suspended.
 382:Drivers/STM32F1xx_HAL_Driver/Src/stm32f1xx_hal.c ****   * @note This function is declared as __weak to be overwritten in case of other
 383:Drivers/STM32F1xx_HAL_Driver/Src/stm32f1xx_hal.c ****   *       implementations in user file.
 384:Drivers/STM32F1xx_HAL_Driver/Src/stm32f1xx_hal.c ****   * @retval None
 385:Drivers/STM32F1xx_HAL_Driver/Src/stm32f1xx_hal.c ****   */
 386:Drivers/STM32F1xx_HAL_Driver/Src/stm32f1xx_hal.c **** __weak void HAL_SuspendTick(void)
 387:Drivers/STM32F1xx_HAL_Driver/Src/stm32f1xx_hal.c **** {
 450              		.loc 1 387 0
 451              		.cfi_startproc
 452              		@ args = 0, pretend = 0, frame = 0
 453              		@ frame_needed = 0, uses_anonymous_args = 0
 454              		@ link register save eliminated.
 388:Drivers/STM32F1xx_HAL_Driver/Src/stm32f1xx_hal.c ****   /* Disable SysTick Interrupt */
 389:Drivers/STM32F1xx_HAL_Driver/Src/stm32f1xx_hal.c ****   CLEAR_BIT(SysTick->CTRL, SysTick_CTRL_TICKINT_Msk);
 455              		.loc 1 389 0
 456 0000 024A     		ldr	r2, .L47
 457 0002 1368     		ldr	r3, [r2]
 458 0004 23F00203 		bic	r3, r3, #2
 459 0008 1360     		str	r3, [r2]
 460 000a 7047     		bx	lr
 461              	.L48:
 462              		.align	2
 463              	.L47:
 464 000c 10E000E0 		.word	-536813552
 465              		.cfi_endproc
 466              	.LFE76:
 468              		.section	.text.HAL_ResumeTick,"ax",%progbits
 469              		.align	1
 470              		.weak	HAL_ResumeTick
ARM GAS  /tmp/ccTNOsGS.s 			page 16


 471              		.syntax unified
 472              		.thumb
 473              		.thumb_func
 474              		.fpu softvfp
 476              	HAL_ResumeTick:
 477              	.LFB77:
 390:Drivers/STM32F1xx_HAL_Driver/Src/stm32f1xx_hal.c **** }
 391:Drivers/STM32F1xx_HAL_Driver/Src/stm32f1xx_hal.c **** 
 392:Drivers/STM32F1xx_HAL_Driver/Src/stm32f1xx_hal.c **** /**
 393:Drivers/STM32F1xx_HAL_Driver/Src/stm32f1xx_hal.c ****   * @brief Resume Tick increment.
 394:Drivers/STM32F1xx_HAL_Driver/Src/stm32f1xx_hal.c ****   * @note In the default implementation , SysTick timer is the source of time base. It is
 395:Drivers/STM32F1xx_HAL_Driver/Src/stm32f1xx_hal.c ****   *       used to generate interrupts at regular time intervals. Once HAL_ResumeTick()
 396:Drivers/STM32F1xx_HAL_Driver/Src/stm32f1xx_hal.c ****   *       is called, the SysTick interrupt will be enabled and so Tick increment
 397:Drivers/STM32F1xx_HAL_Driver/Src/stm32f1xx_hal.c ****   *       is resumed.
 398:Drivers/STM32F1xx_HAL_Driver/Src/stm32f1xx_hal.c ****   * @note This function is declared as __weak to be overwritten in case of other
 399:Drivers/STM32F1xx_HAL_Driver/Src/stm32f1xx_hal.c ****   *       implementations in user file.
 400:Drivers/STM32F1xx_HAL_Driver/Src/stm32f1xx_hal.c ****   * @retval None
 401:Drivers/STM32F1xx_HAL_Driver/Src/stm32f1xx_hal.c ****   */
 402:Drivers/STM32F1xx_HAL_Driver/Src/stm32f1xx_hal.c **** __weak void HAL_ResumeTick(void)
 403:Drivers/STM32F1xx_HAL_Driver/Src/stm32f1xx_hal.c **** {
 478              		.loc 1 403 0
 479              		.cfi_startproc
 480              		@ args = 0, pretend = 0, frame = 0
 481              		@ frame_needed = 0, uses_anonymous_args = 0
 482              		@ link register save eliminated.
 404:Drivers/STM32F1xx_HAL_Driver/Src/stm32f1xx_hal.c ****   /* Enable SysTick Interrupt */
 405:Drivers/STM32F1xx_HAL_Driver/Src/stm32f1xx_hal.c ****   SET_BIT(SysTick->CTRL, SysTick_CTRL_TICKINT_Msk);
 483              		.loc 1 405 0
 484 0000 024A     		ldr	r2, .L50
 485 0002 1368     		ldr	r3, [r2]
 486 0004 43F00203 		orr	r3, r3, #2
 487 0008 1360     		str	r3, [r2]
 488 000a 7047     		bx	lr
 489              	.L51:
 490              		.align	2
 491              	.L50:
 492 000c 10E000E0 		.word	-536813552
 493              		.cfi_endproc
 494              	.LFE77:
 496              		.section	.text.HAL_GetHalVersion,"ax",%progbits
 497              		.align	1
 498              		.global	HAL_GetHalVersion
 499              		.syntax unified
 500              		.thumb
 501              		.thumb_func
 502              		.fpu softvfp
 504              	HAL_GetHalVersion:
 505              	.LFB78:
 406:Drivers/STM32F1xx_HAL_Driver/Src/stm32f1xx_hal.c **** }
 407:Drivers/STM32F1xx_HAL_Driver/Src/stm32f1xx_hal.c **** 
 408:Drivers/STM32F1xx_HAL_Driver/Src/stm32f1xx_hal.c **** /**
 409:Drivers/STM32F1xx_HAL_Driver/Src/stm32f1xx_hal.c ****   * @brief  Returns the HAL revision
 410:Drivers/STM32F1xx_HAL_Driver/Src/stm32f1xx_hal.c ****   * @retval version 0xXYZR (8bits for each decimal, R for RC)
 411:Drivers/STM32F1xx_HAL_Driver/Src/stm32f1xx_hal.c ****   */
 412:Drivers/STM32F1xx_HAL_Driver/Src/stm32f1xx_hal.c **** uint32_t HAL_GetHalVersion(void)
 413:Drivers/STM32F1xx_HAL_Driver/Src/stm32f1xx_hal.c **** {
 506              		.loc 1 413 0
ARM GAS  /tmp/ccTNOsGS.s 			page 17


 507              		.cfi_startproc
 508              		@ args = 0, pretend = 0, frame = 0
 509              		@ frame_needed = 0, uses_anonymous_args = 0
 510              		@ link register save eliminated.
 414:Drivers/STM32F1xx_HAL_Driver/Src/stm32f1xx_hal.c ****   return __STM32F1xx_HAL_VERSION;
 415:Drivers/STM32F1xx_HAL_Driver/Src/stm32f1xx_hal.c **** }
 511              		.loc 1 415 0
 512 0000 0048     		ldr	r0, .L53
 513 0002 7047     		bx	lr
 514              	.L54:
 515              		.align	2
 516              	.L53:
 517 0004 00040101 		.word	16843776
 518              		.cfi_endproc
 519              	.LFE78:
 521              		.section	.text.HAL_GetREVID,"ax",%progbits
 522              		.align	1
 523              		.global	HAL_GetREVID
 524              		.syntax unified
 525              		.thumb
 526              		.thumb_func
 527              		.fpu softvfp
 529              	HAL_GetREVID:
 530              	.LFB79:
 416:Drivers/STM32F1xx_HAL_Driver/Src/stm32f1xx_hal.c **** 
 417:Drivers/STM32F1xx_HAL_Driver/Src/stm32f1xx_hal.c **** /**
 418:Drivers/STM32F1xx_HAL_Driver/Src/stm32f1xx_hal.c ****   * @brief Returns the device revision identifier.
 419:Drivers/STM32F1xx_HAL_Driver/Src/stm32f1xx_hal.c ****   * Note: On devices STM32F10xx8 and STM32F10xxB,
 420:Drivers/STM32F1xx_HAL_Driver/Src/stm32f1xx_hal.c ****   *                  STM32F101xC/D/E and STM32F103xC/D/E,
 421:Drivers/STM32F1xx_HAL_Driver/Src/stm32f1xx_hal.c ****   *                  STM32F101xF/G and STM32F103xF/G
 422:Drivers/STM32F1xx_HAL_Driver/Src/stm32f1xx_hal.c ****   *                  STM32F10xx4 and STM32F10xx6
 423:Drivers/STM32F1xx_HAL_Driver/Src/stm32f1xx_hal.c ****   *       Debug registers DBGMCU_IDCODE and DBGMCU_CR are accessible only in
 424:Drivers/STM32F1xx_HAL_Driver/Src/stm32f1xx_hal.c ****   *       debug mode (not accessible by the user software in normal mode).
 425:Drivers/STM32F1xx_HAL_Driver/Src/stm32f1xx_hal.c ****   *       Refer to errata sheet of these devices for more details.
 426:Drivers/STM32F1xx_HAL_Driver/Src/stm32f1xx_hal.c ****   * @retval Device revision identifier
 427:Drivers/STM32F1xx_HAL_Driver/Src/stm32f1xx_hal.c ****   */
 428:Drivers/STM32F1xx_HAL_Driver/Src/stm32f1xx_hal.c **** uint32_t HAL_GetREVID(void)
 429:Drivers/STM32F1xx_HAL_Driver/Src/stm32f1xx_hal.c **** {
 531              		.loc 1 429 0
 532              		.cfi_startproc
 533              		@ args = 0, pretend = 0, frame = 0
 534              		@ frame_needed = 0, uses_anonymous_args = 0
 535              		@ link register save eliminated.
 430:Drivers/STM32F1xx_HAL_Driver/Src/stm32f1xx_hal.c ****   return ((DBGMCU->IDCODE) >> DBGMCU_IDCODE_REV_ID_Pos);
 536              		.loc 1 430 0
 537 0000 014B     		ldr	r3, .L56
 538 0002 1868     		ldr	r0, [r3]
 431:Drivers/STM32F1xx_HAL_Driver/Src/stm32f1xx_hal.c **** }
 539              		.loc 1 431 0
 540 0004 000C     		lsrs	r0, r0, #16
 541 0006 7047     		bx	lr
 542              	.L57:
 543              		.align	2
 544              	.L56:
 545 0008 002004E0 		.word	-536600576
 546              		.cfi_endproc
 547              	.LFE79:
ARM GAS  /tmp/ccTNOsGS.s 			page 18


 549              		.section	.text.HAL_GetDEVID,"ax",%progbits
 550              		.align	1
 551              		.global	HAL_GetDEVID
 552              		.syntax unified
 553              		.thumb
 554              		.thumb_func
 555              		.fpu softvfp
 557              	HAL_GetDEVID:
 558              	.LFB80:
 432:Drivers/STM32F1xx_HAL_Driver/Src/stm32f1xx_hal.c **** 
 433:Drivers/STM32F1xx_HAL_Driver/Src/stm32f1xx_hal.c **** /**
 434:Drivers/STM32F1xx_HAL_Driver/Src/stm32f1xx_hal.c ****   * @brief  Returns the device identifier.
 435:Drivers/STM32F1xx_HAL_Driver/Src/stm32f1xx_hal.c ****   * Note: On devices STM32F10xx8 and STM32F10xxB,
 436:Drivers/STM32F1xx_HAL_Driver/Src/stm32f1xx_hal.c ****   *                  STM32F101xC/D/E and STM32F103xC/D/E,
 437:Drivers/STM32F1xx_HAL_Driver/Src/stm32f1xx_hal.c ****   *                  STM32F101xF/G and STM32F103xF/G
 438:Drivers/STM32F1xx_HAL_Driver/Src/stm32f1xx_hal.c ****   *                  STM32F10xx4 and STM32F10xx6
 439:Drivers/STM32F1xx_HAL_Driver/Src/stm32f1xx_hal.c ****   *       Debug registers DBGMCU_IDCODE and DBGMCU_CR are accessible only in
 440:Drivers/STM32F1xx_HAL_Driver/Src/stm32f1xx_hal.c ****   *       debug mode (not accessible by the user software in normal mode).
 441:Drivers/STM32F1xx_HAL_Driver/Src/stm32f1xx_hal.c ****   *       Refer to errata sheet of these devices for more details.
 442:Drivers/STM32F1xx_HAL_Driver/Src/stm32f1xx_hal.c ****   * @retval Device identifier
 443:Drivers/STM32F1xx_HAL_Driver/Src/stm32f1xx_hal.c ****   */
 444:Drivers/STM32F1xx_HAL_Driver/Src/stm32f1xx_hal.c **** uint32_t HAL_GetDEVID(void)
 445:Drivers/STM32F1xx_HAL_Driver/Src/stm32f1xx_hal.c **** {
 559              		.loc 1 445 0
 560              		.cfi_startproc
 561              		@ args = 0, pretend = 0, frame = 0
 562              		@ frame_needed = 0, uses_anonymous_args = 0
 563              		@ link register save eliminated.
 446:Drivers/STM32F1xx_HAL_Driver/Src/stm32f1xx_hal.c ****   return ((DBGMCU->IDCODE) & IDCODE_DEVID_MASK);
 564              		.loc 1 446 0
 565 0000 024B     		ldr	r3, .L59
 566 0002 1868     		ldr	r0, [r3]
 447:Drivers/STM32F1xx_HAL_Driver/Src/stm32f1xx_hal.c **** }
 567              		.loc 1 447 0
 568 0004 C0F30B00 		ubfx	r0, r0, #0, #12
 569 0008 7047     		bx	lr
 570              	.L60:
 571 000a 00BF     		.align	2
 572              	.L59:
 573 000c 002004E0 		.word	-536600576
 574              		.cfi_endproc
 575              	.LFE80:
 577              		.section	.text.HAL_GetUIDw0,"ax",%progbits
 578              		.align	1
 579              		.global	HAL_GetUIDw0
 580              		.syntax unified
 581              		.thumb
 582              		.thumb_func
 583              		.fpu softvfp
 585              	HAL_GetUIDw0:
 586              	.LFB81:
 448:Drivers/STM32F1xx_HAL_Driver/Src/stm32f1xx_hal.c **** 
 449:Drivers/STM32F1xx_HAL_Driver/Src/stm32f1xx_hal.c **** /**
 450:Drivers/STM32F1xx_HAL_Driver/Src/stm32f1xx_hal.c ****   * @brief  Returns first word of the unique device identifier (UID based on 96 bits)
 451:Drivers/STM32F1xx_HAL_Driver/Src/stm32f1xx_hal.c ****   * @retval Device identifier
 452:Drivers/STM32F1xx_HAL_Driver/Src/stm32f1xx_hal.c ****   */
 453:Drivers/STM32F1xx_HAL_Driver/Src/stm32f1xx_hal.c **** uint32_t HAL_GetUIDw0(void)
ARM GAS  /tmp/ccTNOsGS.s 			page 19


 454:Drivers/STM32F1xx_HAL_Driver/Src/stm32f1xx_hal.c **** {
 587              		.loc 1 454 0
 588              		.cfi_startproc
 589              		@ args = 0, pretend = 0, frame = 0
 590              		@ frame_needed = 0, uses_anonymous_args = 0
 591              		@ link register save eliminated.
 455:Drivers/STM32F1xx_HAL_Driver/Src/stm32f1xx_hal.c ****    return(READ_REG(*((uint32_t *)UID_BASE)));
 456:Drivers/STM32F1xx_HAL_Driver/Src/stm32f1xx_hal.c **** }
 592              		.loc 1 456 0
 593 0000 014B     		ldr	r3, .L62
 594 0002 1868     		ldr	r0, [r3]
 595 0004 7047     		bx	lr
 596              	.L63:
 597 0006 00BF     		.align	2
 598              	.L62:
 599 0008 E8F7FF1F 		.word	536868840
 600              		.cfi_endproc
 601              	.LFE81:
 603              		.section	.text.HAL_GetUIDw1,"ax",%progbits
 604              		.align	1
 605              		.global	HAL_GetUIDw1
 606              		.syntax unified
 607              		.thumb
 608              		.thumb_func
 609              		.fpu softvfp
 611              	HAL_GetUIDw1:
 612              	.LFB82:
 457:Drivers/STM32F1xx_HAL_Driver/Src/stm32f1xx_hal.c **** 
 458:Drivers/STM32F1xx_HAL_Driver/Src/stm32f1xx_hal.c **** /**
 459:Drivers/STM32F1xx_HAL_Driver/Src/stm32f1xx_hal.c ****   * @brief  Returns second word of the unique device identifier (UID based on 96 bits)
 460:Drivers/STM32F1xx_HAL_Driver/Src/stm32f1xx_hal.c ****   * @retval Device identifier
 461:Drivers/STM32F1xx_HAL_Driver/Src/stm32f1xx_hal.c ****   */
 462:Drivers/STM32F1xx_HAL_Driver/Src/stm32f1xx_hal.c **** uint32_t HAL_GetUIDw1(void)
 463:Drivers/STM32F1xx_HAL_Driver/Src/stm32f1xx_hal.c **** {
 613              		.loc 1 463 0
 614              		.cfi_startproc
 615              		@ args = 0, pretend = 0, frame = 0
 616              		@ frame_needed = 0, uses_anonymous_args = 0
 617              		@ link register save eliminated.
 464:Drivers/STM32F1xx_HAL_Driver/Src/stm32f1xx_hal.c ****    return(READ_REG(*((uint32_t *)(UID_BASE + 4U))));
 465:Drivers/STM32F1xx_HAL_Driver/Src/stm32f1xx_hal.c **** }
 618              		.loc 1 465 0
 619 0000 014B     		ldr	r3, .L65
 620 0002 1868     		ldr	r0, [r3]
 621 0004 7047     		bx	lr
 622              	.L66:
 623 0006 00BF     		.align	2
 624              	.L65:
 625 0008 ECF7FF1F 		.word	536868844
 626              		.cfi_endproc
 627              	.LFE82:
 629              		.section	.text.HAL_GetUIDw2,"ax",%progbits
 630              		.align	1
 631              		.global	HAL_GetUIDw2
 632              		.syntax unified
 633              		.thumb
 634              		.thumb_func
ARM GAS  /tmp/ccTNOsGS.s 			page 20


 635              		.fpu softvfp
 637              	HAL_GetUIDw2:
 638              	.LFB83:
 466:Drivers/STM32F1xx_HAL_Driver/Src/stm32f1xx_hal.c **** 
 467:Drivers/STM32F1xx_HAL_Driver/Src/stm32f1xx_hal.c **** /**
 468:Drivers/STM32F1xx_HAL_Driver/Src/stm32f1xx_hal.c ****   * @brief  Returns third word of the unique device identifier (UID based on 96 bits)
 469:Drivers/STM32F1xx_HAL_Driver/Src/stm32f1xx_hal.c ****   * @retval Device identifier
 470:Drivers/STM32F1xx_HAL_Driver/Src/stm32f1xx_hal.c ****   */
 471:Drivers/STM32F1xx_HAL_Driver/Src/stm32f1xx_hal.c **** uint32_t HAL_GetUIDw2(void)
 472:Drivers/STM32F1xx_HAL_Driver/Src/stm32f1xx_hal.c **** {
 639              		.loc 1 472 0
 640              		.cfi_startproc
 641              		@ args = 0, pretend = 0, frame = 0
 642              		@ frame_needed = 0, uses_anonymous_args = 0
 643              		@ link register save eliminated.
 473:Drivers/STM32F1xx_HAL_Driver/Src/stm32f1xx_hal.c ****    return(READ_REG(*((uint32_t *)(UID_BASE + 8U))));
 474:Drivers/STM32F1xx_HAL_Driver/Src/stm32f1xx_hal.c **** }
 644              		.loc 1 474 0
 645 0000 014B     		ldr	r3, .L68
 646 0002 1868     		ldr	r0, [r3]
 647 0004 7047     		bx	lr
 648              	.L69:
 649 0006 00BF     		.align	2
 650              	.L68:
 651 0008 F0F7FF1F 		.word	536868848
 652              		.cfi_endproc
 653              	.LFE83:
 655              		.section	.text.HAL_DBGMCU_EnableDBGSleepMode,"ax",%progbits
 656              		.align	1
 657              		.global	HAL_DBGMCU_EnableDBGSleepMode
 658              		.syntax unified
 659              		.thumb
 660              		.thumb_func
 661              		.fpu softvfp
 663              	HAL_DBGMCU_EnableDBGSleepMode:
 664              	.LFB84:
 475:Drivers/STM32F1xx_HAL_Driver/Src/stm32f1xx_hal.c **** 
 476:Drivers/STM32F1xx_HAL_Driver/Src/stm32f1xx_hal.c **** /**
 477:Drivers/STM32F1xx_HAL_Driver/Src/stm32f1xx_hal.c ****   * @brief  Enable the Debug Module during SLEEP mode
 478:Drivers/STM32F1xx_HAL_Driver/Src/stm32f1xx_hal.c ****   * @retval None
 479:Drivers/STM32F1xx_HAL_Driver/Src/stm32f1xx_hal.c ****   */
 480:Drivers/STM32F1xx_HAL_Driver/Src/stm32f1xx_hal.c **** void HAL_DBGMCU_EnableDBGSleepMode(void)
 481:Drivers/STM32F1xx_HAL_Driver/Src/stm32f1xx_hal.c **** {
 665              		.loc 1 481 0
 666              		.cfi_startproc
 667              		@ args = 0, pretend = 0, frame = 0
 668              		@ frame_needed = 0, uses_anonymous_args = 0
 669              		@ link register save eliminated.
 482:Drivers/STM32F1xx_HAL_Driver/Src/stm32f1xx_hal.c ****   SET_BIT(DBGMCU->CR, DBGMCU_CR_DBG_SLEEP);
 670              		.loc 1 482 0
 671 0000 024A     		ldr	r2, .L71
 672 0002 5368     		ldr	r3, [r2, #4]
 673 0004 43F00103 		orr	r3, r3, #1
 674 0008 5360     		str	r3, [r2, #4]
 675 000a 7047     		bx	lr
 676              	.L72:
 677              		.align	2
ARM GAS  /tmp/ccTNOsGS.s 			page 21


 678              	.L71:
 679 000c 002004E0 		.word	-536600576
 680              		.cfi_endproc
 681              	.LFE84:
 683              		.section	.text.HAL_DBGMCU_DisableDBGSleepMode,"ax",%progbits
 684              		.align	1
 685              		.global	HAL_DBGMCU_DisableDBGSleepMode
 686              		.syntax unified
 687              		.thumb
 688              		.thumb_func
 689              		.fpu softvfp
 691              	HAL_DBGMCU_DisableDBGSleepMode:
 692              	.LFB85:
 483:Drivers/STM32F1xx_HAL_Driver/Src/stm32f1xx_hal.c **** }
 484:Drivers/STM32F1xx_HAL_Driver/Src/stm32f1xx_hal.c **** 
 485:Drivers/STM32F1xx_HAL_Driver/Src/stm32f1xx_hal.c **** /**
 486:Drivers/STM32F1xx_HAL_Driver/Src/stm32f1xx_hal.c ****   * @brief  Disable the Debug Module during SLEEP mode
 487:Drivers/STM32F1xx_HAL_Driver/Src/stm32f1xx_hal.c ****   * Note: On devices STM32F10xx8 and STM32F10xxB,
 488:Drivers/STM32F1xx_HAL_Driver/Src/stm32f1xx_hal.c ****   *                  STM32F101xC/D/E and STM32F103xC/D/E,
 489:Drivers/STM32F1xx_HAL_Driver/Src/stm32f1xx_hal.c ****   *                  STM32F101xF/G and STM32F103xF/G
 490:Drivers/STM32F1xx_HAL_Driver/Src/stm32f1xx_hal.c ****   *                  STM32F10xx4 and STM32F10xx6
 491:Drivers/STM32F1xx_HAL_Driver/Src/stm32f1xx_hal.c ****   *       Debug registers DBGMCU_IDCODE and DBGMCU_CR are accessible only in
 492:Drivers/STM32F1xx_HAL_Driver/Src/stm32f1xx_hal.c ****   *       debug mode (not accessible by the user software in normal mode).
 493:Drivers/STM32F1xx_HAL_Driver/Src/stm32f1xx_hal.c ****   *       Refer to errata sheet of these devices for more details.
 494:Drivers/STM32F1xx_HAL_Driver/Src/stm32f1xx_hal.c ****   * @retval None
 495:Drivers/STM32F1xx_HAL_Driver/Src/stm32f1xx_hal.c ****   */
 496:Drivers/STM32F1xx_HAL_Driver/Src/stm32f1xx_hal.c **** void HAL_DBGMCU_DisableDBGSleepMode(void)
 497:Drivers/STM32F1xx_HAL_Driver/Src/stm32f1xx_hal.c **** {
 693              		.loc 1 497 0
 694              		.cfi_startproc
 695              		@ args = 0, pretend = 0, frame = 0
 696              		@ frame_needed = 0, uses_anonymous_args = 0
 697              		@ link register save eliminated.
 498:Drivers/STM32F1xx_HAL_Driver/Src/stm32f1xx_hal.c ****   CLEAR_BIT(DBGMCU->CR, DBGMCU_CR_DBG_SLEEP);
 698              		.loc 1 498 0
 699 0000 024A     		ldr	r2, .L74
 700 0002 5368     		ldr	r3, [r2, #4]
 701 0004 23F00103 		bic	r3, r3, #1
 702 0008 5360     		str	r3, [r2, #4]
 703 000a 7047     		bx	lr
 704              	.L75:
 705              		.align	2
 706              	.L74:
 707 000c 002004E0 		.word	-536600576
 708              		.cfi_endproc
 709              	.LFE85:
 711              		.section	.text.HAL_DBGMCU_EnableDBGStopMode,"ax",%progbits
 712              		.align	1
 713              		.global	HAL_DBGMCU_EnableDBGStopMode
 714              		.syntax unified
 715              		.thumb
 716              		.thumb_func
 717              		.fpu softvfp
 719              	HAL_DBGMCU_EnableDBGStopMode:
 720              	.LFB86:
 499:Drivers/STM32F1xx_HAL_Driver/Src/stm32f1xx_hal.c **** }
 500:Drivers/STM32F1xx_HAL_Driver/Src/stm32f1xx_hal.c **** 
ARM GAS  /tmp/ccTNOsGS.s 			page 22


 501:Drivers/STM32F1xx_HAL_Driver/Src/stm32f1xx_hal.c **** /**
 502:Drivers/STM32F1xx_HAL_Driver/Src/stm32f1xx_hal.c ****   * @brief  Enable the Debug Module during STOP mode
 503:Drivers/STM32F1xx_HAL_Driver/Src/stm32f1xx_hal.c ****   * Note: On devices STM32F10xx8 and STM32F10xxB,
 504:Drivers/STM32F1xx_HAL_Driver/Src/stm32f1xx_hal.c ****   *                  STM32F101xC/D/E and STM32F103xC/D/E,
 505:Drivers/STM32F1xx_HAL_Driver/Src/stm32f1xx_hal.c ****   *                  STM32F101xF/G and STM32F103xF/G
 506:Drivers/STM32F1xx_HAL_Driver/Src/stm32f1xx_hal.c ****   *                  STM32F10xx4 and STM32F10xx6
 507:Drivers/STM32F1xx_HAL_Driver/Src/stm32f1xx_hal.c ****   *       Debug registers DBGMCU_IDCODE and DBGMCU_CR are accessible only in
 508:Drivers/STM32F1xx_HAL_Driver/Src/stm32f1xx_hal.c ****   *       debug mode (not accessible by the user software in normal mode).
 509:Drivers/STM32F1xx_HAL_Driver/Src/stm32f1xx_hal.c ****   *       Refer to errata sheet of these devices for more details.
 510:Drivers/STM32F1xx_HAL_Driver/Src/stm32f1xx_hal.c ****   * Note: On all STM32F1 devices:
 511:Drivers/STM32F1xx_HAL_Driver/Src/stm32f1xx_hal.c ****   *       If the system tick timer interrupt is enabled during the Stop mode
 512:Drivers/STM32F1xx_HAL_Driver/Src/stm32f1xx_hal.c ****   *       debug (DBG_STOP bit set in the DBGMCU_CR register ), it will wakeup
 513:Drivers/STM32F1xx_HAL_Driver/Src/stm32f1xx_hal.c ****   *       the system from Stop mode.
 514:Drivers/STM32F1xx_HAL_Driver/Src/stm32f1xx_hal.c ****   *       Workaround: To debug the Stop mode, disable the system tick timer
 515:Drivers/STM32F1xx_HAL_Driver/Src/stm32f1xx_hal.c ****   *       interrupt.
 516:Drivers/STM32F1xx_HAL_Driver/Src/stm32f1xx_hal.c ****   *       Refer to errata sheet of these devices for more details.
 517:Drivers/STM32F1xx_HAL_Driver/Src/stm32f1xx_hal.c ****   * Note: On all STM32F1 devices:
 518:Drivers/STM32F1xx_HAL_Driver/Src/stm32f1xx_hal.c ****   *       If the system tick timer interrupt is enabled during the Stop mode
 519:Drivers/STM32F1xx_HAL_Driver/Src/stm32f1xx_hal.c ****   *       debug (DBG_STOP bit set in the DBGMCU_CR register ), it will wakeup
 520:Drivers/STM32F1xx_HAL_Driver/Src/stm32f1xx_hal.c ****   *       the system from Stop mode.
 521:Drivers/STM32F1xx_HAL_Driver/Src/stm32f1xx_hal.c ****   *       Workaround: To debug the Stop mode, disable the system tick timer
 522:Drivers/STM32F1xx_HAL_Driver/Src/stm32f1xx_hal.c ****   *       interrupt.
 523:Drivers/STM32F1xx_HAL_Driver/Src/stm32f1xx_hal.c ****   *       Refer to errata sheet of these devices for more details.
 524:Drivers/STM32F1xx_HAL_Driver/Src/stm32f1xx_hal.c ****   * @retval None
 525:Drivers/STM32F1xx_HAL_Driver/Src/stm32f1xx_hal.c ****   */
 526:Drivers/STM32F1xx_HAL_Driver/Src/stm32f1xx_hal.c **** void HAL_DBGMCU_EnableDBGStopMode(void)
 527:Drivers/STM32F1xx_HAL_Driver/Src/stm32f1xx_hal.c **** {
 721              		.loc 1 527 0
 722              		.cfi_startproc
 723              		@ args = 0, pretend = 0, frame = 0
 724              		@ frame_needed = 0, uses_anonymous_args = 0
 725              		@ link register save eliminated.
 528:Drivers/STM32F1xx_HAL_Driver/Src/stm32f1xx_hal.c ****   SET_BIT(DBGMCU->CR, DBGMCU_CR_DBG_STOP);
 726              		.loc 1 528 0
 727 0000 024A     		ldr	r2, .L77
 728 0002 5368     		ldr	r3, [r2, #4]
 729 0004 43F00203 		orr	r3, r3, #2
 730 0008 5360     		str	r3, [r2, #4]
 731 000a 7047     		bx	lr
 732              	.L78:
 733              		.align	2
 734              	.L77:
 735 000c 002004E0 		.word	-536600576
 736              		.cfi_endproc
 737              	.LFE86:
 739              		.section	.text.HAL_DBGMCU_DisableDBGStopMode,"ax",%progbits
 740              		.align	1
 741              		.global	HAL_DBGMCU_DisableDBGStopMode
 742              		.syntax unified
 743              		.thumb
 744              		.thumb_func
 745              		.fpu softvfp
 747              	HAL_DBGMCU_DisableDBGStopMode:
 748              	.LFB87:
 529:Drivers/STM32F1xx_HAL_Driver/Src/stm32f1xx_hal.c **** }
 530:Drivers/STM32F1xx_HAL_Driver/Src/stm32f1xx_hal.c **** 
 531:Drivers/STM32F1xx_HAL_Driver/Src/stm32f1xx_hal.c **** /**
ARM GAS  /tmp/ccTNOsGS.s 			page 23


 532:Drivers/STM32F1xx_HAL_Driver/Src/stm32f1xx_hal.c ****   * @brief  Disable the Debug Module during STOP mode
 533:Drivers/STM32F1xx_HAL_Driver/Src/stm32f1xx_hal.c ****   * Note: On devices STM32F10xx8 and STM32F10xxB,
 534:Drivers/STM32F1xx_HAL_Driver/Src/stm32f1xx_hal.c ****   *                  STM32F101xC/D/E and STM32F103xC/D/E,
 535:Drivers/STM32F1xx_HAL_Driver/Src/stm32f1xx_hal.c ****   *                  STM32F101xF/G and STM32F103xF/G
 536:Drivers/STM32F1xx_HAL_Driver/Src/stm32f1xx_hal.c ****   *                  STM32F10xx4 and STM32F10xx6
 537:Drivers/STM32F1xx_HAL_Driver/Src/stm32f1xx_hal.c ****   *       Debug registers DBGMCU_IDCODE and DBGMCU_CR are accessible only in
 538:Drivers/STM32F1xx_HAL_Driver/Src/stm32f1xx_hal.c ****   *       debug mode (not accessible by the user software in normal mode).
 539:Drivers/STM32F1xx_HAL_Driver/Src/stm32f1xx_hal.c ****   *       Refer to errata sheet of these devices for more details.
 540:Drivers/STM32F1xx_HAL_Driver/Src/stm32f1xx_hal.c ****   * @retval None
 541:Drivers/STM32F1xx_HAL_Driver/Src/stm32f1xx_hal.c ****   */
 542:Drivers/STM32F1xx_HAL_Driver/Src/stm32f1xx_hal.c **** void HAL_DBGMCU_DisableDBGStopMode(void)
 543:Drivers/STM32F1xx_HAL_Driver/Src/stm32f1xx_hal.c **** {
 749              		.loc 1 543 0
 750              		.cfi_startproc
 751              		@ args = 0, pretend = 0, frame = 0
 752              		@ frame_needed = 0, uses_anonymous_args = 0
 753              		@ link register save eliminated.
 544:Drivers/STM32F1xx_HAL_Driver/Src/stm32f1xx_hal.c ****   CLEAR_BIT(DBGMCU->CR, DBGMCU_CR_DBG_STOP);
 754              		.loc 1 544 0
 755 0000 024A     		ldr	r2, .L80
 756 0002 5368     		ldr	r3, [r2, #4]
 757 0004 23F00203 		bic	r3, r3, #2
 758 0008 5360     		str	r3, [r2, #4]
 759 000a 7047     		bx	lr
 760              	.L81:
 761              		.align	2
 762              	.L80:
 763 000c 002004E0 		.word	-536600576
 764              		.cfi_endproc
 765              	.LFE87:
 767              		.section	.text.HAL_DBGMCU_EnableDBGStandbyMode,"ax",%progbits
 768              		.align	1
 769              		.global	HAL_DBGMCU_EnableDBGStandbyMode
 770              		.syntax unified
 771              		.thumb
 772              		.thumb_func
 773              		.fpu softvfp
 775              	HAL_DBGMCU_EnableDBGStandbyMode:
 776              	.LFB88:
 545:Drivers/STM32F1xx_HAL_Driver/Src/stm32f1xx_hal.c **** }
 546:Drivers/STM32F1xx_HAL_Driver/Src/stm32f1xx_hal.c **** 
 547:Drivers/STM32F1xx_HAL_Driver/Src/stm32f1xx_hal.c **** /**
 548:Drivers/STM32F1xx_HAL_Driver/Src/stm32f1xx_hal.c ****   * @brief  Enable the Debug Module during STANDBY mode
 549:Drivers/STM32F1xx_HAL_Driver/Src/stm32f1xx_hal.c ****   * Note: On devices STM32F10xx8 and STM32F10xxB,
 550:Drivers/STM32F1xx_HAL_Driver/Src/stm32f1xx_hal.c ****   *                  STM32F101xC/D/E and STM32F103xC/D/E,
 551:Drivers/STM32F1xx_HAL_Driver/Src/stm32f1xx_hal.c ****   *                  STM32F101xF/G and STM32F103xF/G
 552:Drivers/STM32F1xx_HAL_Driver/Src/stm32f1xx_hal.c ****   *                  STM32F10xx4 and STM32F10xx6
 553:Drivers/STM32F1xx_HAL_Driver/Src/stm32f1xx_hal.c ****   *       Debug registers DBGMCU_IDCODE and DBGMCU_CR are accessible only in
 554:Drivers/STM32F1xx_HAL_Driver/Src/stm32f1xx_hal.c ****   *       debug mode (not accessible by the user software in normal mode).
 555:Drivers/STM32F1xx_HAL_Driver/Src/stm32f1xx_hal.c ****   *       Refer to errata sheet of these devices for more details.
 556:Drivers/STM32F1xx_HAL_Driver/Src/stm32f1xx_hal.c ****   * @retval None
 557:Drivers/STM32F1xx_HAL_Driver/Src/stm32f1xx_hal.c ****   */
 558:Drivers/STM32F1xx_HAL_Driver/Src/stm32f1xx_hal.c **** void HAL_DBGMCU_EnableDBGStandbyMode(void)
 559:Drivers/STM32F1xx_HAL_Driver/Src/stm32f1xx_hal.c **** {
 777              		.loc 1 559 0
 778              		.cfi_startproc
 779              		@ args = 0, pretend = 0, frame = 0
ARM GAS  /tmp/ccTNOsGS.s 			page 24


 780              		@ frame_needed = 0, uses_anonymous_args = 0
 781              		@ link register save eliminated.
 560:Drivers/STM32F1xx_HAL_Driver/Src/stm32f1xx_hal.c ****   SET_BIT(DBGMCU->CR, DBGMCU_CR_DBG_STANDBY);
 782              		.loc 1 560 0
 783 0000 024A     		ldr	r2, .L83
 784 0002 5368     		ldr	r3, [r2, #4]
 785 0004 43F00403 		orr	r3, r3, #4
 786 0008 5360     		str	r3, [r2, #4]
 787 000a 7047     		bx	lr
 788              	.L84:
 789              		.align	2
 790              	.L83:
 791 000c 002004E0 		.word	-536600576
 792              		.cfi_endproc
 793              	.LFE88:
 795              		.section	.text.HAL_DBGMCU_DisableDBGStandbyMode,"ax",%progbits
 796              		.align	1
 797              		.global	HAL_DBGMCU_DisableDBGStandbyMode
 798              		.syntax unified
 799              		.thumb
 800              		.thumb_func
 801              		.fpu softvfp
 803              	HAL_DBGMCU_DisableDBGStandbyMode:
 804              	.LFB89:
 561:Drivers/STM32F1xx_HAL_Driver/Src/stm32f1xx_hal.c **** }
 562:Drivers/STM32F1xx_HAL_Driver/Src/stm32f1xx_hal.c **** 
 563:Drivers/STM32F1xx_HAL_Driver/Src/stm32f1xx_hal.c **** /**
 564:Drivers/STM32F1xx_HAL_Driver/Src/stm32f1xx_hal.c ****   * @brief  Disable the Debug Module during STANDBY mode
 565:Drivers/STM32F1xx_HAL_Driver/Src/stm32f1xx_hal.c ****   * Note: On devices STM32F10xx8 and STM32F10xxB,
 566:Drivers/STM32F1xx_HAL_Driver/Src/stm32f1xx_hal.c ****   *                  STM32F101xC/D/E and STM32F103xC/D/E,
 567:Drivers/STM32F1xx_HAL_Driver/Src/stm32f1xx_hal.c ****   *                  STM32F101xF/G and STM32F103xF/G
 568:Drivers/STM32F1xx_HAL_Driver/Src/stm32f1xx_hal.c ****   *                  STM32F10xx4 and STM32F10xx6
 569:Drivers/STM32F1xx_HAL_Driver/Src/stm32f1xx_hal.c ****   *       Debug registers DBGMCU_IDCODE and DBGMCU_CR are accessible only in
 570:Drivers/STM32F1xx_HAL_Driver/Src/stm32f1xx_hal.c ****   *       debug mode (not accessible by the user software in normal mode).
 571:Drivers/STM32F1xx_HAL_Driver/Src/stm32f1xx_hal.c ****   *       Refer to errata sheet of these devices for more details.
 572:Drivers/STM32F1xx_HAL_Driver/Src/stm32f1xx_hal.c ****   * @retval None
 573:Drivers/STM32F1xx_HAL_Driver/Src/stm32f1xx_hal.c ****   */
 574:Drivers/STM32F1xx_HAL_Driver/Src/stm32f1xx_hal.c **** void HAL_DBGMCU_DisableDBGStandbyMode(void)
 575:Drivers/STM32F1xx_HAL_Driver/Src/stm32f1xx_hal.c **** {
 805              		.loc 1 575 0
 806              		.cfi_startproc
 807              		@ args = 0, pretend = 0, frame = 0
 808              		@ frame_needed = 0, uses_anonymous_args = 0
 809              		@ link register save eliminated.
 576:Drivers/STM32F1xx_HAL_Driver/Src/stm32f1xx_hal.c ****   CLEAR_BIT(DBGMCU->CR, DBGMCU_CR_DBG_STANDBY);
 810              		.loc 1 576 0
 811 0000 024A     		ldr	r2, .L86
 812 0002 5368     		ldr	r3, [r2, #4]
 813 0004 23F00403 		bic	r3, r3, #4
 814 0008 5360     		str	r3, [r2, #4]
 815 000a 7047     		bx	lr
 816              	.L87:
 817              		.align	2
 818              	.L86:
 819 000c 002004E0 		.word	-536600576
 820              		.cfi_endproc
 821              	.LFE89:
ARM GAS  /tmp/ccTNOsGS.s 			page 25


 823              		.global	uwTickFreq
 824              		.global	uwTickPrio
 825              		.comm	uwTick,4,4
 826              		.section	.data.uwTickFreq,"aw",%progbits
 827              		.set	.LANCHOR0,. + 0
 830              	uwTickFreq:
 831 0000 01       		.byte	1
 832              		.section	.data.uwTickPrio,"aw",%progbits
 833              		.align	2
 834              		.set	.LANCHOR1,. + 0
 837              	uwTickPrio:
 838 0000 10000000 		.word	16
 839              		.text
 840              	.Letext0:
 841              		.file 2 "/usr/include/newlib/machine/_default_types.h"
 842              		.file 3 "/usr/include/newlib/sys/_stdint.h"
 843              		.file 4 "Drivers/CMSIS/Include/core_cm3.h"
 844              		.file 5 "Drivers/CMSIS/Device/ST/STM32F1xx/Include/system_stm32f1xx.h"
 845              		.file 6 "Drivers/CMSIS/Device/ST/STM32F1xx/Include/stm32f103xb.h"
 846              		.file 7 "Drivers/STM32F1xx_HAL_Driver/Inc/stm32f1xx_hal_def.h"
 847              		.file 8 "Drivers/STM32F1xx_HAL_Driver/Inc/stm32f1xx_hal.h"
 848              		.file 9 "Drivers/STM32F1xx_HAL_Driver/Inc/stm32f1xx_hal_cortex.h"
ARM GAS  /tmp/ccTNOsGS.s 			page 26


DEFINED SYMBOLS
                            *ABS*:0000000000000000 stm32f1xx_hal.c
     /tmp/ccTNOsGS.s:16     .text.HAL_MspInit:0000000000000000 $t
     /tmp/ccTNOsGS.s:23     .text.HAL_MspInit:0000000000000000 HAL_MspInit
     /tmp/ccTNOsGS.s:36     .text.HAL_MspDeInit:0000000000000000 $t
     /tmp/ccTNOsGS.s:43     .text.HAL_MspDeInit:0000000000000000 HAL_MspDeInit
     /tmp/ccTNOsGS.s:55     .text.HAL_DeInit:0000000000000000 $t
     /tmp/ccTNOsGS.s:62     .text.HAL_DeInit:0000000000000000 HAL_DeInit
     /tmp/ccTNOsGS.s:94     .text.HAL_DeInit:000000000000001c $d
     /tmp/ccTNOsGS.s:99     .text.HAL_InitTick:0000000000000000 $t
     /tmp/ccTNOsGS.s:106    .text.HAL_InitTick:0000000000000000 HAL_InitTick
     /tmp/ccTNOsGS.s:161    .text.HAL_InitTick:0000000000000040 $d
     /tmp/ccTNOsGS.s:168    .text.HAL_Init:0000000000000000 $t
     /tmp/ccTNOsGS.s:175    .text.HAL_Init:0000000000000000 HAL_Init
     /tmp/ccTNOsGS.s:208    .text.HAL_Init:0000000000000020 $d
     /tmp/ccTNOsGS.s:213    .text.HAL_IncTick:0000000000000000 $t
     /tmp/ccTNOsGS.s:220    .text.HAL_IncTick:0000000000000000 HAL_IncTick
     /tmp/ccTNOsGS.s:238    .text.HAL_IncTick:0000000000000010 $d
                            *COM*:0000000000000004 uwTick
     /tmp/ccTNOsGS.s:244    .text.HAL_GetTick:0000000000000000 $t
     /tmp/ccTNOsGS.s:251    .text.HAL_GetTick:0000000000000000 HAL_GetTick
     /tmp/ccTNOsGS.s:266    .text.HAL_GetTick:0000000000000008 $d
     /tmp/ccTNOsGS.s:271    .text.HAL_GetTickPrio:0000000000000000 $t
     /tmp/ccTNOsGS.s:278    .text.HAL_GetTickPrio:0000000000000000 HAL_GetTickPrio
     /tmp/ccTNOsGS.s:292    .text.HAL_GetTickPrio:0000000000000008 $d
     /tmp/ccTNOsGS.s:297    .text.HAL_SetTickFreq:0000000000000000 $t
     /tmp/ccTNOsGS.s:304    .text.HAL_SetTickFreq:0000000000000000 HAL_SetTickFreq
     /tmp/ccTNOsGS.s:356    .text.HAL_SetTickFreq:0000000000000028 $d
     /tmp/ccTNOsGS.s:362    .text.HAL_GetTickFreq:0000000000000000 $t
     /tmp/ccTNOsGS.s:369    .text.HAL_GetTickFreq:0000000000000000 HAL_GetTickFreq
     /tmp/ccTNOsGS.s:383    .text.HAL_GetTickFreq:0000000000000008 $d
     /tmp/ccTNOsGS.s:388    .text.HAL_Delay:0000000000000000 $t
     /tmp/ccTNOsGS.s:395    .text.HAL_Delay:0000000000000000 HAL_Delay
     /tmp/ccTNOsGS.s:436    .text.HAL_Delay:0000000000000024 $d
     /tmp/ccTNOsGS.s:441    .text.HAL_SuspendTick:0000000000000000 $t
     /tmp/ccTNOsGS.s:448    .text.HAL_SuspendTick:0000000000000000 HAL_SuspendTick
     /tmp/ccTNOsGS.s:464    .text.HAL_SuspendTick:000000000000000c $d
     /tmp/ccTNOsGS.s:469    .text.HAL_ResumeTick:0000000000000000 $t
     /tmp/ccTNOsGS.s:476    .text.HAL_ResumeTick:0000000000000000 HAL_ResumeTick
     /tmp/ccTNOsGS.s:492    .text.HAL_ResumeTick:000000000000000c $d
     /tmp/ccTNOsGS.s:497    .text.HAL_GetHalVersion:0000000000000000 $t
     /tmp/ccTNOsGS.s:504    .text.HAL_GetHalVersion:0000000000000000 HAL_GetHalVersion
     /tmp/ccTNOsGS.s:517    .text.HAL_GetHalVersion:0000000000000004 $d
     /tmp/ccTNOsGS.s:522    .text.HAL_GetREVID:0000000000000000 $t
     /tmp/ccTNOsGS.s:529    .text.HAL_GetREVID:0000000000000000 HAL_GetREVID
     /tmp/ccTNOsGS.s:545    .text.HAL_GetREVID:0000000000000008 $d
     /tmp/ccTNOsGS.s:550    .text.HAL_GetDEVID:0000000000000000 $t
     /tmp/ccTNOsGS.s:557    .text.HAL_GetDEVID:0000000000000000 HAL_GetDEVID
     /tmp/ccTNOsGS.s:573    .text.HAL_GetDEVID:000000000000000c $d
     /tmp/ccTNOsGS.s:578    .text.HAL_GetUIDw0:0000000000000000 $t
     /tmp/ccTNOsGS.s:585    .text.HAL_GetUIDw0:0000000000000000 HAL_GetUIDw0
     /tmp/ccTNOsGS.s:599    .text.HAL_GetUIDw0:0000000000000008 $d
     /tmp/ccTNOsGS.s:604    .text.HAL_GetUIDw1:0000000000000000 $t
     /tmp/ccTNOsGS.s:611    .text.HAL_GetUIDw1:0000000000000000 HAL_GetUIDw1
     /tmp/ccTNOsGS.s:625    .text.HAL_GetUIDw1:0000000000000008 $d
     /tmp/ccTNOsGS.s:630    .text.HAL_GetUIDw2:0000000000000000 $t
     /tmp/ccTNOsGS.s:637    .text.HAL_GetUIDw2:0000000000000000 HAL_GetUIDw2
ARM GAS  /tmp/ccTNOsGS.s 			page 27


     /tmp/ccTNOsGS.s:651    .text.HAL_GetUIDw2:0000000000000008 $d
     /tmp/ccTNOsGS.s:656    .text.HAL_DBGMCU_EnableDBGSleepMode:0000000000000000 $t
     /tmp/ccTNOsGS.s:663    .text.HAL_DBGMCU_EnableDBGSleepMode:0000000000000000 HAL_DBGMCU_EnableDBGSleepMode
     /tmp/ccTNOsGS.s:679    .text.HAL_DBGMCU_EnableDBGSleepMode:000000000000000c $d
     /tmp/ccTNOsGS.s:684    .text.HAL_DBGMCU_DisableDBGSleepMode:0000000000000000 $t
     /tmp/ccTNOsGS.s:691    .text.HAL_DBGMCU_DisableDBGSleepMode:0000000000000000 HAL_DBGMCU_DisableDBGSleepMode
     /tmp/ccTNOsGS.s:707    .text.HAL_DBGMCU_DisableDBGSleepMode:000000000000000c $d
     /tmp/ccTNOsGS.s:712    .text.HAL_DBGMCU_EnableDBGStopMode:0000000000000000 $t
     /tmp/ccTNOsGS.s:719    .text.HAL_DBGMCU_EnableDBGStopMode:0000000000000000 HAL_DBGMCU_EnableDBGStopMode
     /tmp/ccTNOsGS.s:735    .text.HAL_DBGMCU_EnableDBGStopMode:000000000000000c $d
     /tmp/ccTNOsGS.s:740    .text.HAL_DBGMCU_DisableDBGStopMode:0000000000000000 $t
     /tmp/ccTNOsGS.s:747    .text.HAL_DBGMCU_DisableDBGStopMode:0000000000000000 HAL_DBGMCU_DisableDBGStopMode
     /tmp/ccTNOsGS.s:763    .text.HAL_DBGMCU_DisableDBGStopMode:000000000000000c $d
     /tmp/ccTNOsGS.s:768    .text.HAL_DBGMCU_EnableDBGStandbyMode:0000000000000000 $t
     /tmp/ccTNOsGS.s:775    .text.HAL_DBGMCU_EnableDBGStandbyMode:0000000000000000 HAL_DBGMCU_EnableDBGStandbyMode
     /tmp/ccTNOsGS.s:791    .text.HAL_DBGMCU_EnableDBGStandbyMode:000000000000000c $d
     /tmp/ccTNOsGS.s:796    .text.HAL_DBGMCU_DisableDBGStandbyMode:0000000000000000 $t
     /tmp/ccTNOsGS.s:803    .text.HAL_DBGMCU_DisableDBGStandbyMode:0000000000000000 HAL_DBGMCU_DisableDBGStandbyMode
     /tmp/ccTNOsGS.s:819    .text.HAL_DBGMCU_DisableDBGStandbyMode:000000000000000c $d
     /tmp/ccTNOsGS.s:830    .data.uwTickFreq:0000000000000000 uwTickFreq
     /tmp/ccTNOsGS.s:837    .data.uwTickPrio:0000000000000000 uwTickPrio
     /tmp/ccTNOsGS.s:833    .data.uwTickPrio:0000000000000000 $d
                     .debug_frame:0000000000000010 $d

UNDEFINED SYMBOLS
HAL_SYSTICK_Config
HAL_NVIC_SetPriority
SystemCoreClock
HAL_NVIC_SetPriorityGrouping
