ARM GAS  /tmp/ccvEjzhq.s 			page 1


   1              		.cpu cortex-m3
   2              		.eabi_attribute 20, 1
   3              		.eabi_attribute 21, 1
   4              		.eabi_attribute 23, 3
   5              		.eabi_attribute 24, 1
   6              		.eabi_attribute 25, 1
   7              		.eabi_attribute 26, 1
   8              		.eabi_attribute 30, 1
   9              		.eabi_attribute 34, 1
  10              		.eabi_attribute 18, 4
  11              		.file	"stm32f1xx_hal_msp.c"
  12              		.text
  13              	.Ltext0:
  14              		.cfi_sections	.debug_frame
  15              		.section	.text.HAL_MspInit,"ax",%progbits
  16              		.align	1
  17              		.global	HAL_MspInit
  18              		.syntax unified
  19              		.thumb
  20              		.thumb_func
  21              		.fpu softvfp
  23              	HAL_MspInit:
  24              	.LFB241:
  25              		.file 1 "Src/stm32f1xx_hal_msp.c"
   1:Src/stm32f1xx_hal_msp.c **** /* USER CODE BEGIN Header */
   2:Src/stm32f1xx_hal_msp.c **** /**
   3:Src/stm32f1xx_hal_msp.c ****   ******************************************************************************
   4:Src/stm32f1xx_hal_msp.c ****   * File Name          : stm32f1xx_hal_msp.c
   5:Src/stm32f1xx_hal_msp.c ****   * Description        : This file provides code for the MSP Initialization 
   6:Src/stm32f1xx_hal_msp.c ****   *                      and de-Initialization codes.
   7:Src/stm32f1xx_hal_msp.c ****   ******************************************************************************
   8:Src/stm32f1xx_hal_msp.c ****   * @attention
   9:Src/stm32f1xx_hal_msp.c ****   *
  10:Src/stm32f1xx_hal_msp.c ****   * <h2><center>&copy; Copyright (c) 2020 STMicroelectronics.
  11:Src/stm32f1xx_hal_msp.c ****   * All rights reserved.</center></h2>
  12:Src/stm32f1xx_hal_msp.c ****   *
  13:Src/stm32f1xx_hal_msp.c ****   * This software component is licensed by ST under BSD 3-Clause license,
  14:Src/stm32f1xx_hal_msp.c ****   * the "License"; You may not use this file except in compliance with the
  15:Src/stm32f1xx_hal_msp.c ****   * License. You may obtain a copy of the License at:
  16:Src/stm32f1xx_hal_msp.c ****   *                        opensource.org/licenses/BSD-3-Clause
  17:Src/stm32f1xx_hal_msp.c ****   *
  18:Src/stm32f1xx_hal_msp.c ****   ******************************************************************************
  19:Src/stm32f1xx_hal_msp.c ****   */
  20:Src/stm32f1xx_hal_msp.c **** /* USER CODE END Header */
  21:Src/stm32f1xx_hal_msp.c **** 
  22:Src/stm32f1xx_hal_msp.c **** /* Includes ------------------------------------------------------------------*/
  23:Src/stm32f1xx_hal_msp.c **** #include "main.h"
  24:Src/stm32f1xx_hal_msp.c **** /* USER CODE BEGIN Includes */
  25:Src/stm32f1xx_hal_msp.c **** 
  26:Src/stm32f1xx_hal_msp.c **** /* USER CODE END Includes */
  27:Src/stm32f1xx_hal_msp.c **** 
  28:Src/stm32f1xx_hal_msp.c **** /* Private typedef -----------------------------------------------------------*/
  29:Src/stm32f1xx_hal_msp.c **** /* USER CODE BEGIN TD */
  30:Src/stm32f1xx_hal_msp.c **** 
  31:Src/stm32f1xx_hal_msp.c **** /* USER CODE END TD */
  32:Src/stm32f1xx_hal_msp.c **** 
  33:Src/stm32f1xx_hal_msp.c **** /* Private define ------------------------------------------------------------*/
ARM GAS  /tmp/ccvEjzhq.s 			page 2


  34:Src/stm32f1xx_hal_msp.c **** /* USER CODE BEGIN Define */
  35:Src/stm32f1xx_hal_msp.c ****  
  36:Src/stm32f1xx_hal_msp.c **** /* USER CODE END Define */
  37:Src/stm32f1xx_hal_msp.c **** 
  38:Src/stm32f1xx_hal_msp.c **** /* Private macro -------------------------------------------------------------*/
  39:Src/stm32f1xx_hal_msp.c **** /* USER CODE BEGIN Macro */
  40:Src/stm32f1xx_hal_msp.c **** 
  41:Src/stm32f1xx_hal_msp.c **** /* USER CODE END Macro */
  42:Src/stm32f1xx_hal_msp.c **** 
  43:Src/stm32f1xx_hal_msp.c **** /* Private variables ---------------------------------------------------------*/
  44:Src/stm32f1xx_hal_msp.c **** /* USER CODE BEGIN PV */
  45:Src/stm32f1xx_hal_msp.c **** 
  46:Src/stm32f1xx_hal_msp.c **** /* USER CODE END PV */
  47:Src/stm32f1xx_hal_msp.c **** 
  48:Src/stm32f1xx_hal_msp.c **** /* Private function prototypes -----------------------------------------------*/
  49:Src/stm32f1xx_hal_msp.c **** /* USER CODE BEGIN PFP */
  50:Src/stm32f1xx_hal_msp.c **** 
  51:Src/stm32f1xx_hal_msp.c **** /* USER CODE END PFP */
  52:Src/stm32f1xx_hal_msp.c **** 
  53:Src/stm32f1xx_hal_msp.c **** /* External functions --------------------------------------------------------*/
  54:Src/stm32f1xx_hal_msp.c **** /* USER CODE BEGIN ExternalFunctions */
  55:Src/stm32f1xx_hal_msp.c **** 
  56:Src/stm32f1xx_hal_msp.c **** /* USER CODE END ExternalFunctions */
  57:Src/stm32f1xx_hal_msp.c **** 
  58:Src/stm32f1xx_hal_msp.c **** /* USER CODE BEGIN 0 */
  59:Src/stm32f1xx_hal_msp.c **** 
  60:Src/stm32f1xx_hal_msp.c **** /* USER CODE END 0 */
  61:Src/stm32f1xx_hal_msp.c ****                         
  62:Src/stm32f1xx_hal_msp.c **** void HAL_TIM_MspPostInit(TIM_HandleTypeDef *htim);
  63:Src/stm32f1xx_hal_msp.c ****                     /**
  64:Src/stm32f1xx_hal_msp.c ****   * Initializes the Global MSP.
  65:Src/stm32f1xx_hal_msp.c ****   */
  66:Src/stm32f1xx_hal_msp.c **** void HAL_MspInit(void)
  67:Src/stm32f1xx_hal_msp.c **** {
  26              		.loc 1 67 0
  27              		.cfi_startproc
  28              		@ args = 0, pretend = 0, frame = 8
  29              		@ frame_needed = 0, uses_anonymous_args = 0
  30              		@ link register save eliminated.
  31 0000 82B0     		sub	sp, sp, #8
  32              	.LCFI0:
  33              		.cfi_def_cfa_offset 8
  34              	.LBB2:
  68:Src/stm32f1xx_hal_msp.c ****   /* USER CODE BEGIN MspInit 0 */
  69:Src/stm32f1xx_hal_msp.c **** 
  70:Src/stm32f1xx_hal_msp.c ****   /* USER CODE END MspInit 0 */
  71:Src/stm32f1xx_hal_msp.c **** 
  72:Src/stm32f1xx_hal_msp.c ****   __HAL_RCC_AFIO_CLK_ENABLE();
  35              		.loc 1 72 0
  36 0002 0E4B     		ldr	r3, .L3
  37 0004 9A69     		ldr	r2, [r3, #24]
  38 0006 42F00102 		orr	r2, r2, #1
  39 000a 9A61     		str	r2, [r3, #24]
  40 000c 9A69     		ldr	r2, [r3, #24]
  41 000e 02F00102 		and	r2, r2, #1
  42 0012 0092     		str	r2, [sp]
  43 0014 009A     		ldr	r2, [sp]
ARM GAS  /tmp/ccvEjzhq.s 			page 3


  44              	.LBE2:
  45              	.LBB3:
  73:Src/stm32f1xx_hal_msp.c ****   __HAL_RCC_PWR_CLK_ENABLE();
  46              		.loc 1 73 0
  47 0016 DA69     		ldr	r2, [r3, #28]
  48 0018 42F08052 		orr	r2, r2, #268435456
  49 001c DA61     		str	r2, [r3, #28]
  50 001e DB69     		ldr	r3, [r3, #28]
  51 0020 03F08053 		and	r3, r3, #268435456
  52 0024 0193     		str	r3, [sp, #4]
  53 0026 019B     		ldr	r3, [sp, #4]
  54              	.LBE3:
  55              	.LBB4:
  74:Src/stm32f1xx_hal_msp.c **** 
  75:Src/stm32f1xx_hal_msp.c ****   /* System interrupt init*/
  76:Src/stm32f1xx_hal_msp.c **** 
  77:Src/stm32f1xx_hal_msp.c ****   /** DISABLE: JTAG-DP Disabled and SW-DP Disabled 
  78:Src/stm32f1xx_hal_msp.c ****   */
  79:Src/stm32f1xx_hal_msp.c ****   __HAL_AFIO_REMAP_SWJ_DISABLE();
  56              		.loc 1 79 0
  57 0028 054A     		ldr	r2, .L3+4
  58 002a 5368     		ldr	r3, [r2, #4]
  59              	.LVL0:
  60 002c 23F0E063 		bic	r3, r3, #117440512
  61              	.LVL1:
  62 0030 43F08063 		orr	r3, r3, #67108864
  63              	.LVL2:
  64 0034 5360     		str	r3, [r2, #4]
  65              	.LBE4:
  80:Src/stm32f1xx_hal_msp.c **** 
  81:Src/stm32f1xx_hal_msp.c ****   /* USER CODE BEGIN MspInit 1 */
  82:Src/stm32f1xx_hal_msp.c **** 
  83:Src/stm32f1xx_hal_msp.c ****   /* USER CODE END MspInit 1 */
  84:Src/stm32f1xx_hal_msp.c **** }
  66              		.loc 1 84 0
  67 0036 02B0     		add	sp, sp, #8
  68              	.LCFI1:
  69              		.cfi_def_cfa_offset 0
  70              		@ sp needed
  71 0038 7047     		bx	lr
  72              	.L4:
  73 003a 00BF     		.align	2
  74              	.L3:
  75 003c 00100240 		.word	1073876992
  76 0040 00000140 		.word	1073807360
  77              		.cfi_endproc
  78              	.LFE241:
  80              		.section	.text.HAL_I2C_MspInit,"ax",%progbits
  81              		.align	1
  82              		.global	HAL_I2C_MspInit
  83              		.syntax unified
  84              		.thumb
  85              		.thumb_func
  86              		.fpu softvfp
  88              	HAL_I2C_MspInit:
  89              	.LFB242:
  85:Src/stm32f1xx_hal_msp.c **** 
ARM GAS  /tmp/ccvEjzhq.s 			page 4


  86:Src/stm32f1xx_hal_msp.c **** /**
  87:Src/stm32f1xx_hal_msp.c **** * @brief I2C MSP Initialization
  88:Src/stm32f1xx_hal_msp.c **** * This function configures the hardware resources used in this example
  89:Src/stm32f1xx_hal_msp.c **** * @param hi2c: I2C handle pointer
  90:Src/stm32f1xx_hal_msp.c **** * @retval None
  91:Src/stm32f1xx_hal_msp.c **** */
  92:Src/stm32f1xx_hal_msp.c **** void HAL_I2C_MspInit(I2C_HandleTypeDef* hi2c)
  93:Src/stm32f1xx_hal_msp.c **** {
  90              		.loc 1 93 0
  91              		.cfi_startproc
  92              		@ args = 0, pretend = 0, frame = 24
  93              		@ frame_needed = 0, uses_anonymous_args = 0
  94              	.LVL3:
  95 0000 10B5     		push	{r4, lr}
  96              	.LCFI2:
  97              		.cfi_def_cfa_offset 8
  98              		.cfi_offset 4, -8
  99              		.cfi_offset 14, -4
 100 0002 86B0     		sub	sp, sp, #24
 101              	.LCFI3:
 102              		.cfi_def_cfa_offset 32
  94:Src/stm32f1xx_hal_msp.c ****   GPIO_InitTypeDef GPIO_InitStruct = {0};
 103              		.loc 1 94 0
 104 0004 0023     		movs	r3, #0
 105 0006 0293     		str	r3, [sp, #8]
 106 0008 0393     		str	r3, [sp, #12]
 107 000a 0493     		str	r3, [sp, #16]
 108 000c 0593     		str	r3, [sp, #20]
  95:Src/stm32f1xx_hal_msp.c ****   if(hi2c->Instance==I2C2)
 109              		.loc 1 95 0
 110 000e 0268     		ldr	r2, [r0]
 111 0010 114B     		ldr	r3, .L9
 112 0012 9A42     		cmp	r2, r3
 113 0014 01D0     		beq	.L8
 114              	.LVL4:
 115              	.L5:
  96:Src/stm32f1xx_hal_msp.c ****   {
  97:Src/stm32f1xx_hal_msp.c ****   /* USER CODE BEGIN I2C2_MspInit 0 */
  98:Src/stm32f1xx_hal_msp.c **** 
  99:Src/stm32f1xx_hal_msp.c ****   /* USER CODE END I2C2_MspInit 0 */
 100:Src/stm32f1xx_hal_msp.c ****   
 101:Src/stm32f1xx_hal_msp.c ****     __HAL_RCC_GPIOB_CLK_ENABLE();
 102:Src/stm32f1xx_hal_msp.c ****     /**I2C2 GPIO Configuration    
 103:Src/stm32f1xx_hal_msp.c ****     PB10     ------> I2C2_SCL
 104:Src/stm32f1xx_hal_msp.c ****     PB11     ------> I2C2_SDA 
 105:Src/stm32f1xx_hal_msp.c ****     */
 106:Src/stm32f1xx_hal_msp.c ****     GPIO_InitStruct.Pin = GPIO_PIN_10|GPIO_PIN_11;
 107:Src/stm32f1xx_hal_msp.c ****     GPIO_InitStruct.Mode = GPIO_MODE_AF_OD;
 108:Src/stm32f1xx_hal_msp.c ****     GPIO_InitStruct.Speed = GPIO_SPEED_FREQ_HIGH;
 109:Src/stm32f1xx_hal_msp.c ****     HAL_GPIO_Init(GPIOB, &GPIO_InitStruct);
 110:Src/stm32f1xx_hal_msp.c **** 
 111:Src/stm32f1xx_hal_msp.c ****     /* Peripheral clock enable */
 112:Src/stm32f1xx_hal_msp.c ****     __HAL_RCC_I2C2_CLK_ENABLE();
 113:Src/stm32f1xx_hal_msp.c ****   /* USER CODE BEGIN I2C2_MspInit 1 */
 114:Src/stm32f1xx_hal_msp.c **** 
 115:Src/stm32f1xx_hal_msp.c ****   /* USER CODE END I2C2_MspInit 1 */
 116:Src/stm32f1xx_hal_msp.c ****   }
ARM GAS  /tmp/ccvEjzhq.s 			page 5


 117:Src/stm32f1xx_hal_msp.c **** 
 118:Src/stm32f1xx_hal_msp.c **** }
 116              		.loc 1 118 0
 117 0016 06B0     		add	sp, sp, #24
 118              	.LCFI4:
 119              		.cfi_remember_state
 120              		.cfi_def_cfa_offset 8
 121              		@ sp needed
 122 0018 10BD     		pop	{r4, pc}
 123              	.LVL5:
 124              	.L8:
 125              	.LCFI5:
 126              		.cfi_restore_state
 127              	.LBB5:
 101:Src/stm32f1xx_hal_msp.c ****     /**I2C2 GPIO Configuration    
 128              		.loc 1 101 0
 129 001a 104C     		ldr	r4, .L9+4
 130 001c A369     		ldr	r3, [r4, #24]
 131 001e 43F00803 		orr	r3, r3, #8
 132 0022 A361     		str	r3, [r4, #24]
 133 0024 A369     		ldr	r3, [r4, #24]
 134 0026 03F00803 		and	r3, r3, #8
 135 002a 0093     		str	r3, [sp]
 136 002c 009B     		ldr	r3, [sp]
 137              	.LBE5:
 106:Src/stm32f1xx_hal_msp.c ****     GPIO_InitStruct.Mode = GPIO_MODE_AF_OD;
 138              		.loc 1 106 0
 139 002e 4FF44063 		mov	r3, #3072
 140 0032 0293     		str	r3, [sp, #8]
 107:Src/stm32f1xx_hal_msp.c ****     GPIO_InitStruct.Speed = GPIO_SPEED_FREQ_HIGH;
 141              		.loc 1 107 0
 142 0034 1223     		movs	r3, #18
 143 0036 0393     		str	r3, [sp, #12]
 108:Src/stm32f1xx_hal_msp.c ****     HAL_GPIO_Init(GPIOB, &GPIO_InitStruct);
 144              		.loc 1 108 0
 145 0038 0323     		movs	r3, #3
 146 003a 0593     		str	r3, [sp, #20]
 109:Src/stm32f1xx_hal_msp.c **** 
 147              		.loc 1 109 0
 148 003c 02A9     		add	r1, sp, #8
 149 003e 0848     		ldr	r0, .L9+8
 150              	.LVL6:
 151 0040 FFF7FEFF 		bl	HAL_GPIO_Init
 152              	.LVL7:
 153              	.LBB6:
 112:Src/stm32f1xx_hal_msp.c ****   /* USER CODE BEGIN I2C2_MspInit 1 */
 154              		.loc 1 112 0
 155 0044 E369     		ldr	r3, [r4, #28]
 156 0046 43F48003 		orr	r3, r3, #4194304
 157 004a E361     		str	r3, [r4, #28]
 158 004c E369     		ldr	r3, [r4, #28]
 159 004e 03F48003 		and	r3, r3, #4194304
 160 0052 0193     		str	r3, [sp, #4]
 161 0054 019B     		ldr	r3, [sp, #4]
 162              	.LBE6:
 163              		.loc 1 118 0
 164 0056 DEE7     		b	.L5
ARM GAS  /tmp/ccvEjzhq.s 			page 6


 165              	.L10:
 166              		.align	2
 167              	.L9:
 168 0058 00580040 		.word	1073764352
 169 005c 00100240 		.word	1073876992
 170 0060 000C0140 		.word	1073810432
 171              		.cfi_endproc
 172              	.LFE242:
 174              		.section	.text.HAL_I2C_MspDeInit,"ax",%progbits
 175              		.align	1
 176              		.global	HAL_I2C_MspDeInit
 177              		.syntax unified
 178              		.thumb
 179              		.thumb_func
 180              		.fpu softvfp
 182              	HAL_I2C_MspDeInit:
 183              	.LFB243:
 119:Src/stm32f1xx_hal_msp.c **** 
 120:Src/stm32f1xx_hal_msp.c **** /**
 121:Src/stm32f1xx_hal_msp.c **** * @brief I2C MSP De-Initialization
 122:Src/stm32f1xx_hal_msp.c **** * This function freeze the hardware resources used in this example
 123:Src/stm32f1xx_hal_msp.c **** * @param hi2c: I2C handle pointer
 124:Src/stm32f1xx_hal_msp.c **** * @retval None
 125:Src/stm32f1xx_hal_msp.c **** */
 126:Src/stm32f1xx_hal_msp.c **** void HAL_I2C_MspDeInit(I2C_HandleTypeDef* hi2c)
 127:Src/stm32f1xx_hal_msp.c **** {
 184              		.loc 1 127 0
 185              		.cfi_startproc
 186              		@ args = 0, pretend = 0, frame = 0
 187              		@ frame_needed = 0, uses_anonymous_args = 0
 188              	.LVL8:
 189 0000 08B5     		push	{r3, lr}
 190              	.LCFI6:
 191              		.cfi_def_cfa_offset 8
 192              		.cfi_offset 3, -8
 193              		.cfi_offset 14, -4
 128:Src/stm32f1xx_hal_msp.c ****   if(hi2c->Instance==I2C2)
 194              		.loc 1 128 0
 195 0002 0268     		ldr	r2, [r0]
 196 0004 074B     		ldr	r3, .L15
 197 0006 9A42     		cmp	r2, r3
 198 0008 00D0     		beq	.L14
 199              	.LVL9:
 200              	.L11:
 201 000a 08BD     		pop	{r3, pc}
 202              	.LVL10:
 203              	.L14:
 129:Src/stm32f1xx_hal_msp.c ****   {
 130:Src/stm32f1xx_hal_msp.c ****   /* USER CODE BEGIN I2C2_MspDeInit 0 */
 131:Src/stm32f1xx_hal_msp.c **** 
 132:Src/stm32f1xx_hal_msp.c ****   /* USER CODE END I2C2_MspDeInit 0 */
 133:Src/stm32f1xx_hal_msp.c ****     /* Peripheral clock disable */
 134:Src/stm32f1xx_hal_msp.c ****     __HAL_RCC_I2C2_CLK_DISABLE();
 204              		.loc 1 134 0
 205 000c 064A     		ldr	r2, .L15+4
 206 000e D369     		ldr	r3, [r2, #28]
 207 0010 23F48003 		bic	r3, r3, #4194304
ARM GAS  /tmp/ccvEjzhq.s 			page 7


 208 0014 D361     		str	r3, [r2, #28]
 135:Src/stm32f1xx_hal_msp.c ****   
 136:Src/stm32f1xx_hal_msp.c ****     /**I2C2 GPIO Configuration    
 137:Src/stm32f1xx_hal_msp.c ****     PB10     ------> I2C2_SCL
 138:Src/stm32f1xx_hal_msp.c ****     PB11     ------> I2C2_SDA 
 139:Src/stm32f1xx_hal_msp.c ****     */
 140:Src/stm32f1xx_hal_msp.c ****     HAL_GPIO_DeInit(GPIOB, GPIO_PIN_10|GPIO_PIN_11);
 209              		.loc 1 140 0
 210 0016 4FF44061 		mov	r1, #3072
 211 001a 0448     		ldr	r0, .L15+8
 212              	.LVL11:
 213 001c FFF7FEFF 		bl	HAL_GPIO_DeInit
 214              	.LVL12:
 141:Src/stm32f1xx_hal_msp.c **** 
 142:Src/stm32f1xx_hal_msp.c ****   /* USER CODE BEGIN I2C2_MspDeInit 1 */
 143:Src/stm32f1xx_hal_msp.c **** 
 144:Src/stm32f1xx_hal_msp.c ****   /* USER CODE END I2C2_MspDeInit 1 */
 145:Src/stm32f1xx_hal_msp.c ****   }
 146:Src/stm32f1xx_hal_msp.c **** 
 147:Src/stm32f1xx_hal_msp.c **** }
 215              		.loc 1 147 0
 216 0020 F3E7     		b	.L11
 217              	.L16:
 218 0022 00BF     		.align	2
 219              	.L15:
 220 0024 00580040 		.word	1073764352
 221 0028 00100240 		.word	1073876992
 222 002c 000C0140 		.word	1073810432
 223              		.cfi_endproc
 224              	.LFE243:
 226              		.section	.text.HAL_RTC_MspInit,"ax",%progbits
 227              		.align	1
 228              		.global	HAL_RTC_MspInit
 229              		.syntax unified
 230              		.thumb
 231              		.thumb_func
 232              		.fpu softvfp
 234              	HAL_RTC_MspInit:
 235              	.LFB244:
 148:Src/stm32f1xx_hal_msp.c **** 
 149:Src/stm32f1xx_hal_msp.c **** /**
 150:Src/stm32f1xx_hal_msp.c **** * @brief RTC MSP Initialization
 151:Src/stm32f1xx_hal_msp.c **** * This function configures the hardware resources used in this example
 152:Src/stm32f1xx_hal_msp.c **** * @param hrtc: RTC handle pointer
 153:Src/stm32f1xx_hal_msp.c **** * @retval None
 154:Src/stm32f1xx_hal_msp.c **** */
 155:Src/stm32f1xx_hal_msp.c **** void HAL_RTC_MspInit(RTC_HandleTypeDef* hrtc)
 156:Src/stm32f1xx_hal_msp.c **** {
 236              		.loc 1 156 0
 237              		.cfi_startproc
 238              		@ args = 0, pretend = 0, frame = 8
 239              		@ frame_needed = 0, uses_anonymous_args = 0
 240              	.LVL13:
 157:Src/stm32f1xx_hal_msp.c ****   if(hrtc->Instance==RTC)
 241              		.loc 1 157 0
 242 0000 0268     		ldr	r2, [r0]
 243 0002 0C4B     		ldr	r3, .L24
ARM GAS  /tmp/ccvEjzhq.s 			page 8


 244 0004 9A42     		cmp	r2, r3
 245 0006 00D0     		beq	.L23
 246 0008 7047     		bx	lr
 247              	.L23:
 156:Src/stm32f1xx_hal_msp.c ****   if(hrtc->Instance==RTC)
 248              		.loc 1 156 0
 249 000a 00B5     		push	{lr}
 250              	.LCFI7:
 251              		.cfi_def_cfa_offset 4
 252              		.cfi_offset 14, -4
 253 000c 83B0     		sub	sp, sp, #12
 254              	.LCFI8:
 255              		.cfi_def_cfa_offset 16
 158:Src/stm32f1xx_hal_msp.c ****   {
 159:Src/stm32f1xx_hal_msp.c ****   /* USER CODE BEGIN RTC_MspInit 0 */
 160:Src/stm32f1xx_hal_msp.c **** 
 161:Src/stm32f1xx_hal_msp.c ****   /* USER CODE END RTC_MspInit 0 */
 162:Src/stm32f1xx_hal_msp.c ****     HAL_PWR_EnableBkUpAccess();
 256              		.loc 1 162 0
 257 000e FFF7FEFF 		bl	HAL_PWR_EnableBkUpAccess
 258              	.LVL14:
 259              	.LBB7:
 163:Src/stm32f1xx_hal_msp.c ****     /* Enable BKP CLK enable for backup registers */
 164:Src/stm32f1xx_hal_msp.c ****     __HAL_RCC_BKP_CLK_ENABLE();
 260              		.loc 1 164 0
 261 0012 094B     		ldr	r3, .L24+4
 262 0014 DA69     		ldr	r2, [r3, #28]
 263 0016 42F00062 		orr	r2, r2, #134217728
 264 001a DA61     		str	r2, [r3, #28]
 265 001c DB69     		ldr	r3, [r3, #28]
 266 001e 03F00063 		and	r3, r3, #134217728
 267 0022 0193     		str	r3, [sp, #4]
 268 0024 019B     		ldr	r3, [sp, #4]
 269              	.LBE7:
 165:Src/stm32f1xx_hal_msp.c ****     /* Peripheral clock enable */
 166:Src/stm32f1xx_hal_msp.c ****     __HAL_RCC_RTC_ENABLE();
 270              		.loc 1 166 0
 271 0026 0122     		movs	r2, #1
 272 0028 044B     		ldr	r3, .L24+8
 273 002a 1A60     		str	r2, [r3]
 167:Src/stm32f1xx_hal_msp.c ****   /* USER CODE BEGIN RTC_MspInit 1 */
 168:Src/stm32f1xx_hal_msp.c **** 
 169:Src/stm32f1xx_hal_msp.c ****   /* USER CODE END RTC_MspInit 1 */
 170:Src/stm32f1xx_hal_msp.c ****   }
 171:Src/stm32f1xx_hal_msp.c **** 
 172:Src/stm32f1xx_hal_msp.c **** }
 274              		.loc 1 172 0
 275 002c 03B0     		add	sp, sp, #12
 276              	.LCFI9:
 277              		.cfi_def_cfa_offset 4
 278              		@ sp needed
 279 002e 5DF804FB 		ldr	pc, [sp], #4
 280              	.L25:
 281 0032 00BF     		.align	2
 282              	.L24:
 283 0034 00280040 		.word	1073752064
 284 0038 00100240 		.word	1073876992
ARM GAS  /tmp/ccvEjzhq.s 			page 9


 285 003c 3C044242 		.word	1111622716
 286              		.cfi_endproc
 287              	.LFE244:
 289              		.section	.text.HAL_RTC_MspDeInit,"ax",%progbits
 290              		.align	1
 291              		.global	HAL_RTC_MspDeInit
 292              		.syntax unified
 293              		.thumb
 294              		.thumb_func
 295              		.fpu softvfp
 297              	HAL_RTC_MspDeInit:
 298              	.LFB245:
 173:Src/stm32f1xx_hal_msp.c **** 
 174:Src/stm32f1xx_hal_msp.c **** /**
 175:Src/stm32f1xx_hal_msp.c **** * @brief RTC MSP De-Initialization
 176:Src/stm32f1xx_hal_msp.c **** * This function freeze the hardware resources used in this example
 177:Src/stm32f1xx_hal_msp.c **** * @param hrtc: RTC handle pointer
 178:Src/stm32f1xx_hal_msp.c **** * @retval None
 179:Src/stm32f1xx_hal_msp.c **** */
 180:Src/stm32f1xx_hal_msp.c **** void HAL_RTC_MspDeInit(RTC_HandleTypeDef* hrtc)
 181:Src/stm32f1xx_hal_msp.c **** {
 299              		.loc 1 181 0
 300              		.cfi_startproc
 301              		@ args = 0, pretend = 0, frame = 0
 302              		@ frame_needed = 0, uses_anonymous_args = 0
 303              		@ link register save eliminated.
 304              	.LVL15:
 182:Src/stm32f1xx_hal_msp.c ****   if(hrtc->Instance==RTC)
 305              		.loc 1 182 0
 306 0000 0268     		ldr	r2, [r0]
 307 0002 044B     		ldr	r3, .L29
 308 0004 9A42     		cmp	r2, r3
 309 0006 00D0     		beq	.L28
 310              	.L26:
 311 0008 7047     		bx	lr
 312              	.L28:
 183:Src/stm32f1xx_hal_msp.c ****   {
 184:Src/stm32f1xx_hal_msp.c ****   /* USER CODE BEGIN RTC_MspDeInit 0 */
 185:Src/stm32f1xx_hal_msp.c **** 
 186:Src/stm32f1xx_hal_msp.c ****   /* USER CODE END RTC_MspDeInit 0 */
 187:Src/stm32f1xx_hal_msp.c ****     /* Peripheral clock disable */
 188:Src/stm32f1xx_hal_msp.c ****     __HAL_RCC_RTC_DISABLE();
 313              		.loc 1 188 0
 314 000a 0022     		movs	r2, #0
 315 000c 024B     		ldr	r3, .L29+4
 316 000e 1A60     		str	r2, [r3]
 189:Src/stm32f1xx_hal_msp.c ****   /* USER CODE BEGIN RTC_MspDeInit 1 */
 190:Src/stm32f1xx_hal_msp.c **** 
 191:Src/stm32f1xx_hal_msp.c ****   /* USER CODE END RTC_MspDeInit 1 */
 192:Src/stm32f1xx_hal_msp.c ****   }
 193:Src/stm32f1xx_hal_msp.c **** 
 194:Src/stm32f1xx_hal_msp.c **** }
 317              		.loc 1 194 0
 318 0010 FAE7     		b	.L26
 319              	.L30:
 320 0012 00BF     		.align	2
 321              	.L29:
ARM GAS  /tmp/ccvEjzhq.s 			page 10


 322 0014 00280040 		.word	1073752064
 323 0018 3C044242 		.word	1111622716
 324              		.cfi_endproc
 325              	.LFE245:
 327              		.section	.text.HAL_TIM_Base_MspInit,"ax",%progbits
 328              		.align	1
 329              		.global	HAL_TIM_Base_MspInit
 330              		.syntax unified
 331              		.thumb
 332              		.thumb_func
 333              		.fpu softvfp
 335              	HAL_TIM_Base_MspInit:
 336              	.LFB246:
 195:Src/stm32f1xx_hal_msp.c **** 
 196:Src/stm32f1xx_hal_msp.c **** /**
 197:Src/stm32f1xx_hal_msp.c **** * @brief TIM_Base MSP Initialization
 198:Src/stm32f1xx_hal_msp.c **** * This function configures the hardware resources used in this example
 199:Src/stm32f1xx_hal_msp.c **** * @param htim_base: TIM_Base handle pointer
 200:Src/stm32f1xx_hal_msp.c **** * @retval None
 201:Src/stm32f1xx_hal_msp.c **** */
 202:Src/stm32f1xx_hal_msp.c **** void HAL_TIM_Base_MspInit(TIM_HandleTypeDef* htim_base)
 203:Src/stm32f1xx_hal_msp.c **** {
 337              		.loc 1 203 0
 338              		.cfi_startproc
 339              		@ args = 0, pretend = 0, frame = 8
 340              		@ frame_needed = 0, uses_anonymous_args = 0
 341              	.LVL16:
 342 0000 00B5     		push	{lr}
 343              	.LCFI10:
 344              		.cfi_def_cfa_offset 4
 345              		.cfi_offset 14, -4
 346 0002 83B0     		sub	sp, sp, #12
 347              	.LCFI11:
 348              		.cfi_def_cfa_offset 16
 204:Src/stm32f1xx_hal_msp.c ****   if(htim_base->Instance==TIM2)
 349              		.loc 1 204 0
 350 0004 0368     		ldr	r3, [r0]
 351 0006 B3F1804F 		cmp	r3, #1073741824
 352 000a 05D0     		beq	.L35
 205:Src/stm32f1xx_hal_msp.c ****   {
 206:Src/stm32f1xx_hal_msp.c ****   /* USER CODE BEGIN TIM2_MspInit 0 */
 207:Src/stm32f1xx_hal_msp.c **** 
 208:Src/stm32f1xx_hal_msp.c ****   /* USER CODE END TIM2_MspInit 0 */
 209:Src/stm32f1xx_hal_msp.c ****     /* Peripheral clock enable */
 210:Src/stm32f1xx_hal_msp.c ****     __HAL_RCC_TIM2_CLK_ENABLE();
 211:Src/stm32f1xx_hal_msp.c ****     /* TIM2 interrupt Init */
 212:Src/stm32f1xx_hal_msp.c ****     HAL_NVIC_SetPriority(TIM2_IRQn, 0, 0);
 213:Src/stm32f1xx_hal_msp.c ****     HAL_NVIC_EnableIRQ(TIM2_IRQn);
 214:Src/stm32f1xx_hal_msp.c ****   /* USER CODE BEGIN TIM2_MspInit 1 */
 215:Src/stm32f1xx_hal_msp.c **** 
 216:Src/stm32f1xx_hal_msp.c ****   /* USER CODE END TIM2_MspInit 1 */
 217:Src/stm32f1xx_hal_msp.c ****   }
 218:Src/stm32f1xx_hal_msp.c ****   else if(htim_base->Instance==TIM3)
 353              		.loc 1 218 0
 354 000c 164A     		ldr	r2, .L37
 355 000e 9342     		cmp	r3, r2
 356 0010 16D0     		beq	.L36
ARM GAS  /tmp/ccvEjzhq.s 			page 11


 357              	.LVL17:
 358              	.L31:
 219:Src/stm32f1xx_hal_msp.c ****   {
 220:Src/stm32f1xx_hal_msp.c ****   /* USER CODE BEGIN TIM3_MspInit 0 */
 221:Src/stm32f1xx_hal_msp.c **** 
 222:Src/stm32f1xx_hal_msp.c ****   /* USER CODE END TIM3_MspInit 0 */
 223:Src/stm32f1xx_hal_msp.c ****     /* Peripheral clock enable */
 224:Src/stm32f1xx_hal_msp.c ****     __HAL_RCC_TIM3_CLK_ENABLE();
 225:Src/stm32f1xx_hal_msp.c ****     /* TIM3 interrupt Init */
 226:Src/stm32f1xx_hal_msp.c ****     HAL_NVIC_SetPriority(TIM3_IRQn, 0, 0);
 227:Src/stm32f1xx_hal_msp.c ****     HAL_NVIC_EnableIRQ(TIM3_IRQn);
 228:Src/stm32f1xx_hal_msp.c ****   /* USER CODE BEGIN TIM3_MspInit 1 */
 229:Src/stm32f1xx_hal_msp.c **** 
 230:Src/stm32f1xx_hal_msp.c ****   /* USER CODE END TIM3_MspInit 1 */
 231:Src/stm32f1xx_hal_msp.c ****   }
 232:Src/stm32f1xx_hal_msp.c **** 
 233:Src/stm32f1xx_hal_msp.c **** }
 359              		.loc 1 233 0
 360 0012 03B0     		add	sp, sp, #12
 361              	.LCFI12:
 362              		.cfi_remember_state
 363              		.cfi_def_cfa_offset 4
 364              		@ sp needed
 365 0014 5DF804FB 		ldr	pc, [sp], #4
 366              	.LVL18:
 367              	.L35:
 368              	.LCFI13:
 369              		.cfi_restore_state
 370              	.LBB8:
 210:Src/stm32f1xx_hal_msp.c ****     /* TIM2 interrupt Init */
 371              		.loc 1 210 0
 372 0018 03F50433 		add	r3, r3, #135168
 373 001c DA69     		ldr	r2, [r3, #28]
 374 001e 42F00102 		orr	r2, r2, #1
 375 0022 DA61     		str	r2, [r3, #28]
 376 0024 DB69     		ldr	r3, [r3, #28]
 377 0026 03F00103 		and	r3, r3, #1
 378 002a 0093     		str	r3, [sp]
 379 002c 009B     		ldr	r3, [sp]
 380              	.LBE8:
 212:Src/stm32f1xx_hal_msp.c ****     HAL_NVIC_EnableIRQ(TIM2_IRQn);
 381              		.loc 1 212 0
 382 002e 0022     		movs	r2, #0
 383 0030 1146     		mov	r1, r2
 384 0032 1C20     		movs	r0, #28
 385              	.LVL19:
 386 0034 FFF7FEFF 		bl	HAL_NVIC_SetPriority
 387              	.LVL20:
 213:Src/stm32f1xx_hal_msp.c ****   /* USER CODE BEGIN TIM2_MspInit 1 */
 388              		.loc 1 213 0
 389 0038 1C20     		movs	r0, #28
 390 003a FFF7FEFF 		bl	HAL_NVIC_EnableIRQ
 391              	.LVL21:
 392 003e E8E7     		b	.L31
 393              	.LVL22:
 394              	.L36:
 395              	.LBB9:
ARM GAS  /tmp/ccvEjzhq.s 			page 12


 224:Src/stm32f1xx_hal_msp.c ****     /* TIM3 interrupt Init */
 396              		.loc 1 224 0
 397 0040 0A4B     		ldr	r3, .L37+4
 398 0042 DA69     		ldr	r2, [r3, #28]
 399 0044 42F00202 		orr	r2, r2, #2
 400 0048 DA61     		str	r2, [r3, #28]
 401 004a DB69     		ldr	r3, [r3, #28]
 402 004c 03F00203 		and	r3, r3, #2
 403 0050 0193     		str	r3, [sp, #4]
 404 0052 019B     		ldr	r3, [sp, #4]
 405              	.LBE9:
 226:Src/stm32f1xx_hal_msp.c ****     HAL_NVIC_EnableIRQ(TIM3_IRQn);
 406              		.loc 1 226 0
 407 0054 0022     		movs	r2, #0
 408 0056 1146     		mov	r1, r2
 409 0058 1D20     		movs	r0, #29
 410              	.LVL23:
 411 005a FFF7FEFF 		bl	HAL_NVIC_SetPriority
 412              	.LVL24:
 227:Src/stm32f1xx_hal_msp.c ****   /* USER CODE BEGIN TIM3_MspInit 1 */
 413              		.loc 1 227 0
 414 005e 1D20     		movs	r0, #29
 415 0060 FFF7FEFF 		bl	HAL_NVIC_EnableIRQ
 416              	.LVL25:
 417              		.loc 1 233 0
 418 0064 D5E7     		b	.L31
 419              	.L38:
 420 0066 00BF     		.align	2
 421              	.L37:
 422 0068 00040040 		.word	1073742848
 423 006c 00100240 		.word	1073876992
 424              		.cfi_endproc
 425              	.LFE246:
 427              		.section	.text.HAL_TIM_MspPostInit,"ax",%progbits
 428              		.align	1
 429              		.global	HAL_TIM_MspPostInit
 430              		.syntax unified
 431              		.thumb
 432              		.thumb_func
 433              		.fpu softvfp
 435              	HAL_TIM_MspPostInit:
 436              	.LFB247:
 234:Src/stm32f1xx_hal_msp.c **** 
 235:Src/stm32f1xx_hal_msp.c **** void HAL_TIM_MspPostInit(TIM_HandleTypeDef* htim)
 236:Src/stm32f1xx_hal_msp.c **** {
 437              		.loc 1 236 0
 438              		.cfi_startproc
 439              		@ args = 0, pretend = 0, frame = 24
 440              		@ frame_needed = 0, uses_anonymous_args = 0
 441              	.LVL26:
 442 0000 00B5     		push	{lr}
 443              	.LCFI14:
 444              		.cfi_def_cfa_offset 4
 445              		.cfi_offset 14, -4
 446 0002 87B0     		sub	sp, sp, #28
 447              	.LCFI15:
 448              		.cfi_def_cfa_offset 32
ARM GAS  /tmp/ccvEjzhq.s 			page 13


 237:Src/stm32f1xx_hal_msp.c ****   GPIO_InitTypeDef GPIO_InitStruct = {0};
 449              		.loc 1 237 0
 450 0004 0023     		movs	r3, #0
 451 0006 0293     		str	r3, [sp, #8]
 452 0008 0393     		str	r3, [sp, #12]
 453 000a 0493     		str	r3, [sp, #16]
 454 000c 0593     		str	r3, [sp, #20]
 238:Src/stm32f1xx_hal_msp.c ****   if(htim->Instance==TIM3)
 455              		.loc 1 238 0
 456 000e 0268     		ldr	r2, [r0]
 457 0010 0D4B     		ldr	r3, .L43
 458 0012 9A42     		cmp	r2, r3
 459 0014 02D0     		beq	.L42
 460              	.LVL27:
 461              	.L39:
 239:Src/stm32f1xx_hal_msp.c ****   {
 240:Src/stm32f1xx_hal_msp.c ****   /* USER CODE BEGIN TIM3_MspPostInit 0 */
 241:Src/stm32f1xx_hal_msp.c **** 
 242:Src/stm32f1xx_hal_msp.c ****   /* USER CODE END TIM3_MspPostInit 0 */
 243:Src/stm32f1xx_hal_msp.c ****   
 244:Src/stm32f1xx_hal_msp.c ****     __HAL_RCC_GPIOA_CLK_ENABLE();
 245:Src/stm32f1xx_hal_msp.c ****     /**TIM3 GPIO Configuration    
 246:Src/stm32f1xx_hal_msp.c ****     PA6     ------> TIM3_CH1
 247:Src/stm32f1xx_hal_msp.c ****     PA7     ------> TIM3_CH2 
 248:Src/stm32f1xx_hal_msp.c ****     */
 249:Src/stm32f1xx_hal_msp.c ****     GPIO_InitStruct.Pin = GPIO_PIN_6|GPIO_PIN_7;
 250:Src/stm32f1xx_hal_msp.c ****     GPIO_InitStruct.Mode = GPIO_MODE_AF_PP;
 251:Src/stm32f1xx_hal_msp.c ****     GPIO_InitStruct.Speed = GPIO_SPEED_FREQ_LOW;
 252:Src/stm32f1xx_hal_msp.c ****     HAL_GPIO_Init(GPIOA, &GPIO_InitStruct);
 253:Src/stm32f1xx_hal_msp.c **** 
 254:Src/stm32f1xx_hal_msp.c ****   /* USER CODE BEGIN TIM3_MspPostInit 1 */
 255:Src/stm32f1xx_hal_msp.c **** 
 256:Src/stm32f1xx_hal_msp.c ****   /* USER CODE END TIM3_MspPostInit 1 */
 257:Src/stm32f1xx_hal_msp.c ****   }
 258:Src/stm32f1xx_hal_msp.c **** 
 259:Src/stm32f1xx_hal_msp.c **** }
 462              		.loc 1 259 0
 463 0016 07B0     		add	sp, sp, #28
 464              	.LCFI16:
 465              		.cfi_remember_state
 466              		.cfi_def_cfa_offset 4
 467              		@ sp needed
 468 0018 5DF804FB 		ldr	pc, [sp], #4
 469              	.LVL28:
 470              	.L42:
 471              	.LCFI17:
 472              		.cfi_restore_state
 473              	.LBB10:
 244:Src/stm32f1xx_hal_msp.c ****     /**TIM3 GPIO Configuration    
 474              		.loc 1 244 0
 475 001c 03F50333 		add	r3, r3, #134144
 476 0020 9A69     		ldr	r2, [r3, #24]
 477 0022 42F00402 		orr	r2, r2, #4
 478 0026 9A61     		str	r2, [r3, #24]
 479 0028 9B69     		ldr	r3, [r3, #24]
 480 002a 03F00403 		and	r3, r3, #4
 481 002e 0193     		str	r3, [sp, #4]
ARM GAS  /tmp/ccvEjzhq.s 			page 14


 482 0030 019B     		ldr	r3, [sp, #4]
 483              	.LBE10:
 249:Src/stm32f1xx_hal_msp.c ****     GPIO_InitStruct.Mode = GPIO_MODE_AF_PP;
 484              		.loc 1 249 0
 485 0032 C023     		movs	r3, #192
 486 0034 0293     		str	r3, [sp, #8]
 250:Src/stm32f1xx_hal_msp.c ****     GPIO_InitStruct.Speed = GPIO_SPEED_FREQ_LOW;
 487              		.loc 1 250 0
 488 0036 0223     		movs	r3, #2
 489 0038 0393     		str	r3, [sp, #12]
 251:Src/stm32f1xx_hal_msp.c ****     HAL_GPIO_Init(GPIOA, &GPIO_InitStruct);
 490              		.loc 1 251 0
 491 003a 0593     		str	r3, [sp, #20]
 252:Src/stm32f1xx_hal_msp.c **** 
 492              		.loc 1 252 0
 493 003c 02A9     		add	r1, sp, #8
 494 003e 0348     		ldr	r0, .L43+4
 495              	.LVL29:
 496 0040 FFF7FEFF 		bl	HAL_GPIO_Init
 497              	.LVL30:
 498              		.loc 1 259 0
 499 0044 E7E7     		b	.L39
 500              	.L44:
 501 0046 00BF     		.align	2
 502              	.L43:
 503 0048 00040040 		.word	1073742848
 504 004c 00080140 		.word	1073809408
 505              		.cfi_endproc
 506              	.LFE247:
 508              		.section	.text.HAL_TIM_Base_MspDeInit,"ax",%progbits
 509              		.align	1
 510              		.global	HAL_TIM_Base_MspDeInit
 511              		.syntax unified
 512              		.thumb
 513              		.thumb_func
 514              		.fpu softvfp
 516              	HAL_TIM_Base_MspDeInit:
 517              	.LFB248:
 260:Src/stm32f1xx_hal_msp.c **** /**
 261:Src/stm32f1xx_hal_msp.c **** * @brief TIM_Base MSP De-Initialization
 262:Src/stm32f1xx_hal_msp.c **** * This function freeze the hardware resources used in this example
 263:Src/stm32f1xx_hal_msp.c **** * @param htim_base: TIM_Base handle pointer
 264:Src/stm32f1xx_hal_msp.c **** * @retval None
 265:Src/stm32f1xx_hal_msp.c **** */
 266:Src/stm32f1xx_hal_msp.c **** void HAL_TIM_Base_MspDeInit(TIM_HandleTypeDef* htim_base)
 267:Src/stm32f1xx_hal_msp.c **** {
 518              		.loc 1 267 0
 519              		.cfi_startproc
 520              		@ args = 0, pretend = 0, frame = 0
 521              		@ frame_needed = 0, uses_anonymous_args = 0
 522              	.LVL31:
 523 0000 08B5     		push	{r3, lr}
 524              	.LCFI18:
 525              		.cfi_def_cfa_offset 8
 526              		.cfi_offset 3, -8
 527              		.cfi_offset 14, -4
 268:Src/stm32f1xx_hal_msp.c ****   if(htim_base->Instance==TIM2)
ARM GAS  /tmp/ccvEjzhq.s 			page 15


 528              		.loc 1 268 0
 529 0002 0368     		ldr	r3, [r0]
 530 0004 B3F1804F 		cmp	r3, #1073741824
 531 0008 03D0     		beq	.L49
 269:Src/stm32f1xx_hal_msp.c ****   {
 270:Src/stm32f1xx_hal_msp.c ****   /* USER CODE BEGIN TIM2_MspDeInit 0 */
 271:Src/stm32f1xx_hal_msp.c **** 
 272:Src/stm32f1xx_hal_msp.c ****   /* USER CODE END TIM2_MspDeInit 0 */
 273:Src/stm32f1xx_hal_msp.c ****     /* Peripheral clock disable */
 274:Src/stm32f1xx_hal_msp.c ****     __HAL_RCC_TIM2_CLK_DISABLE();
 275:Src/stm32f1xx_hal_msp.c **** 
 276:Src/stm32f1xx_hal_msp.c ****     /* TIM2 interrupt DeInit */
 277:Src/stm32f1xx_hal_msp.c ****     HAL_NVIC_DisableIRQ(TIM2_IRQn);
 278:Src/stm32f1xx_hal_msp.c ****   /* USER CODE BEGIN TIM2_MspDeInit 1 */
 279:Src/stm32f1xx_hal_msp.c **** 
 280:Src/stm32f1xx_hal_msp.c ****   /* USER CODE END TIM2_MspDeInit 1 */
 281:Src/stm32f1xx_hal_msp.c ****   }
 282:Src/stm32f1xx_hal_msp.c ****   else if(htim_base->Instance==TIM3)
 532              		.loc 1 282 0
 533 000a 0B4A     		ldr	r2, .L51
 534 000c 9342     		cmp	r3, r2
 535 000e 09D0     		beq	.L50
 536              	.LVL32:
 537              	.L45:
 538 0010 08BD     		pop	{r3, pc}
 539              	.LVL33:
 540              	.L49:
 274:Src/stm32f1xx_hal_msp.c **** 
 541              		.loc 1 274 0
 542 0012 0A4A     		ldr	r2, .L51+4
 543 0014 D369     		ldr	r3, [r2, #28]
 544 0016 23F00103 		bic	r3, r3, #1
 545 001a D361     		str	r3, [r2, #28]
 277:Src/stm32f1xx_hal_msp.c ****   /* USER CODE BEGIN TIM2_MspDeInit 1 */
 546              		.loc 1 277 0
 547 001c 1C20     		movs	r0, #28
 548              	.LVL34:
 549 001e FFF7FEFF 		bl	HAL_NVIC_DisableIRQ
 550              	.LVL35:
 551 0022 08BD     		pop	{r3, pc}
 552              	.LVL36:
 553              	.L50:
 283:Src/stm32f1xx_hal_msp.c ****   {
 284:Src/stm32f1xx_hal_msp.c ****   /* USER CODE BEGIN TIM3_MspDeInit 0 */
 285:Src/stm32f1xx_hal_msp.c **** 
 286:Src/stm32f1xx_hal_msp.c ****   /* USER CODE END TIM3_MspDeInit 0 */
 287:Src/stm32f1xx_hal_msp.c ****     /* Peripheral clock disable */
 288:Src/stm32f1xx_hal_msp.c ****     __HAL_RCC_TIM3_CLK_DISABLE();
 554              		.loc 1 288 0
 555 0024 02F50332 		add	r2, r2, #134144
 556 0028 D369     		ldr	r3, [r2, #28]
 557 002a 23F00203 		bic	r3, r3, #2
 558 002e D361     		str	r3, [r2, #28]
 289:Src/stm32f1xx_hal_msp.c **** 
 290:Src/stm32f1xx_hal_msp.c ****     /* TIM3 interrupt DeInit */
 291:Src/stm32f1xx_hal_msp.c ****     HAL_NVIC_DisableIRQ(TIM3_IRQn);
 559              		.loc 1 291 0
ARM GAS  /tmp/ccvEjzhq.s 			page 16


 560 0030 1D20     		movs	r0, #29
 561              	.LVL37:
 562 0032 FFF7FEFF 		bl	HAL_NVIC_DisableIRQ
 563              	.LVL38:
 292:Src/stm32f1xx_hal_msp.c ****   /* USER CODE BEGIN TIM3_MspDeInit 1 */
 293:Src/stm32f1xx_hal_msp.c **** 
 294:Src/stm32f1xx_hal_msp.c ****   /* USER CODE END TIM3_MspDeInit 1 */
 295:Src/stm32f1xx_hal_msp.c ****   }
 296:Src/stm32f1xx_hal_msp.c **** 
 297:Src/stm32f1xx_hal_msp.c **** }
 564              		.loc 1 297 0
 565 0036 EBE7     		b	.L45
 566              	.L52:
 567              		.align	2
 568              	.L51:
 569 0038 00040040 		.word	1073742848
 570 003c 00100240 		.word	1073876992
 571              		.cfi_endproc
 572              	.LFE248:
 574              		.section	.text.HAL_UART_MspInit,"ax",%progbits
 575              		.align	1
 576              		.global	HAL_UART_MspInit
 577              		.syntax unified
 578              		.thumb
 579              		.thumb_func
 580              		.fpu softvfp
 582              	HAL_UART_MspInit:
 583              	.LFB249:
 298:Src/stm32f1xx_hal_msp.c **** 
 299:Src/stm32f1xx_hal_msp.c **** /**
 300:Src/stm32f1xx_hal_msp.c **** * @brief UART MSP Initialization
 301:Src/stm32f1xx_hal_msp.c **** * This function configures the hardware resources used in this example
 302:Src/stm32f1xx_hal_msp.c **** * @param huart: UART handle pointer
 303:Src/stm32f1xx_hal_msp.c **** * @retval None
 304:Src/stm32f1xx_hal_msp.c **** */
 305:Src/stm32f1xx_hal_msp.c **** void HAL_UART_MspInit(UART_HandleTypeDef* huart)
 306:Src/stm32f1xx_hal_msp.c **** {
 584              		.loc 1 306 0
 585              		.cfi_startproc
 586              		@ args = 0, pretend = 0, frame = 24
 587              		@ frame_needed = 0, uses_anonymous_args = 0
 588              	.LVL39:
 589 0000 10B5     		push	{r4, lr}
 590              	.LCFI19:
 591              		.cfi_def_cfa_offset 8
 592              		.cfi_offset 4, -8
 593              		.cfi_offset 14, -4
 594 0002 86B0     		sub	sp, sp, #24
 595              	.LCFI20:
 596              		.cfi_def_cfa_offset 32
 307:Src/stm32f1xx_hal_msp.c ****   GPIO_InitTypeDef GPIO_InitStruct = {0};
 597              		.loc 1 307 0
 598 0004 0023     		movs	r3, #0
 599 0006 0293     		str	r3, [sp, #8]
 600 0008 0393     		str	r3, [sp, #12]
 601 000a 0493     		str	r3, [sp, #16]
 602 000c 0593     		str	r3, [sp, #20]
ARM GAS  /tmp/ccvEjzhq.s 			page 17


 308:Src/stm32f1xx_hal_msp.c ****   if(huart->Instance==USART1)
 603              		.loc 1 308 0
 604 000e 0268     		ldr	r2, [r0]
 605 0010 1A4B     		ldr	r3, .L57
 606 0012 9A42     		cmp	r2, r3
 607 0014 01D0     		beq	.L56
 608              	.LVL40:
 609              	.L53:
 309:Src/stm32f1xx_hal_msp.c ****   {
 310:Src/stm32f1xx_hal_msp.c ****   /* USER CODE BEGIN USART1_MspInit 0 */
 311:Src/stm32f1xx_hal_msp.c **** 
 312:Src/stm32f1xx_hal_msp.c ****   /* USER CODE END USART1_MspInit 0 */
 313:Src/stm32f1xx_hal_msp.c ****     /* Peripheral clock enable */
 314:Src/stm32f1xx_hal_msp.c ****     __HAL_RCC_USART1_CLK_ENABLE();
 315:Src/stm32f1xx_hal_msp.c ****   
 316:Src/stm32f1xx_hal_msp.c ****     __HAL_RCC_GPIOB_CLK_ENABLE();
 317:Src/stm32f1xx_hal_msp.c ****     /**USART1 GPIO Configuration    
 318:Src/stm32f1xx_hal_msp.c ****     PB6     ------> USART1_TX
 319:Src/stm32f1xx_hal_msp.c ****     PB7     ------> USART1_RX 
 320:Src/stm32f1xx_hal_msp.c ****     */
 321:Src/stm32f1xx_hal_msp.c ****     GPIO_InitStruct.Pin = GPIO_PIN_6;
 322:Src/stm32f1xx_hal_msp.c ****     GPIO_InitStruct.Mode = GPIO_MODE_AF_PP;
 323:Src/stm32f1xx_hal_msp.c ****     GPIO_InitStruct.Speed = GPIO_SPEED_FREQ_HIGH;
 324:Src/stm32f1xx_hal_msp.c ****     HAL_GPIO_Init(GPIOB, &GPIO_InitStruct);
 325:Src/stm32f1xx_hal_msp.c **** 
 326:Src/stm32f1xx_hal_msp.c ****     GPIO_InitStruct.Pin = GPIO_PIN_7;
 327:Src/stm32f1xx_hal_msp.c ****     GPIO_InitStruct.Mode = GPIO_MODE_INPUT;
 328:Src/stm32f1xx_hal_msp.c ****     GPIO_InitStruct.Pull = GPIO_NOPULL;
 329:Src/stm32f1xx_hal_msp.c ****     HAL_GPIO_Init(GPIOB, &GPIO_InitStruct);
 330:Src/stm32f1xx_hal_msp.c **** 
 331:Src/stm32f1xx_hal_msp.c ****     __HAL_AFIO_REMAP_USART1_ENABLE();
 332:Src/stm32f1xx_hal_msp.c **** 
 333:Src/stm32f1xx_hal_msp.c ****   /* USER CODE BEGIN USART1_MspInit 1 */
 334:Src/stm32f1xx_hal_msp.c **** 
 335:Src/stm32f1xx_hal_msp.c ****   /* USER CODE END USART1_MspInit 1 */
 336:Src/stm32f1xx_hal_msp.c ****   }
 337:Src/stm32f1xx_hal_msp.c **** 
 338:Src/stm32f1xx_hal_msp.c **** }
 610              		.loc 1 338 0
 611 0016 06B0     		add	sp, sp, #24
 612              	.LCFI21:
 613              		.cfi_remember_state
 614              		.cfi_def_cfa_offset 8
 615              		@ sp needed
 616 0018 10BD     		pop	{r4, pc}
 617              	.LVL41:
 618              	.L56:
 619              	.LCFI22:
 620              		.cfi_restore_state
 621              	.LBB11:
 314:Src/stm32f1xx_hal_msp.c ****   
 622              		.loc 1 314 0
 623 001a 03F55843 		add	r3, r3, #55296
 624 001e 9A69     		ldr	r2, [r3, #24]
 625 0020 42F48042 		orr	r2, r2, #16384
 626 0024 9A61     		str	r2, [r3, #24]
 627 0026 9A69     		ldr	r2, [r3, #24]
ARM GAS  /tmp/ccvEjzhq.s 			page 18


 628 0028 02F48042 		and	r2, r2, #16384
 629 002c 0092     		str	r2, [sp]
 630 002e 009A     		ldr	r2, [sp]
 631              	.LBE11:
 632              	.LBB12:
 316:Src/stm32f1xx_hal_msp.c ****     /**USART1 GPIO Configuration    
 633              		.loc 1 316 0
 634 0030 9A69     		ldr	r2, [r3, #24]
 635 0032 42F00802 		orr	r2, r2, #8
 636 0036 9A61     		str	r2, [r3, #24]
 637 0038 9B69     		ldr	r3, [r3, #24]
 638 003a 03F00803 		and	r3, r3, #8
 639 003e 0193     		str	r3, [sp, #4]
 640 0040 019B     		ldr	r3, [sp, #4]
 641              	.LBE12:
 321:Src/stm32f1xx_hal_msp.c ****     GPIO_InitStruct.Mode = GPIO_MODE_AF_PP;
 642              		.loc 1 321 0
 643 0042 4023     		movs	r3, #64
 644 0044 0293     		str	r3, [sp, #8]
 322:Src/stm32f1xx_hal_msp.c ****     GPIO_InitStruct.Speed = GPIO_SPEED_FREQ_HIGH;
 645              		.loc 1 322 0
 646 0046 0223     		movs	r3, #2
 647 0048 0393     		str	r3, [sp, #12]
 323:Src/stm32f1xx_hal_msp.c ****     HAL_GPIO_Init(GPIOB, &GPIO_InitStruct);
 648              		.loc 1 323 0
 649 004a 0323     		movs	r3, #3
 650 004c 0593     		str	r3, [sp, #20]
 324:Src/stm32f1xx_hal_msp.c **** 
 651              		.loc 1 324 0
 652 004e 0C4C     		ldr	r4, .L57+4
 653 0050 02A9     		add	r1, sp, #8
 654 0052 2046     		mov	r0, r4
 655              	.LVL42:
 656 0054 FFF7FEFF 		bl	HAL_GPIO_Init
 657              	.LVL43:
 326:Src/stm32f1xx_hal_msp.c ****     GPIO_InitStruct.Mode = GPIO_MODE_INPUT;
 658              		.loc 1 326 0
 659 0058 8023     		movs	r3, #128
 660 005a 0293     		str	r3, [sp, #8]
 327:Src/stm32f1xx_hal_msp.c ****     GPIO_InitStruct.Pull = GPIO_NOPULL;
 661              		.loc 1 327 0
 662 005c 0023     		movs	r3, #0
 663 005e 0393     		str	r3, [sp, #12]
 328:Src/stm32f1xx_hal_msp.c ****     HAL_GPIO_Init(GPIOB, &GPIO_InitStruct);
 664              		.loc 1 328 0
 665 0060 0493     		str	r3, [sp, #16]
 329:Src/stm32f1xx_hal_msp.c **** 
 666              		.loc 1 329 0
 667 0062 02A9     		add	r1, sp, #8
 668 0064 2046     		mov	r0, r4
 669 0066 FFF7FEFF 		bl	HAL_GPIO_Init
 670              	.LVL44:
 671              	.LBB13:
 331:Src/stm32f1xx_hal_msp.c **** 
 672              		.loc 1 331 0
 673 006a 064A     		ldr	r2, .L57+8
 674 006c 5368     		ldr	r3, [r2, #4]
ARM GAS  /tmp/ccvEjzhq.s 			page 19


 675              	.LVL45:
 676 006e 43F0E063 		orr	r3, r3, #117440512
 677              	.LVL46:
 678 0072 43F00403 		orr	r3, r3, #4
 679              	.LVL47:
 680 0076 5360     		str	r3, [r2, #4]
 681              	.LBE13:
 682              		.loc 1 338 0
 683 0078 CDE7     		b	.L53
 684              	.L58:
 685 007a 00BF     		.align	2
 686              	.L57:
 687 007c 00380140 		.word	1073821696
 688 0080 000C0140 		.word	1073810432
 689 0084 00000140 		.word	1073807360
 690              		.cfi_endproc
 691              	.LFE249:
 693              		.section	.text.HAL_UART_MspDeInit,"ax",%progbits
 694              		.align	1
 695              		.global	HAL_UART_MspDeInit
 696              		.syntax unified
 697              		.thumb
 698              		.thumb_func
 699              		.fpu softvfp
 701              	HAL_UART_MspDeInit:
 702              	.LFB250:
 339:Src/stm32f1xx_hal_msp.c **** 
 340:Src/stm32f1xx_hal_msp.c **** /**
 341:Src/stm32f1xx_hal_msp.c **** * @brief UART MSP De-Initialization
 342:Src/stm32f1xx_hal_msp.c **** * This function freeze the hardware resources used in this example
 343:Src/stm32f1xx_hal_msp.c **** * @param huart: UART handle pointer
 344:Src/stm32f1xx_hal_msp.c **** * @retval None
 345:Src/stm32f1xx_hal_msp.c **** */
 346:Src/stm32f1xx_hal_msp.c **** void HAL_UART_MspDeInit(UART_HandleTypeDef* huart)
 347:Src/stm32f1xx_hal_msp.c **** {
 703              		.loc 1 347 0
 704              		.cfi_startproc
 705              		@ args = 0, pretend = 0, frame = 0
 706              		@ frame_needed = 0, uses_anonymous_args = 0
 707              	.LVL48:
 708 0000 08B5     		push	{r3, lr}
 709              	.LCFI23:
 710              		.cfi_def_cfa_offset 8
 711              		.cfi_offset 3, -8
 712              		.cfi_offset 14, -4
 348:Src/stm32f1xx_hal_msp.c ****   if(huart->Instance==USART1)
 713              		.loc 1 348 0
 714 0002 0268     		ldr	r2, [r0]
 715 0004 064B     		ldr	r3, .L63
 716 0006 9A42     		cmp	r2, r3
 717 0008 00D0     		beq	.L62
 718              	.LVL49:
 719              	.L59:
 720 000a 08BD     		pop	{r3, pc}
 721              	.LVL50:
 722              	.L62:
 349:Src/stm32f1xx_hal_msp.c ****   {
ARM GAS  /tmp/ccvEjzhq.s 			page 20


 350:Src/stm32f1xx_hal_msp.c ****   /* USER CODE BEGIN USART1_MspDeInit 0 */
 351:Src/stm32f1xx_hal_msp.c **** 
 352:Src/stm32f1xx_hal_msp.c ****   /* USER CODE END USART1_MspDeInit 0 */
 353:Src/stm32f1xx_hal_msp.c ****     /* Peripheral clock disable */
 354:Src/stm32f1xx_hal_msp.c ****     __HAL_RCC_USART1_CLK_DISABLE();
 723              		.loc 1 354 0
 724 000c 054A     		ldr	r2, .L63+4
 725 000e 9369     		ldr	r3, [r2, #24]
 726 0010 23F48043 		bic	r3, r3, #16384
 727 0014 9361     		str	r3, [r2, #24]
 355:Src/stm32f1xx_hal_msp.c ****   
 356:Src/stm32f1xx_hal_msp.c ****     /**USART1 GPIO Configuration    
 357:Src/stm32f1xx_hal_msp.c ****     PB6     ------> USART1_TX
 358:Src/stm32f1xx_hal_msp.c ****     PB7     ------> USART1_RX 
 359:Src/stm32f1xx_hal_msp.c ****     */
 360:Src/stm32f1xx_hal_msp.c ****     HAL_GPIO_DeInit(GPIOB, GPIO_PIN_6|GPIO_PIN_7);
 728              		.loc 1 360 0
 729 0016 C021     		movs	r1, #192
 730 0018 0348     		ldr	r0, .L63+8
 731              	.LVL51:
 732 001a FFF7FEFF 		bl	HAL_GPIO_DeInit
 733              	.LVL52:
 361:Src/stm32f1xx_hal_msp.c **** 
 362:Src/stm32f1xx_hal_msp.c ****   /* USER CODE BEGIN USART1_MspDeInit 1 */
 363:Src/stm32f1xx_hal_msp.c **** 
 364:Src/stm32f1xx_hal_msp.c ****   /* USER CODE END USART1_MspDeInit 1 */
 365:Src/stm32f1xx_hal_msp.c ****   }
 366:Src/stm32f1xx_hal_msp.c **** 
 367:Src/stm32f1xx_hal_msp.c **** }
 734              		.loc 1 367 0
 735 001e F4E7     		b	.L59
 736              	.L64:
 737              		.align	2
 738              	.L63:
 739 0020 00380140 		.word	1073821696
 740 0024 00100240 		.word	1073876992
 741 0028 000C0140 		.word	1073810432
 742              		.cfi_endproc
 743              	.LFE250:
 745              		.text
 746              	.Letext0:
 747              		.file 2 "/usr/include/newlib/machine/_default_types.h"
 748              		.file 3 "/usr/include/newlib/sys/_stdint.h"
 749              		.file 4 "Drivers/CMSIS/Include/core_cm3.h"
 750              		.file 5 "Drivers/CMSIS/Device/ST/STM32F1xx/Include/system_stm32f1xx.h"
 751              		.file 6 "Drivers/CMSIS/Device/ST/STM32F1xx/Include/stm32f103xb.h"
 752              		.file 7 "Drivers/CMSIS/Device/ST/STM32F1xx/Include/stm32f1xx.h"
 753              		.file 8 "Drivers/STM32F1xx_HAL_Driver/Inc/stm32f1xx_hal_def.h"
 754              		.file 9 "Drivers/STM32F1xx_HAL_Driver/Inc/stm32f1xx_hal_gpio.h"
 755              		.file 10 "Drivers/STM32F1xx_HAL_Driver/Inc/stm32f1xx_hal_dma.h"
 756              		.file 11 "Drivers/STM32F1xx_HAL_Driver/Inc/stm32f1xx_hal_i2c.h"
 757              		.file 12 "Drivers/STM32F1xx_HAL_Driver/Inc/stm32f1xx_hal_rtc.h"
 758              		.file 13 "Drivers/STM32F1xx_HAL_Driver/Inc/stm32f1xx_hal_tim.h"
 759              		.file 14 "Drivers/STM32F1xx_HAL_Driver/Inc/stm32f1xx_hal_uart.h"
 760              		.file 15 "Drivers/STM32F1xx_HAL_Driver/Inc/stm32f1xx_hal.h"
 761              		.file 16 "Drivers/STM32F1xx_HAL_Driver/Inc/stm32f1xx_ll_tim.h"
 762              		.file 17 "Drivers/STM32F1xx_HAL_Driver/Inc/stm32f1xx_hal_cortex.h"
ARM GAS  /tmp/ccvEjzhq.s 			page 21


 763              		.file 18 "Drivers/STM32F1xx_HAL_Driver/Inc/stm32f1xx_hal_pwr.h"
ARM GAS  /tmp/ccvEjzhq.s 			page 22


DEFINED SYMBOLS
                            *ABS*:0000000000000000 stm32f1xx_hal_msp.c
     /tmp/ccvEjzhq.s:16     .text.HAL_MspInit:0000000000000000 $t
     /tmp/ccvEjzhq.s:23     .text.HAL_MspInit:0000000000000000 HAL_MspInit
     /tmp/ccvEjzhq.s:75     .text.HAL_MspInit:000000000000003c $d
     /tmp/ccvEjzhq.s:81     .text.HAL_I2C_MspInit:0000000000000000 $t
     /tmp/ccvEjzhq.s:88     .text.HAL_I2C_MspInit:0000000000000000 HAL_I2C_MspInit
     /tmp/ccvEjzhq.s:168    .text.HAL_I2C_MspInit:0000000000000058 $d
     /tmp/ccvEjzhq.s:175    .text.HAL_I2C_MspDeInit:0000000000000000 $t
     /tmp/ccvEjzhq.s:182    .text.HAL_I2C_MspDeInit:0000000000000000 HAL_I2C_MspDeInit
     /tmp/ccvEjzhq.s:220    .text.HAL_I2C_MspDeInit:0000000000000024 $d
     /tmp/ccvEjzhq.s:227    .text.HAL_RTC_MspInit:0000000000000000 $t
     /tmp/ccvEjzhq.s:234    .text.HAL_RTC_MspInit:0000000000000000 HAL_RTC_MspInit
     /tmp/ccvEjzhq.s:283    .text.HAL_RTC_MspInit:0000000000000034 $d
     /tmp/ccvEjzhq.s:290    .text.HAL_RTC_MspDeInit:0000000000000000 $t
     /tmp/ccvEjzhq.s:297    .text.HAL_RTC_MspDeInit:0000000000000000 HAL_RTC_MspDeInit
     /tmp/ccvEjzhq.s:322    .text.HAL_RTC_MspDeInit:0000000000000014 $d
     /tmp/ccvEjzhq.s:328    .text.HAL_TIM_Base_MspInit:0000000000000000 $t
     /tmp/ccvEjzhq.s:335    .text.HAL_TIM_Base_MspInit:0000000000000000 HAL_TIM_Base_MspInit
     /tmp/ccvEjzhq.s:422    .text.HAL_TIM_Base_MspInit:0000000000000068 $d
     /tmp/ccvEjzhq.s:428    .text.HAL_TIM_MspPostInit:0000000000000000 $t
     /tmp/ccvEjzhq.s:435    .text.HAL_TIM_MspPostInit:0000000000000000 HAL_TIM_MspPostInit
     /tmp/ccvEjzhq.s:503    .text.HAL_TIM_MspPostInit:0000000000000048 $d
     /tmp/ccvEjzhq.s:509    .text.HAL_TIM_Base_MspDeInit:0000000000000000 $t
     /tmp/ccvEjzhq.s:516    .text.HAL_TIM_Base_MspDeInit:0000000000000000 HAL_TIM_Base_MspDeInit
     /tmp/ccvEjzhq.s:569    .text.HAL_TIM_Base_MspDeInit:0000000000000038 $d
     /tmp/ccvEjzhq.s:575    .text.HAL_UART_MspInit:0000000000000000 $t
     /tmp/ccvEjzhq.s:582    .text.HAL_UART_MspInit:0000000000000000 HAL_UART_MspInit
     /tmp/ccvEjzhq.s:687    .text.HAL_UART_MspInit:000000000000007c $d
     /tmp/ccvEjzhq.s:694    .text.HAL_UART_MspDeInit:0000000000000000 $t
     /tmp/ccvEjzhq.s:701    .text.HAL_UART_MspDeInit:0000000000000000 HAL_UART_MspDeInit
     /tmp/ccvEjzhq.s:739    .text.HAL_UART_MspDeInit:0000000000000020 $d
                     .debug_frame:0000000000000010 $d

UNDEFINED SYMBOLS
HAL_GPIO_Init
HAL_GPIO_DeInit
HAL_PWR_EnableBkUpAccess
HAL_NVIC_SetPriority
HAL_NVIC_EnableIRQ
HAL_NVIC_DisableIRQ
